DEBUG:asyncio:Using selector: EpollSelector
DEBUG:asyncio:Using selector: EpollSelector
DEBUG:asyncio:Using selector: EpollSelector
DEBUG:asyncio:Using selector: EpollSelector
DEBUG:asyncio:Using selector: EpollSelector
DEBUG:asyncio:Using selector: EpollSelector
DEBUG:asyncio:Using selector: EpollSelector
INFO:werkzeug: * Running on http://127.0.0.1:5000/ (Press CTRL+C to quit)
INFO:werkzeug:127.0.0.1 - - [15/Jul/2020 12:33:10] "GET /static/css/main.c6281679.chunk.css HTTP/1.1" 200 -
INFO:werkzeug:127.0.0.1 - - [15/Jul/2020 12:33:10] "GET /static/js/main.ee95e428.chunk.js HTTP/1.1" 404 -
INFO:werkzeug:127.0.0.1 - - [15/Jul/2020 12:33:11] "GET /favicon.ico HTTP/1.1" 200 -
INFO:werkzeug:127.0.0.1 - - [15/Jul/2020 12:33:13] "POST /auth HTTP/1.1" 201 -
INFO:werkzeug:127.0.0.1 - - [15/Jul/2020 12:33:13] "GET /api/saltReturns/apply/20200715000000000000/20200715235959595959 HTTP/1.1" 200 -
INFO:werkzeug:127.0.0.1 - - [15/Jul/2020 12:33:13] "GET /api/saltReturns/apply/20200715000000000000/20200715235959595959 HTTP/1.1" 200 -
INFO:werkzeug:127.0.0.1 - - [15/Jul/2020 12:33:13] "GET /api/saltReturns/apply/20200701000000000000/20200731235959595959 HTTP/1.1" 200 -
INFO:werkzeug:127.0.0.1 - - [15/Jul/2020 12:33:15] "GET /api/saltReturns/apply/20200101000000000000/20201231235959595959 HTTP/1.1" 200 -
INFO:werkzeug:127.0.0.1 - - [15/Jul/2020 12:33:15] "GET /get_users HTTP/1.1" 200 -
INFO:werkzeug:127.0.0.1 - - [15/Jul/2020 12:33:17] "GET /get_connected_minions HTTP/1.1" 200 -
INFO:werkzeug:127.0.0.1 - - [15/Jul/2020 12:33:17] "GET /get_connected_minions HTTP/1.1" 200 -
INFO:werkzeug:127.0.0.1 - - [15/Jul/2020 12:33:27] "POST /saltstack_cmd HTTP/1.1" 200 -
INFO:werkzeug:127.0.0.1 - - [15/Jul/2020 12:33:36] "GET /static/js/main.ee95e428.chunk.js.map HTTP/1.1" 404 -
DEBUG:asyncio:Using selector: EpollSelector
DEBUG:asyncio:Using selector: EpollSelector
DEBUG:asyncio:Using selector: EpollSelector
DEBUG:asyncio:Using selector: EpollSelector
DEBUG:asyncio:Using selector: EpollSelector
DEBUG:asyncio:Using selector: EpollSelector
DEBUG:asyncio:Using selector: EpollSelector
DEBUG:asyncio:Using selector: EpollSelector
DEBUG:asyncio:Using selector: EpollSelector
DEBUG:asyncio:Using selector: EpollSelector
INFO:werkzeug: * Running on http://127.0.0.1:5000/ (Press CTRL+C to quit)
INFO:werkzeug:127.0.0.1 - - [15/Jul/2020 12:48:17] "GET /static/css/main.c6281679.chunk.css HTTP/1.1" 200 -
INFO:werkzeug:127.0.0.1 - - [15/Jul/2020 12:48:18] "GET /favicon.ico HTTP/1.1" 200 -
INFO:werkzeug:127.0.0.1 - - [15/Jul/2020 12:48:20] "GET /static/js/main.ee95e428.chunk.js.map HTTP/1.1" 404 -
INFO:werkzeug:127.0.0.1 - - [15/Jul/2020 12:48:20] "POST /auth HTTP/1.1" 201 -
INFO:werkzeug:127.0.0.1 - - [15/Jul/2020 12:48:21] "GET /api/saltReturns/apply/20200715000000000000/20200715235959595959 HTTP/1.1" 200 -
INFO:werkzeug:127.0.0.1 - - [15/Jul/2020 12:48:21] "GET /api/saltReturns/apply/20200715000000000000/20200715235959595959 HTTP/1.1" 200 -
INFO:werkzeug:127.0.0.1 - - [15/Jul/2020 12:48:21] "GET /api/saltReturns/apply/20200701000000000000/20200731235959595959 HTTP/1.1" 200 -
INFO:werkzeug:127.0.0.1 - - [15/Jul/2020 12:48:22] "GET /api/saltReturns/apply/20200101000000000000/20201231235959595959 HTTP/1.1" 200 -
INFO:werkzeug:127.0.0.1 - - [15/Jul/2020 12:48:22] "GET /get_connected_minions HTTP/1.1" 200 -
INFO:werkzeug:127.0.0.1 - - [15/Jul/2020 12:48:22] "GET /get_connected_minions HTTP/1.1" 200 -
INFO:werkzeug:127.0.0.1 - - [15/Jul/2020 12:48:34] "POST /saltstack_cmd HTTP/1.1" 200 -
DEBUG:asyncio:Using selector: EpollSelector
DEBUG:asyncio:Using selector: EpollSelector
INFO:werkzeug: * Running on http://127.0.0.1:5000/ (Press CTRL+C to quit)
INFO:werkzeug:127.0.0.1 - - [15/Jul/2020 12:49:06] "POST /saltstack_cmd HTTP/1.1" 200 -
INFO:werkzeug:127.0.0.1 - - [15/Jul/2020 12:49:10] "GET /static/js/2.8b4c9d57.chunk.js.map HTTP/1.1" 200 -
INFO:werkzeug:127.0.0.1 - - [15/Jul/2020 12:49:43] "GET /static/js/main.ee95e428.chunk.js.map HTTP/1.1" 404 -
INFO:werkzeug:127.0.0.1 - - [15/Jul/2020 12:49:43] "POST /auth HTTP/1.1" 201 -
INFO:werkzeug:127.0.0.1 - - [15/Jul/2020 12:49:44] "GET /api/saltReturns/apply/20200715000000000000/20200715235959595959 HTTP/1.1" 200 -
INFO:werkzeug:127.0.0.1 - - [15/Jul/2020 12:49:44] "GET /api/saltReturns/apply/20200715000000000000/20200715235959595959 HTTP/1.1" 200 -
INFO:werkzeug:127.0.0.1 - - [15/Jul/2020 12:49:44] "GET /api/saltReturns/apply/20200701000000000000/20200731235959595959 HTTP/1.1" 200 -
INFO:werkzeug:127.0.0.1 - - [15/Jul/2020 12:49:45] "GET /api/saltReturns/apply/20200101000000000000/20201231235959595959 HTTP/1.1" 200 -
INFO:werkzeug:127.0.0.1 - - [15/Jul/2020 12:49:45] "GET /get_connected_minions HTTP/1.1" 200 -
INFO:werkzeug:127.0.0.1 - - [15/Jul/2020 12:49:45] "GET /get_connected_minions HTTP/1.1" 200 -
INFO:werkzeug:127.0.0.1 - - [15/Jul/2020 12:49:52] "POST /saltstack_cmd HTTP/1.1" 200 -
INFO:werkzeug:127.0.0.1 - - [15/Jul/2020 12:51:41] "GET /static/css/main.c6281679.chunk.css HTTP/1.1" 200 -
INFO:werkzeug:127.0.0.1 - - [15/Jul/2020 12:51:43] "GET /static/js/main.ee95e428.chunk.js.map HTTP/1.1" 404 -
INFO:werkzeug:127.0.0.1 - - [15/Jul/2020 12:51:43] "POST /auth HTTP/1.1" 201 -
INFO:werkzeug:127.0.0.1 - - [15/Jul/2020 12:51:44] "GET /api/saltReturns/apply/20200715000000000000/20200715235959595959 HTTP/1.1" 200 -
INFO:werkzeug:127.0.0.1 - - [15/Jul/2020 12:51:44] "GET /api/saltReturns/apply/20200715000000000000/20200715235959595959 HTTP/1.1" 200 -
INFO:werkzeug:127.0.0.1 - - [15/Jul/2020 12:51:44] "GET /api/saltReturns/apply/20200701000000000000/20200731235959595959 HTTP/1.1" 200 -
INFO:werkzeug:127.0.0.1 - - [15/Jul/2020 12:51:45] "GET /api/saltReturns/apply/20200101000000000000/20201231235959595959 HTTP/1.1" 200 -
INFO:werkzeug:127.0.0.1 - - [15/Jul/2020 12:51:51] "GET /api/saltReturns/apply/20200401000000000000/20200630235959595959 HTTP/1.1" 200 -
INFO:werkzeug:127.0.0.1 - - [15/Jul/2020 12:51:53] "GET /api/saltReturns/apply/20200401000000000000/20200630235959595959 HTTP/1.1" 200 -
INFO:werkzeug:127.0.0.1 - - [15/Jul/2020 12:52:00] "GET /get_users HTTP/1.1" 200 -
INFO:werkzeug:127.0.0.1 - - [15/Jul/2020 12:52:01] "GET /get_connected_minions HTTP/1.1" 200 -
INFO:werkzeug:127.0.0.1 - - [15/Jul/2020 12:52:01] "GET /get_connected_minions HTTP/1.1" 200 -
INFO:werkzeug:127.0.0.1 - - [15/Jul/2020 12:52:10] "POST /saltstack_cmd HTTP/1.1" 200 -
INFO:werkzeug:127.0.0.1 - - [15/Jul/2020 12:54:12] "GET /static/js/main.ee95e428.chunk.js.map HTTP/1.1" 404 -
INFO:werkzeug:127.0.0.1 - - [15/Jul/2020 12:54:13] "POST /auth HTTP/1.1" 201 -
INFO:werkzeug:127.0.0.1 - - [15/Jul/2020 12:54:13] "GET /api/saltReturns/apply/20200715000000000000/20200715235959595959 HTTP/1.1" 200 -
INFO:werkzeug:127.0.0.1 - - [15/Jul/2020 12:54:13] "GET /api/saltReturns/apply/20200715000000000000/20200715235959595959 HTTP/1.1" 200 -
INFO:werkzeug:127.0.0.1 - - [15/Jul/2020 12:54:13] "GET /api/saltReturns/apply/20200701000000000000/20200731235959595959 HTTP/1.1" 200 -
INFO:werkzeug:127.0.0.1 - - [15/Jul/2020 12:54:15] "GET /api/saltReturns/apply/20200101000000000000/20201231235959595959 HTTP/1.1" 200 -
INFO:werkzeug:127.0.0.1 - - [15/Jul/2020 12:54:19] "GET /get_connected_minions HTTP/1.1" 200 -
INFO:werkzeug:127.0.0.1 - - [15/Jul/2020 12:54:19] "GET /get_connected_minions HTTP/1.1" 200 -
INFO:werkzeug:127.0.0.1 - - [15/Jul/2020 12:54:28] "POST /saltstack_cmd HTTP/1.1" 200 -
INFO:werkzeug:127.0.0.1 - - [15/Jul/2020 12:54:37] "GET /static/js/2.8b4c9d57.chunk.js.map HTTP/1.1" 200 -
INFO:werkzeug:127.0.0.1 - - [15/Jul/2020 12:55:40] "GET / HTTP/1.1" 200 -
INFO:werkzeug:127.0.0.1 - - [15/Jul/2020 12:55:40] "GET /static/js/2.8b4c9d57.chunk.js HTTP/1.1" 200 -
INFO:werkzeug:127.0.0.1 - - [15/Jul/2020 12:55:40] "GET /static/js/main.58115e70.chunk.js HTTP/1.1" 200 -
INFO:werkzeug:127.0.0.1 - - [15/Jul/2020 12:55:40] "GET /static/css/main.c6281679.chunk.css HTTP/1.1" 200 -
INFO:werkzeug:127.0.0.1 - - [15/Jul/2020 12:55:41] "GET /logo192.png HTTP/1.1" 404 -
INFO:werkzeug:127.0.0.1 - - [15/Jul/2020 12:55:41] "GET /favicon.ico HTTP/1.1" 200 -
INFO:werkzeug:127.0.0.1 - - [15/Jul/2020 12:55:43] "GET /static/js/main.58115e70.chunk.js.map HTTP/1.1" 200 -
INFO:werkzeug:127.0.0.1 - - [15/Jul/2020 12:55:43] "POST /auth HTTP/1.1" 201 -
INFO:werkzeug:127.0.0.1 - - [15/Jul/2020 12:55:43] "GET /api/saltReturns/apply/20200715000000000000/20200715235959595959 HTTP/1.1" 200 -
INFO:werkzeug:127.0.0.1 - - [15/Jul/2020 12:55:43] "GET /api/saltReturns/apply/20200715000000000000/20200715235959595959 HTTP/1.1" 200 -
INFO:werkzeug:127.0.0.1 - - [15/Jul/2020 12:55:43] "GET /api/saltReturns/apply/20200701000000000000/20200731235959595959 HTTP/1.1" 200 -
INFO:werkzeug:127.0.0.1 - - [15/Jul/2020 12:55:45] "GET /api/saltReturns/apply/20200101000000000000/20201231235959595959 HTTP/1.1" 200 -
INFO:werkzeug:127.0.0.1 - - [15/Jul/2020 12:55:55] "GET /api/saltReturns/apply/20200401000000000000/20200630235959595959 HTTP/1.1" 200 -
INFO:werkzeug:127.0.0.1 - - [15/Jul/2020 12:56:01] "GET /get_connected_minions HTTP/1.1" 200 -
INFO:werkzeug:127.0.0.1 - - [15/Jul/2020 12:56:01] "GET /get_connected_minions HTTP/1.1" 200 -
INFO:werkzeug:127.0.0.1 - - [15/Jul/2020 12:56:08] "POST /saltstack_cmd HTTP/1.1" 200 -
INFO:werkzeug:127.0.0.1 - - [15/Jul/2020 13:00:26] "GET /static/js/main.58115e70.chunk.js.map HTTP/1.1" 404 -
INFO:werkzeug:127.0.0.1 - - [15/Jul/2020 13:00:26] "POST /auth HTTP/1.1" 201 -
INFO:werkzeug:127.0.0.1 - - [15/Jul/2020 13:00:27] "GET /api/saltReturns/apply/20200715000000000000/20200715235959595959 HTTP/1.1" 200 -
INFO:werkzeug:127.0.0.1 - - [15/Jul/2020 13:00:27] "GET /api/saltReturns/apply/20200715000000000000/20200715235959595959 HTTP/1.1" 200 -
INFO:werkzeug:127.0.0.1 - - [15/Jul/2020 13:00:27] "GET /api/saltReturns/apply/20200701000000000000/20200731235959595959 HTTP/1.1" 200 -
INFO:werkzeug:127.0.0.1 - - [15/Jul/2020 13:00:28] "GET /api/saltReturns/apply/20200101000000000000/20201231235959595959 HTTP/1.1" 200 -
INFO:werkzeug:127.0.0.1 - - [15/Jul/2020 13:00:29] "GET /get_connected_minions HTTP/1.1" 200 -
INFO:werkzeug:127.0.0.1 - - [15/Jul/2020 13:00:29] "GET /get_connected_minions HTTP/1.1" 200 -
INFO:werkzeug:127.0.0.1 - - [15/Jul/2020 13:01:55] "GET /static/js/main.58115e70.chunk.js.map HTTP/1.1" 404 -
INFO:werkzeug:127.0.0.1 - - [15/Jul/2020 13:01:56] "POST /auth HTTP/1.1" 201 -
INFO:werkzeug:127.0.0.1 - - [15/Jul/2020 13:01:56] "GET /api/saltReturns/apply/20200715000000000000/20200715235959595959 HTTP/1.1" 200 -
INFO:werkzeug:127.0.0.1 - - [15/Jul/2020 13:01:56] "GET /api/saltReturns/apply/20200715000000000000/20200715235959595959 HTTP/1.1" 200 -
INFO:werkzeug:127.0.0.1 - - [15/Jul/2020 13:01:56] "GET /api/saltReturns/apply/20200701000000000000/20200731235959595959 HTTP/1.1" 200 -
INFO:werkzeug:127.0.0.1 - - [15/Jul/2020 13:01:58] "GET /api/saltReturns/apply/20200101000000000000/20201231235959595959 HTTP/1.1" 200 -
INFO:werkzeug:127.0.0.1 - - [15/Jul/2020 13:01:58] "GET /get_connected_minions HTTP/1.1" 200 -
INFO:werkzeug:127.0.0.1 - - [15/Jul/2020 13:01:58] "GET /get_connected_minions HTTP/1.1" 200 -
INFO:werkzeug:127.0.0.1 - - [15/Jul/2020 13:02:06] "POST /saltstack_cmd HTTP/1.1" 200 -
INFO:werkzeug:127.0.0.1 - - [15/Jul/2020 13:02:11] "GET /static/js/2.8b4c9d57.chunk.js.map HTTP/1.1" 200 -
INFO:werkzeug:127.0.0.1 - - [15/Jul/2020 13:02:29] "GET / HTTP/1.1" 200 -
INFO:werkzeug:127.0.0.1 - - [15/Jul/2020 13:02:29] "GET /static/css/main.c6281679.chunk.css HTTP/1.1" 200 -
INFO:werkzeug:127.0.0.1 - - [15/Jul/2020 13:02:29] "GET /static/js/main.db32828d.chunk.js HTTP/1.1" 200 -
INFO:werkzeug:127.0.0.1 - - [15/Jul/2020 13:02:29] "GET /static/js/2.8b4c9d57.chunk.js HTTP/1.1" 200 -
INFO:werkzeug:127.0.0.1 - - [15/Jul/2020 13:02:29] "GET /logo192.png HTTP/1.1" 404 -
INFO:werkzeug:127.0.0.1 - - [15/Jul/2020 13:02:29] "GET /favicon.ico HTTP/1.1" 200 -
INFO:werkzeug:127.0.0.1 - - [15/Jul/2020 13:02:31] "GET /static/js/main.db32828d.chunk.js.map HTTP/1.1" 200 -
INFO:werkzeug:127.0.0.1 - - [15/Jul/2020 13:02:31] "POST /auth HTTP/1.1" 201 -
INFO:werkzeug:127.0.0.1 - - [15/Jul/2020 13:02:32] "GET /api/saltReturns/apply/20200715000000000000/20200715235959595959 HTTP/1.1" 200 -
INFO:werkzeug:127.0.0.1 - - [15/Jul/2020 13:02:32] "GET /api/saltReturns/apply/20200715000000000000/20200715235959595959 HTTP/1.1" 200 -
INFO:werkzeug:127.0.0.1 - - [15/Jul/2020 13:02:32] "GET /api/saltReturns/apply/20200701000000000000/20200731235959595959 HTTP/1.1" 200 -
INFO:werkzeug:127.0.0.1 - - [15/Jul/2020 13:02:33] "GET /api/saltReturns/apply/20200101000000000000/20201231235959595959 HTTP/1.1" 200 -
INFO:werkzeug:127.0.0.1 - - [15/Jul/2020 13:02:36] "GET /get_connected_minions HTTP/1.1" 200 -
INFO:werkzeug:127.0.0.1 - - [15/Jul/2020 13:02:36] "GET /get_connected_minions HTTP/1.1" 200 -
INFO:werkzeug:127.0.0.1 - - [15/Jul/2020 13:02:42] "POST /saltstack_cmd HTTP/1.1" 200 -
INFO:werkzeug:127.0.0.1 - - [15/Jul/2020 13:03:26] "GET /static/js/2.8b4c9d57.chunk.js.map HTTP/1.1" 200 -
DEBUG:asyncio:Using selector: EpollSelector
DEBUG:asyncio:Using selector: EpollSelector
INFO:werkzeug: * Running on http://127.0.0.1:5000/ (Press CTRL+C to quit)
INFO:werkzeug:127.0.0.1 - - [15/Jul/2020 13:05:25] "GET /static/js/main.db32828d.chunk.js.map HTTP/1.1" 404 -
INFO:werkzeug:127.0.0.1 - - [15/Jul/2020 13:05:25] "POST /auth HTTP/1.1" 201 -
INFO:werkzeug:127.0.0.1 - - [15/Jul/2020 13:05:25] "GET /api/saltReturns/apply/20200715000000000000/20200715235959595959 HTTP/1.1" 200 -
INFO:werkzeug:127.0.0.1 - - [15/Jul/2020 13:05:25] "GET /api/saltReturns/apply/20200715000000000000/20200715235959595959 HTTP/1.1" 200 -
INFO:werkzeug:127.0.0.1 - - [15/Jul/2020 13:05:26] "GET /api/saltReturns/apply/20200701000000000000/20200731235959595959 HTTP/1.1" 200 -
INFO:werkzeug:127.0.0.1 - - [15/Jul/2020 13:05:27] "GET /api/saltReturns/apply/20200101000000000000/20201231235959595959 HTTP/1.1" 200 -
INFO:werkzeug:127.0.0.1 - - [15/Jul/2020 13:05:27] "GET /get_connected_minions HTTP/1.1" 200 -
INFO:werkzeug:127.0.0.1 - - [15/Jul/2020 13:05:27] "GET /get_connected_minions HTTP/1.1" 200 -
INFO:werkzeug:127.0.0.1 - - [15/Jul/2020 13:05:40] "POST /saltstack_cmd HTTP/1.1" 200 -
DEBUG:asyncio:Using selector: EpollSelector
DEBUG:asyncio:Using selector: EpollSelector
INFO:werkzeug: * Running on http://127.0.0.1:5000/ (Press CTRL+C to quit)
INFO:werkzeug:127.0.0.1 - - [15/Jul/2020 13:09:12] "GET /static/js/main.db32828d.chunk.js HTTP/1.1" 404 -
INFO:werkzeug:127.0.0.1 - - [15/Jul/2020 13:09:12] "GET /favicon.ico HTTP/1.1" 200 -
INFO:werkzeug:127.0.0.1 - - [15/Jul/2020 13:09:14] "GET /static/js/main.db32828d.chunk.js.map HTTP/1.1" 404 -
INFO:werkzeug:127.0.0.1 - - [15/Jul/2020 13:09:14] "POST /auth HTTP/1.1" 201 -
INFO:werkzeug:127.0.0.1 - - [15/Jul/2020 13:09:15] "GET /api/saltReturns/apply/20200715000000000000/20200715235959595959 HTTP/1.1" 200 -
INFO:werkzeug:127.0.0.1 - - [15/Jul/2020 13:09:15] "GET /api/saltReturns/apply/20200715000000000000/20200715235959595959 HTTP/1.1" 200 -
INFO:werkzeug:127.0.0.1 - - [15/Jul/2020 13:09:15] "GET /api/saltReturns/apply/20200701000000000000/20200731235959595959 HTTP/1.1" 200 -
INFO:werkzeug:127.0.0.1 - - [15/Jul/2020 13:09:16] "GET /api/saltReturns/apply/20200101000000000000/20201231235959595959 HTTP/1.1" 200 -
INFO:werkzeug:127.0.0.1 - - [15/Jul/2020 13:09:17] "GET /get_connected_minions HTTP/1.1" 200 -
INFO:werkzeug:127.0.0.1 - - [15/Jul/2020 13:09:17] "GET /get_connected_minions HTTP/1.1" 200 -
INFO:werkzeug:127.0.0.1 - - [15/Jul/2020 13:09:24] "POST /saltstack_cmd HTTP/1.1" 200 -
INFO:werkzeug:127.0.0.1 - - [15/Jul/2020 13:10:07] "GET / HTTP/1.1" 200 -
INFO:werkzeug:127.0.0.1 - - [15/Jul/2020 13:10:07] "GET /static/css/main.c6281679.chunk.css HTTP/1.1" 200 -
INFO:werkzeug:127.0.0.1 - - [15/Jul/2020 13:10:07] "GET /static/js/2.8b4c9d57.chunk.js HTTP/1.1" 200 -
INFO:werkzeug:127.0.0.1 - - [15/Jul/2020 13:10:07] "GET /static/js/main.522198a9.chunk.js HTTP/1.1" 200 -
INFO:werkzeug:127.0.0.1 - - [15/Jul/2020 13:10:07] "GET /logo192.png HTTP/1.1" 404 -
INFO:werkzeug:127.0.0.1 - - [15/Jul/2020 13:10:07] "GET /favicon.ico HTTP/1.1" 200 -
INFO:werkzeug:127.0.0.1 - - [15/Jul/2020 13:10:09] "POST /auth HTTP/1.1" 201 -
INFO:werkzeug:127.0.0.1 - - [15/Jul/2020 13:10:10] "GET /api/saltReturns/apply/20200715000000000000/20200715235959595959 HTTP/1.1" 200 -
INFO:werkzeug:127.0.0.1 - - [15/Jul/2020 13:10:10] "GET /api/saltReturns/apply/20200715000000000000/20200715235959595959 HTTP/1.1" 200 -
INFO:werkzeug:127.0.0.1 - - [15/Jul/2020 13:10:10] "GET /api/saltReturns/apply/20200701000000000000/20200731235959595959 HTTP/1.1" 200 -
INFO:werkzeug:127.0.0.1 - - [15/Jul/2020 13:10:11] "GET /api/saltReturns/apply/20200101000000000000/20201231235959595959 HTTP/1.1" 200 -
INFO:werkzeug:127.0.0.1 - - [15/Jul/2020 13:10:12] "GET /get_connected_minions HTTP/1.1" 200 -
INFO:werkzeug:127.0.0.1 - - [15/Jul/2020 13:10:12] "GET /get_connected_minions HTTP/1.1" 200 -
INFO:werkzeug:127.0.0.1 - - [15/Jul/2020 13:10:20] "POST /saltstack_cmd HTTP/1.1" 200 -
INFO:werkzeug:127.0.0.1 - - [15/Jul/2020 13:10:30] "GET /static/js/main.522198a9.chunk.js.map HTTP/1.1" 200 -
INFO:werkzeug:127.0.0.1 - - [15/Jul/2020 13:10:53] "GET /static/js/2.8b4c9d57.chunk.js.map HTTP/1.1" 200 -
INFO:werkzeug:127.0.0.1 - - [15/Jul/2020 13:11:21] "GET /static/js/main.522198a9.chunk.js.map HTTP/1.1" 304 -
INFO:werkzeug:127.0.0.1 - - [15/Jul/2020 13:11:21] "POST /auth HTTP/1.1" 201 -
INFO:werkzeug:127.0.0.1 - - [15/Jul/2020 13:11:22] "GET /api/saltReturns/apply/20200715000000000000/20200715235959595959 HTTP/1.1" 200 -
INFO:werkzeug:127.0.0.1 - - [15/Jul/2020 13:11:22] "GET /api/saltReturns/apply/20200715000000000000/20200715235959595959 HTTP/1.1" 200 -
INFO:werkzeug:127.0.0.1 - - [15/Jul/2020 13:11:22] "GET /api/saltReturns/apply/20200701000000000000/20200731235959595959 HTTP/1.1" 200 -
INFO:werkzeug:127.0.0.1 - - [15/Jul/2020 13:11:23] "GET /api/saltReturns/apply/20200101000000000000/20201231235959595959 HTTP/1.1" 200 -
INFO:werkzeug:127.0.0.1 - - [15/Jul/2020 13:11:25] "GET /get_users HTTP/1.1" 200 -
INFO:werkzeug:127.0.0.1 - - [15/Jul/2020 13:11:27] "GET /get_connected_minions HTTP/1.1" 200 -
INFO:werkzeug:127.0.0.1 - - [15/Jul/2020 13:11:27] "GET /get_connected_minions HTTP/1.1" 200 -
INFO:werkzeug:127.0.0.1 - - [15/Jul/2020 13:11:30] "GET /get_connected_minions HTTP/1.1" 200 -
INFO:werkzeug:127.0.0.1 - - [15/Jul/2020 13:11:30] "GET /get_connected_minions HTTP/1.1" 200 -
INFO:werkzeug:127.0.0.1 - - [15/Jul/2020 13:11:38] "POST /saltstack_cmd HTTP/1.1" 200 -
INFO:werkzeug:127.0.0.1 - - [15/Jul/2020 13:12:38] "POST /saltstack_cmd HTTP/1.1" 200 -
DEBUG:asyncio:Using selector: EpollSelector
DEBUG:asyncio:Using selector: EpollSelector
INFO:werkzeug: * Running on http://127.0.0.1:5000/ (Press CTRL+C to quit)
INFO:werkzeug:127.0.0.1 - - [15/Jul/2020 13:18:40] "GET /static/css/main.c6281679.chunk.css HTTP/1.1" 200 -
INFO:werkzeug:127.0.0.1 - - [15/Jul/2020 13:18:40] "GET /static/js/main.522198a9.chunk.js HTTP/1.1" 404 -
INFO:werkzeug:127.0.0.1 - - [15/Jul/2020 13:18:41] "GET /static/js/main.522198a9.chunk.js HTTP/1.1" 404 -
INFO:werkzeug:127.0.0.1 - - [15/Jul/2020 13:18:41] "GET /logo192.png HTTP/1.1" 404 -
INFO:werkzeug:127.0.0.1 - - [15/Jul/2020 13:18:41] "GET /favicon.ico HTTP/1.1" 200 -
INFO:werkzeug:127.0.0.1 - - [15/Jul/2020 13:18:46] "GET /static/js/main.522198a9.chunk.js HTTP/1.1" 404 -
INFO:werkzeug:127.0.0.1 - - [15/Jul/2020 13:18:46] "GET /static/js/main.522198a9.chunk.js HTTP/1.1" 404 -
INFO:werkzeug:127.0.0.1 - - [15/Jul/2020 13:19:05] "GET / HTTP/1.1" 200 -
INFO:werkzeug:127.0.0.1 - - [15/Jul/2020 13:19:05] "GET /static/css/main.c6281679.chunk.css HTTP/1.1" 200 -
INFO:werkzeug:127.0.0.1 - - [15/Jul/2020 13:19:05] "GET /static/js/2.8b4c9d57.chunk.js HTTP/1.1" 200 -
INFO:werkzeug:127.0.0.1 - - [15/Jul/2020 13:19:05] "GET /static/js/main.d3bb93fe.chunk.js HTTP/1.1" 200 -
INFO:werkzeug:127.0.0.1 - - [15/Jul/2020 13:19:06] "GET /logo192.png HTTP/1.1" 404 -
INFO:werkzeug:127.0.0.1 - - [15/Jul/2020 13:19:06] "GET /favicon.ico HTTP/1.1" 200 -
INFO:werkzeug:127.0.0.1 - - [15/Jul/2020 13:19:08] "GET /static/js/main.d3bb93fe.chunk.js.map HTTP/1.1" 200 -
INFO:werkzeug:127.0.0.1 - - [15/Jul/2020 13:19:08] "POST /auth HTTP/1.1" 201 -
INFO:werkzeug:127.0.0.1 - - [15/Jul/2020 13:19:09] "GET /api/saltReturns/apply/20200715000000000000/20200715235959595959 HTTP/1.1" 200 -
INFO:werkzeug:127.0.0.1 - - [15/Jul/2020 13:19:09] "GET /api/saltReturns/apply/20200715000000000000/20200715235959595959 HTTP/1.1" 200 -
INFO:werkzeug:127.0.0.1 - - [15/Jul/2020 13:19:09] "GET /api/saltReturns/apply/20200701000000000000/20200731235959595959 HTTP/1.1" 200 -
INFO:werkzeug:127.0.0.1 - - [15/Jul/2020 13:19:11] "GET /api/saltReturns/apply/20200101000000000000/20201231235959595959 HTTP/1.1" 200 -
INFO:werkzeug:127.0.0.1 - - [15/Jul/2020 13:19:13] "GET /get_connected_minions HTTP/1.1" 200 -
INFO:werkzeug:127.0.0.1 - - [15/Jul/2020 13:19:13] "GET /get_connected_minions HTTP/1.1" 200 -
INFO:werkzeug:127.0.0.1 - - [15/Jul/2020 13:19:20] "POST /saltstack_cmd HTTP/1.1" 200 -
INFO:werkzeug:127.0.0.1 - - [15/Jul/2020 13:20:50] "POST /saltstack_cmd HTTP/1.1" 200 -
INFO:werkzeug:127.0.0.1 - - [15/Jul/2020 13:20:59] "POST /saltstack_cmd HTTP/1.1" 200 -
INFO:werkzeug:127.0.0.1 - - [15/Jul/2020 13:21:13] "GET /static/css/main.c6281679.chunk.css HTTP/1.1" 200 -
INFO:werkzeug:127.0.0.1 - - [15/Jul/2020 13:21:13] "GET /favicon.ico HTTP/1.1" 200 -
INFO:werkzeug:127.0.0.1 - - [15/Jul/2020 13:21:17] "GET /static/js/main.d3bb93fe.chunk.js.map HTTP/1.1" 304 -
INFO:werkzeug:127.0.0.1 - - [15/Jul/2020 13:21:18] "POST /auth HTTP/1.1" 201 -
INFO:werkzeug:127.0.0.1 - - [15/Jul/2020 13:21:18] "GET /api/saltReturns/apply/20200715000000000000/20200715235959595959 HTTP/1.1" 200 -
INFO:werkzeug:127.0.0.1 - - [15/Jul/2020 13:21:18] "GET /api/saltReturns/apply/20200715000000000000/20200715235959595959 HTTP/1.1" 200 -
INFO:werkzeug:127.0.0.1 - - [15/Jul/2020 13:21:18] "GET /api/saltReturns/apply/20200701000000000000/20200731235959595959 HTTP/1.1" 200 -
INFO:werkzeug:127.0.0.1 - - [15/Jul/2020 13:21:20] "GET /api/saltReturns/apply/20200101000000000000/20201231235959595959 HTTP/1.1" 200 -
INFO:werkzeug:127.0.0.1 - - [15/Jul/2020 13:21:20] "GET /get_connected_minions HTTP/1.1" 200 -
INFO:werkzeug:127.0.0.1 - - [15/Jul/2020 13:21:20] "GET /get_connected_minions HTTP/1.1" 200 -
INFO:werkzeug:127.0.0.1 - - [15/Jul/2020 13:21:29] "POST /saltstack_cmd HTTP/1.1" 200 -
INFO:werkzeug:127.0.0.1 - - [15/Jul/2020 13:21:51] "POST /saltstack_cmd HTTP/1.1" 200 -
DEBUG:asyncio:Using selector: EpollSelector
DEBUG:asyncio:Using selector: EpollSelector
INFO:werkzeug: * Running on http://127.0.0.1:5000/ (Press CTRL+C to quit)
INFO:werkzeug:127.0.0.1 - - [15/Jul/2020 13:29:29] "POST /auth HTTP/1.1" 201 -
INFO:werkzeug:127.0.0.1 - - [15/Jul/2020 13:29:30] "GET /api/saltReturns/apply/20200715000000000000/20200715235959595959 HTTP/1.1" 200 -
INFO:werkzeug:127.0.0.1 - - [15/Jul/2020 13:29:30] "GET /api/saltReturns/apply/20200715000000000000/20200715235959595959 HTTP/1.1" 200 -
INFO:werkzeug:127.0.0.1 - - [15/Jul/2020 13:29:30] "GET /api/saltReturns/apply/20200701000000000000/20200731235959595959 HTTP/1.1" 200 -
INFO:werkzeug:127.0.0.1 - - [15/Jul/2020 13:29:31] "GET /get_connected_minions HTTP/1.1" 200 -
INFO:werkzeug:127.0.0.1 - - [15/Jul/2020 13:29:31] "GET /get_connected_minions HTTP/1.1" 200 -
INFO:werkzeug:127.0.0.1 - - [15/Jul/2020 13:29:31] "GET /api/saltReturns/apply/20200101000000000000/20201231235959595959 HTTP/1.1" 200 -
INFO:werkzeug:127.0.0.1 - - [15/Jul/2020 13:29:39] "POST /saltstack_cmd HTTP/1.1" 200 -
DEBUG:asyncio:Using selector: EpollSelector
DEBUG:asyncio:Using selector: EpollSelector
INFO:werkzeug: * Running on http://127.0.0.1:5000/ (Press CTRL+C to quit)
INFO:werkzeug:127.0.0.1 - - [15/Jul/2020 13:44:47] "GET / HTTP/1.1" 200 -
INFO:werkzeug:127.0.0.1 - - [15/Jul/2020 13:44:48] "GET /static/css/main.c6281679.chunk.css HTTP/1.1" 200 -
INFO:werkzeug:127.0.0.1 - - [15/Jul/2020 13:44:48] "GET /static/js/2.8b4c9d57.chunk.js HTTP/1.1" 200 -
INFO:werkzeug:127.0.0.1 - - [15/Jul/2020 13:44:48] "GET /static/js/main.9522081d.chunk.js HTTP/1.1" 200 -
INFO:werkzeug:127.0.0.1 - - [15/Jul/2020 13:44:48] "GET /logo192.png HTTP/1.1" 404 -
INFO:werkzeug:127.0.0.1 - - [15/Jul/2020 13:44:49] "GET /favicon.ico HTTP/1.1" 200 -
INFO:werkzeug:127.0.0.1 - - [15/Jul/2020 13:45:00] "GET /static/js/main.9522081d.chunk.js.map HTTP/1.1" 200 -
INFO:werkzeug:127.0.0.1 - - [15/Jul/2020 13:45:00] "POST /auth HTTP/1.1" 201 -
INFO:werkzeug:127.0.0.1 - - [15/Jul/2020 13:45:01] "GET /api/saltReturns/apply/20200715000000000000/20200715235959595959 HTTP/1.1" 200 -
INFO:werkzeug:127.0.0.1 - - [15/Jul/2020 13:45:01] "GET /api/saltReturns/apply/20200715000000000000/20200715235959595959 HTTP/1.1" 200 -
INFO:werkzeug:127.0.0.1 - - [15/Jul/2020 13:45:01] "GET /api/saltReturns/apply/20200701000000000000/20200731235959595959 HTTP/1.1" 200 -
INFO:werkzeug:127.0.0.1 - - [15/Jul/2020 13:45:03] "GET /api/saltReturns/apply/20200101000000000000/20201231235959595959 HTTP/1.1" 200 -
INFO:werkzeug:127.0.0.1 - - [15/Jul/2020 13:45:03] "GET /get_connected_minions HTTP/1.1" 200 -
INFO:werkzeug:127.0.0.1 - - [15/Jul/2020 13:45:03] "GET /get_connected_minions HTTP/1.1" 200 -
INFO:werkzeug:127.0.0.1 - - [15/Jul/2020 13:45:12] "POST /saltstack_cmd HTTP/1.1" 200 -
INFO:werkzeug:127.0.0.1 - - [15/Jul/2020 13:45:28] "GET /api/saltReturns/apply/20200401000000000000/20200630235959595959 HTTP/1.1" 200 -
INFO:werkzeug:127.0.0.1 - - [15/Jul/2020 13:45:30] "GET /get_connected_minions HTTP/1.1" 200 -
INFO:werkzeug:127.0.0.1 - - [15/Jul/2020 13:45:30] "GET /get_connected_minions HTTP/1.1" 200 -
INFO:werkzeug:127.0.0.1 - - [15/Jul/2020 13:46:52] "GET / HTTP/1.1" 404 -
INFO:werkzeug:127.0.0.1 - - [15/Jul/2020 13:46:52] "GET /favicon.ico HTTP/1.1" 200 -
INFO:werkzeug:127.0.0.1 - - [15/Jul/2020 13:48:53] "GET / HTTP/1.1" 200 -
INFO:werkzeug:127.0.0.1 - - [15/Jul/2020 13:48:54] "GET /static/js/2.8b4c9d57.chunk.js HTTP/1.1" 200 -
INFO:werkzeug:127.0.0.1 - - [15/Jul/2020 13:48:54] "GET /static/css/main.c6281679.chunk.css HTTP/1.1" 200 -
INFO:werkzeug:127.0.0.1 - - [15/Jul/2020 13:48:54] "GET /static/js/main.9522081d.chunk.js HTTP/1.1" 200 -
INFO:werkzeug:127.0.0.1 - - [15/Jul/2020 13:48:55] "GET /logo192.png HTTP/1.1" 404 -
INFO:werkzeug:127.0.0.1 - - [15/Jul/2020 13:49:06] "GET /static/js/main.9522081d.chunk.js.map HTTP/1.1" 200 -
INFO:werkzeug:127.0.0.1 - - [15/Jul/2020 13:49:06] "POST /auth HTTP/1.1" 201 -
INFO:werkzeug:127.0.0.1 - - [15/Jul/2020 13:49:07] "GET /api/saltReturns/apply/20200715000000000000/20200715235959595959 HTTP/1.1" 200 -
INFO:werkzeug:127.0.0.1 - - [15/Jul/2020 13:49:07] "GET /api/saltReturns/apply/20200715000000000000/20200715235959595959 HTTP/1.1" 200 -
INFO:werkzeug:127.0.0.1 - - [15/Jul/2020 13:49:07] "GET /api/saltReturns/apply/20200701000000000000/20200731235959595959 HTTP/1.1" 200 -
INFO:werkzeug:127.0.0.1 - - [15/Jul/2020 13:49:08] "GET /api/saltReturns/apply/20200101000000000000/20201231235959595959 HTTP/1.1" 200 -
INFO:werkzeug:127.0.0.1 - - [15/Jul/2020 13:49:11] "GET /get_connected_minions HTTP/1.1" 200 -
INFO:werkzeug:127.0.0.1 - - [15/Jul/2020 13:49:11] "GET /get_connected_minions HTTP/1.1" 200 -
INFO:werkzeug:127.0.0.1 - - [15/Jul/2020 13:49:18] "POST /saltstack_cmd HTTP/1.1" 200 -
INFO:werkzeug:127.0.0.1 - - [15/Jul/2020 13:56:18] "GET /static/js/main.9522081d.chunk.js HTTP/1.1" 404 -
INFO:werkzeug:127.0.0.1 - - [15/Jul/2020 13:56:18] "GET /static/css/main.c6281679.chunk.css HTTP/1.1" 200 -
INFO:werkzeug:127.0.0.1 - - [15/Jul/2020 13:56:19] "GET /logo192.png HTTP/1.1" 404 -
INFO:werkzeug:127.0.0.1 - - [15/Jul/2020 13:56:19] "GET /favicon.ico HTTP/1.1" 200 -
INFO:werkzeug:127.0.0.1 - - [15/Jul/2020 13:56:29] "GET /static/js/main.9522081d.chunk.js.map HTTP/1.1" 404 -
INFO:werkzeug:127.0.0.1 - - [15/Jul/2020 13:56:30] "POST /auth HTTP/1.1" 201 -
INFO:werkzeug:127.0.0.1 - - [15/Jul/2020 13:56:31] "GET /api/saltReturns/apply/20200715000000000000/20200715235959595959 HTTP/1.1" 200 -
INFO:werkzeug:127.0.0.1 - - [15/Jul/2020 13:56:31] "GET /api/saltReturns/apply/20200715000000000000/20200715235959595959 HTTP/1.1" 200 -
INFO:werkzeug:127.0.0.1 - - [15/Jul/2020 13:56:31] "GET /api/saltReturns/apply/20200701000000000000/20200731235959595959 HTTP/1.1" 200 -
INFO:werkzeug:127.0.0.1 - - [15/Jul/2020 13:56:32] "GET /api/saltReturns/apply/20200101000000000000/20201231235959595959 HTTP/1.1" 200 -
INFO:werkzeug:127.0.0.1 - - [15/Jul/2020 13:56:33] "GET /get_connected_minions HTTP/1.1" 200 -
INFO:werkzeug:127.0.0.1 - - [15/Jul/2020 13:56:33] "GET /get_connected_minions HTTP/1.1" 200 -
INFO:werkzeug:127.0.0.1 - - [15/Jul/2020 13:56:41] "POST /saltstack_cmd HTTP/1.1" 200 -
INFO:werkzeug:127.0.0.1 - - [15/Jul/2020 13:57:23] "GET / HTTP/1.1" 200 -
INFO:werkzeug:127.0.0.1 - - [15/Jul/2020 13:57:23] "GET /static/css/main.c6281679.chunk.css HTTP/1.1" 200 -
INFO:werkzeug:127.0.0.1 - - [15/Jul/2020 13:57:23] "GET /static/js/2.8b4c9d57.chunk.js HTTP/1.1" 200 -
INFO:werkzeug:127.0.0.1 - - [15/Jul/2020 13:57:23] "GET /static/js/main.1c9b2435.chunk.js HTTP/1.1" 200 -
INFO:werkzeug:127.0.0.1 - - [15/Jul/2020 13:57:24] "GET /logo192.png HTTP/1.1" 404 -
INFO:werkzeug:127.0.0.1 - - [15/Jul/2020 13:57:24] "GET /favicon.ico HTTP/1.1" 200 -
INFO:werkzeug:127.0.0.1 - - [15/Jul/2020 13:57:26] "GET /static/js/main.1c9b2435.chunk.js.map HTTP/1.1" 200 -
INFO:werkzeug:127.0.0.1 - - [15/Jul/2020 13:57:26] "POST /auth HTTP/1.1" 201 -
INFO:werkzeug:127.0.0.1 - - [15/Jul/2020 13:57:26] "GET /api/saltReturns/apply/20200715000000000000/20200715235959595959 HTTP/1.1" 200 -
INFO:werkzeug:127.0.0.1 - - [15/Jul/2020 13:57:26] "GET /api/saltReturns/apply/20200715000000000000/20200715235959595959 HTTP/1.1" 200 -
INFO:werkzeug:127.0.0.1 - - [15/Jul/2020 13:57:26] "GET /api/saltReturns/apply/20200701000000000000/20200731235959595959 HTTP/1.1" 200 -
INFO:werkzeug:127.0.0.1 - - [15/Jul/2020 13:57:28] "GET /api/saltReturns/apply/20200101000000000000/20201231235959595959 HTTP/1.1" 200 -
INFO:werkzeug:127.0.0.1 - - [15/Jul/2020 13:57:29] "GET /get_connected_minions HTTP/1.1" 200 -
INFO:werkzeug:127.0.0.1 - - [15/Jul/2020 13:57:29] "GET /get_connected_minions HTTP/1.1" 200 -
INFO:werkzeug:127.0.0.1 - - [15/Jul/2020 13:57:36] "POST /saltstack_cmd HTTP/1.1" 200 -
INFO:werkzeug:127.0.0.1 - - [15/Jul/2020 13:57:58] "GET /static/js/2.8b4c9d57.chunk.js.map HTTP/1.1" 200 -
INFO:werkzeug:127.0.0.1 - - [15/Jul/2020 14:04:13] "GET /static/js/main.1c9b2435.chunk.js HTTP/1.1" 404 -
INFO:werkzeug:127.0.0.1 - - [15/Jul/2020 14:04:13] "GET /static/css/main.c6281679.chunk.css HTTP/1.1" 200 -
INFO:werkzeug:127.0.0.1 - - [15/Jul/2020 14:04:13] "GET /static/js/main.1c9b2435.chunk.js HTTP/1.1" 404 -
INFO:werkzeug:127.0.0.1 - - [15/Jul/2020 14:04:13] "GET /logo192.png HTTP/1.1" 404 -
INFO:werkzeug:127.0.0.1 - - [15/Jul/2020 14:04:13] "GET /favicon.ico HTTP/1.1" 200 -
INFO:werkzeug:127.0.0.1 - - [15/Jul/2020 14:04:26] "GET / HTTP/1.1" 200 -
INFO:werkzeug:127.0.0.1 - - [15/Jul/2020 14:04:26] "GET /static/css/main.c6281679.chunk.css HTTP/1.1" 200 -
INFO:werkzeug:127.0.0.1 - - [15/Jul/2020 14:04:26] "GET /static/js/2.8b4c9d57.chunk.js HTTP/1.1" 200 -
INFO:werkzeug:127.0.0.1 - - [15/Jul/2020 14:04:26] "GET /static/js/main.c92f31ea.chunk.js HTTP/1.1" 200 -
INFO:werkzeug:127.0.0.1 - - [15/Jul/2020 14:04:27] "GET /logo192.png HTTP/1.1" 404 -
INFO:werkzeug:127.0.0.1 - - [15/Jul/2020 14:04:27] "GET /favicon.ico HTTP/1.1" 200 -
INFO:werkzeug:127.0.0.1 - - [15/Jul/2020 14:04:29] "GET /static/js/main.c92f31ea.chunk.js.map HTTP/1.1" 200 -
INFO:werkzeug:127.0.0.1 - - [15/Jul/2020 14:04:30] "POST /auth HTTP/1.1" 201 -
INFO:werkzeug:127.0.0.1 - - [15/Jul/2020 14:04:31] "GET /api/saltReturns/apply/20200715000000000000/20200715235959595959 HTTP/1.1" 200 -
INFO:werkzeug:127.0.0.1 - - [15/Jul/2020 14:04:31] "GET /api/saltReturns/apply/20200715000000000000/20200715235959595959 HTTP/1.1" 200 -
INFO:werkzeug:127.0.0.1 - - [15/Jul/2020 14:04:31] "GET /api/saltReturns/apply/20200701000000000000/20200731235959595959 HTTP/1.1" 200 -
INFO:werkzeug:127.0.0.1 - - [15/Jul/2020 14:04:32] "GET /api/saltReturns/apply/20200101000000000000/20201231235959595959 HTTP/1.1" 200 -
INFO:werkzeug:127.0.0.1 - - [15/Jul/2020 14:04:34] "GET /get_connected_minions HTTP/1.1" 200 -
INFO:werkzeug:127.0.0.1 - - [15/Jul/2020 14:04:34] "GET /get_connected_minions HTTP/1.1" 200 -
INFO:werkzeug:127.0.0.1 - - [15/Jul/2020 14:04:41] "POST /saltstack_cmd HTTP/1.1" 200 -
INFO:werkzeug:127.0.0.1 - - [15/Jul/2020 14:05:04] "POST /saltstack_cmd HTTP/1.1" 200 -
INFO:werkzeug:127.0.0.1 - - [15/Jul/2020 14:08:48] "GET /static/js/2.8b4c9d57.chunk.js.map HTTP/1.1" 404 -
INFO:werkzeug:127.0.0.1 - - [15/Jul/2020 14:16:56] "GET /static/js/main.c92f31ea.chunk.js.map HTTP/1.1" 404 -
INFO:werkzeug:127.0.0.1 - - [15/Jul/2020 14:16:57] "POST /auth HTTP/1.1" 201 -
INFO:werkzeug:127.0.0.1 - - [15/Jul/2020 14:17:00] "GET /get_connected_minions HTTP/1.1" 200 -
INFO:werkzeug:127.0.0.1 - - [15/Jul/2020 14:17:00] "GET /get_connected_minions HTTP/1.1" 200 -
INFO:werkzeug:127.0.0.1 - - [15/Jul/2020 14:17:07] "POST /saltstack_cmd HTTP/1.1" 200 -
INFO:werkzeug:127.0.0.1 - - [15/Jul/2020 14:17:10] "GET /api/saltReturns/apply/20200715000000000000/20200715235959595959 HTTP/1.1" 200 -
INFO:werkzeug:127.0.0.1 - - [15/Jul/2020 14:17:10] "GET /api/saltReturns/apply/20200715000000000000/20200715235959595959 HTTP/1.1" 200 -
INFO:werkzeug:127.0.0.1 - - [15/Jul/2020 14:17:10] "GET /api/saltReturns/apply/20200701000000000000/20200731235959595959 HTTP/1.1" 200 -
INFO:werkzeug:127.0.0.1 - - [15/Jul/2020 14:17:11] "GET /api/saltReturns/apply/20200101000000000000/20201231235959595959 HTTP/1.1" 200 -
INFO:werkzeug:127.0.0.1 - - [15/Jul/2020 14:17:17] "GET /static/js/2.8b4c9d57.chunk.js.map HTTP/1.1" 200 -
DEBUG:asyncio:Using selector: EpollSelector
DEBUG:asyncio:Using selector: EpollSelector
INFO:werkzeug: * Running on http://127.0.0.1:5000/ (Press CTRL+C to quit)
INFO:werkzeug:127.0.0.1 - - [15/Jul/2020 14:29:06] "GET / HTTP/1.1" 200 -
INFO:werkzeug:127.0.0.1 - - [15/Jul/2020 14:29:06] "GET /static/js/main.bcb1d9e4.chunk.js HTTP/1.1" 200 -
INFO:werkzeug:127.0.0.1 - - [15/Jul/2020 14:29:06] "GET /static/css/main.c6281679.chunk.css HTTP/1.1" 200 -
INFO:werkzeug:127.0.0.1 - - [15/Jul/2020 14:29:06] "GET /static/js/2.8b4c9d57.chunk.js HTTP/1.1" 200 -
INFO:werkzeug:127.0.0.1 - - [15/Jul/2020 14:29:16] "GET /manifest.json HTTP/1.1" 200 -
INFO:werkzeug:127.0.0.1 - - [15/Jul/2020 14:29:16] "GET /logo192.png HTTP/1.1" 404 -
INFO:werkzeug:127.0.0.1 - - [15/Jul/2020 14:29:23] "POST /auth HTTP/1.1" 201 -
INFO:werkzeug:127.0.0.1 - - [15/Jul/2020 14:29:24] "GET /api/saltReturns/apply/20200715000000000000/20200715235959595959 HTTP/1.1" 200 -
INFO:werkzeug:127.0.0.1 - - [15/Jul/2020 14:29:24] "GET /api/saltReturns/apply/20200715000000000000/20200715235959595959 HTTP/1.1" 200 -
INFO:werkzeug:127.0.0.1 - - [15/Jul/2020 14:29:24] "GET /api/saltReturns/apply/20200701000000000000/20200731235959595959 HTTP/1.1" 200 -
INFO:werkzeug:127.0.0.1 - - [15/Jul/2020 14:29:25] "GET /api/saltReturns/apply/20200101000000000000/20201231235959595959 HTTP/1.1" 200 -
INFO:werkzeug:127.0.0.1 - - [15/Jul/2020 14:29:50] "GET /static/js/2.8b4c9d57.chunk.js.map HTTP/1.1" 200 -
INFO:werkzeug:127.0.0.1 - - [15/Jul/2020 14:29:50] "GET /static/js/main.bcb1d9e4.chunk.js.map HTTP/1.1" 200 -
INFO:werkzeug:127.0.0.1 - - [15/Jul/2020 14:29:51] "GET /static/css/main.c6281679.chunk.css.map HTTP/1.1" 200 -
INFO:werkzeug:127.0.0.1 - - [15/Jul/2020 14:30:47] "GET /api/saltReturns/apply/20200401000000000000/20200630235959595959 HTTP/1.1" 200 -
DEBUG:asyncio:Using selector: EpollSelector
DEBUG:asyncio:Using selector: EpollSelector
INFO:werkzeug: * Running on http://127.0.0.1:5000/ (Press CTRL+C to quit)
INFO:werkzeug:127.0.0.1 - - [15/Jul/2020 15:01:13] "GET /logo192.png HTTP/1.1" 404 -
INFO:werkzeug:127.0.0.1 - - [15/Jul/2020 15:01:20] "POST /auth HTTP/1.1" 201 -
INFO:werkzeug:127.0.0.1 - - [15/Jul/2020 15:01:21] "GET /api/saltReturns/apply/20200715000000000000/20200715235959595959 HTTP/1.1" 200 -
INFO:werkzeug:127.0.0.1 - - [15/Jul/2020 15:01:22] "GET /api/saltReturns/apply/20200715000000000000/20200715235959595959 HTTP/1.1" 200 -
INFO:werkzeug:127.0.0.1 - - [15/Jul/2020 15:01:22] "GET /api/saltReturns/apply/20200701000000000000/20200731235959595959 HTTP/1.1" 200 -
INFO:werkzeug:127.0.0.1 - - [15/Jul/2020 15:01:23] "GET /api/saltReturns/apply/20200101000000000000/20201231235959595959 HTTP/1.1" 200 -
INFO:werkzeug:127.0.0.1 - - [15/Jul/2020 15:01:24] "GET /api/saltReturns/apply/20200401000000000000/20200630235959595959 HTTP/1.1" 200 -
INFO:werkzeug:127.0.0.1 - - [15/Jul/2020 15:01:30] "GET /api/saltReturns/apply/20200401000000000000/20200630235959595959 HTTP/1.1" 200 -
INFO:werkzeug:127.0.0.1 - - [15/Jul/2020 15:01:56] "GET /api/saltReturns/apply/20200401000000000000/20200630235959595959 HTTP/1.1" 200 -
INFO:werkzeug:127.0.0.1 - - [15/Jul/2020 15:01:58] "GET /api/saltReturns/apply/20200401000000000000/20200630235959595959 HTTP/1.1" 200 -
INFO:werkzeug:127.0.0.1 - - [15/Jul/2020 15:02:00] "GET /api/saltReturns/apply/20200401000000000000/20200630235959595959 HTTP/1.1" 200 -
INFO:werkzeug:127.0.0.1 - - [15/Jul/2020 15:02:12] "GET /api/saltReturns/apply/20200401000000000000/20200630235959595959 HTTP/1.1" 200 -
INFO:werkzeug:127.0.0.1 - - [15/Jul/2020 15:02:16] "GET /get_connected_minions HTTP/1.1" 200 -
INFO:werkzeug:127.0.0.1 - - [15/Jul/2020 15:02:16] "GET /get_connected_minions HTTP/1.1" 200 -
INFO:werkzeug:127.0.0.1 - - [15/Jul/2020 15:02:24] "POST /saltstack_cmd HTTP/1.1" 200 -
INFO:werkzeug:127.0.0.1 - - [15/Jul/2020 15:03:41] "GET / HTTP/1.1" 200 -
INFO:werkzeug:127.0.0.1 - - [15/Jul/2020 15:03:41] "GET /static/js/2.bce06ede.chunk.js HTTP/1.1" 200 -
INFO:werkzeug:127.0.0.1 - - [15/Jul/2020 15:03:41] "GET /static/js/main.faeccc6d.chunk.js HTTP/1.1" 200 -
INFO:werkzeug:127.0.0.1 - - [15/Jul/2020 15:03:41] "GET /static/js/2.bce06ede.chunk.js.map HTTP/1.1" 200 -
INFO:werkzeug:127.0.0.1 - - [15/Jul/2020 15:03:41] "GET /static/js/main.faeccc6d.chunk.js.map HTTP/1.1" 200 -
INFO:werkzeug:127.0.0.1 - - [15/Jul/2020 15:03:41] "GET /logo192.png HTTP/1.1" 404 -
INFO:werkzeug:127.0.0.1 - - [15/Jul/2020 15:03:47] "POST /auth HTTP/1.1" 201 -
INFO:werkzeug:127.0.0.1 - - [15/Jul/2020 15:03:47] "GET /api/saltReturns/apply/20200715000000000000/20200715235959595959 HTTP/1.1" 200 -
INFO:werkzeug:127.0.0.1 - - [15/Jul/2020 15:03:47] "GET /api/saltReturns/apply/20200715000000000000/20200715235959595959 HTTP/1.1" 200 -
INFO:werkzeug:127.0.0.1 - - [15/Jul/2020 15:03:53] "GET /get_connected_minions HTTP/1.1" 200 -
INFO:werkzeug:127.0.0.1 - - [15/Jul/2020 15:03:53] "GET /get_connected_minions HTTP/1.1" 200 -
INFO:werkzeug:127.0.0.1 - - [15/Jul/2020 15:04:00] "POST /saltstack_cmd HTTP/1.1" 200 -
INFO:werkzeug:127.0.0.1 - - [15/Jul/2020 15:04:03] "POST /saltstack_cmd HTTP/1.1" 200 -
INFO:werkzeug:127.0.0.1 - - [15/Jul/2020 15:04:10] "POST /saltstack_cmd HTTP/1.1" 200 -
INFO:werkzeug:127.0.0.1 - - [15/Jul/2020 15:05:46] "GET / HTTP/1.1" 304 -
INFO:werkzeug:127.0.0.1 - - [15/Jul/2020 15:05:46] "GET /logo192.png HTTP/1.1" 404 -
INFO:werkzeug:127.0.0.1 - - [15/Jul/2020 15:05:53] "POST /auth HTTP/1.1" 201 -
INFO:werkzeug:127.0.0.1 - - [15/Jul/2020 15:05:53] "GET /api/saltReturns/apply/20200715000000000000/20200715235959595959 HTTP/1.1" 200 -
INFO:werkzeug:127.0.0.1 - - [15/Jul/2020 15:05:53] "GET /api/saltReturns/apply/20200715000000000000/20200715235959595959 HTTP/1.1" 200 -
INFO:werkzeug:127.0.0.1 - - [15/Jul/2020 15:05:57] "GET /get_users HTTP/1.1" 200 -
INFO:werkzeug:127.0.0.1 - - [15/Jul/2020 15:05:58] "GET /get_connected_minions HTTP/1.1" 200 -
INFO:werkzeug:127.0.0.1 - - [15/Jul/2020 15:05:58] "GET /get_connected_minions HTTP/1.1" 200 -
INFO:werkzeug:127.0.0.1 - - [15/Jul/2020 15:05:59] "GET /api/saltReturns/apply/20200701000000000000/20200731235959595959 HTTP/1.1" 200 -
INFO:werkzeug:127.0.0.1 - - [15/Jul/2020 15:06:00] "GET /api/saltReturns/apply/20200401000000000000/20200430235959595959 HTTP/1.1" 200 -
INFO:werkzeug:127.0.0.1 - - [15/Jul/2020 15:06:00] "GET /api/saltReturns/apply/20200501000000000000/20200531235959595959 HTTP/1.1" 200 -
INFO:werkzeug:127.0.0.1 - - [15/Jul/2020 15:06:01] "GET /get_connected_minions HTTP/1.1" 200 -
INFO:werkzeug:127.0.0.1 - - [15/Jul/2020 15:06:01] "GET /get_connected_minions HTTP/1.1" 200 -
INFO:werkzeug:127.0.0.1 - - [15/Jul/2020 15:06:02] "GET /api/saltReturns/apply/20200601000000000000/20200630235959595959 HTTP/1.1" 200 -
INFO:werkzeug:127.0.0.1 - - [15/Jul/2020 15:06:03] "GET /api/saltReturns/apply/20200101000000000000/20201231235959595959 HTTP/1.1" 200 -
INFO:werkzeug:127.0.0.1 - - [15/Jul/2020 15:06:09] "POST /saltstack_cmd HTTP/1.1" 200 -
INFO:werkzeug:127.0.0.1 - - [15/Jul/2020 15:07:30] "GET / HTTP/1.1" 404 -
DEBUG:asyncio:Using selector: EpollSelector
DEBUG:asyncio:Using selector: EpollSelector
INFO:werkzeug: * Running on http://127.0.0.1:5000/ (Press CTRL+C to quit)
INFO:werkzeug:127.0.0.1 - - [15/Jul/2020 15:09:42] "GET / HTTP/1.1" 200 -
INFO:werkzeug:127.0.0.1 - - [15/Jul/2020 15:09:42] "GET /static/js/2.2496efd6.chunk.js HTTP/1.1" 200 -
INFO:werkzeug:127.0.0.1 - - [15/Jul/2020 15:09:42] "GET /static/js/main.027b8565.chunk.js HTTP/1.1" 200 -
INFO:werkzeug:127.0.0.1 - - [15/Jul/2020 15:09:44] "GET /logo192.png HTTP/1.1" 404 -
INFO:werkzeug:127.0.0.1 - - [15/Jul/2020 15:09:49] "POST /auth HTTP/1.1" 201 -
INFO:werkzeug:127.0.0.1 - - [15/Jul/2020 15:09:49] "GET /api/saltReturns/apply/20200715000000000000/20200715235959595959 HTTP/1.1" 200 -
INFO:werkzeug:127.0.0.1 - - [15/Jul/2020 15:09:49] "GET /api/saltReturns/apply/20200715000000000000/20200715235959595959 HTTP/1.1" 200 -
INFO:werkzeug:127.0.0.1 - - [15/Jul/2020 15:09:53] "GET /get_connected_minions HTTP/1.1" 200 -
INFO:werkzeug:127.0.0.1 - - [15/Jul/2020 15:09:53] "GET /get_connected_minions HTTP/1.1" 200 -
INFO:werkzeug:127.0.0.1 - - [15/Jul/2020 15:10:02] "POST /saltstack_cmd HTTP/1.1" 200 -
INFO:werkzeug:127.0.0.1 - - [15/Jul/2020 15:10:05] "GET /static/js/2.2496efd6.chunk.js.map HTTP/1.1" 200 -
INFO:werkzeug:127.0.0.1 - - [15/Jul/2020 15:10:05] "GET /static/js/main.027b8565.chunk.js.map HTTP/1.1" 200 -
INFO:werkzeug:127.0.0.1 - - [15/Jul/2020 15:11:16] "POST /saltstack_cmd HTTP/1.1" 200 -
DEBUG:asyncio:Using selector: EpollSelector
DEBUG:asyncio:Using selector: EpollSelector
INFO:werkzeug: * Running on http://127.0.0.1:5000/ (Press CTRL+C to quit)
INFO:werkzeug:127.0.0.1 - - [15/Jul/2020 15:17:53] "GET / HTTP/1.1" 200 -
INFO:werkzeug:127.0.0.1 - - [15/Jul/2020 15:17:53] "GET /static/js/main.680d7b54.chunk.js HTTP/1.1" 200 -
INFO:werkzeug:127.0.0.1 - - [15/Jul/2020 15:17:53] "GET /static/js/main.680d7b54.chunk.js.map HTTP/1.1" 200 -
INFO:werkzeug:127.0.0.1 - - [15/Jul/2020 15:17:53] "GET /logo192.png HTTP/1.1" 404 -
INFO:werkzeug:127.0.0.1 - - [15/Jul/2020 15:17:59] "POST /auth HTTP/1.1" 201 -
INFO:werkzeug:127.0.0.1 - - [15/Jul/2020 15:17:59] "GET /api/saltReturns/apply/20200715000000000000/20200715235959595959 HTTP/1.1" 200 -
INFO:werkzeug:127.0.0.1 - - [15/Jul/2020 15:17:59] "GET /api/saltReturns/apply/20200715000000000000/20200715235959595959 HTTP/1.1" 200 -
INFO:werkzeug:127.0.0.1 - - [15/Jul/2020 15:18:04] "GET /get_users HTTP/1.1" 200 -
INFO:werkzeug:127.0.0.1 - - [15/Jul/2020 15:18:04] "GET /get_connected_minions HTTP/1.1" 200 -
INFO:werkzeug:127.0.0.1 - - [15/Jul/2020 15:18:04] "GET /get_connected_minions HTTP/1.1" 200 -
INFO:werkzeug:127.0.0.1 - - [15/Jul/2020 15:18:11] "POST /saltstack_cmd HTTP/1.1" 200 -
DEBUG:asyncio:Using selector: EpollSelector
DEBUG:asyncio:Using selector: EpollSelector
INFO:werkzeug: * Running on http://127.0.0.1:5000/ (Press CTRL+C to quit)
INFO:werkzeug:127.0.0.1 - - [15/Jul/2020 15:22:29] "GET / HTTP/1.1" 404 -
INFO:werkzeug:127.0.0.1 - - [15/Jul/2020 15:23:31] "GET / HTTP/1.1" 200 -
INFO:werkzeug:127.0.0.1 - - [15/Jul/2020 15:23:31] "GET /static/js/main.f6eadeb4.chunk.js HTTP/1.1" 200 -
INFO:werkzeug:127.0.0.1 - - [15/Jul/2020 15:23:33] "GET /static/js/main.f6eadeb4.chunk.js.map HTTP/1.1" 200 -
INFO:werkzeug:127.0.0.1 - - [15/Jul/2020 15:23:33] "GET /logo192.png HTTP/1.1" 404 -
INFO:werkzeug:127.0.0.1 - - [15/Jul/2020 15:23:38] "POST /auth HTTP/1.1" 201 -
INFO:werkzeug:127.0.0.1 - - [15/Jul/2020 15:23:39] "GET /api/saltReturns/apply/20200715000000000000/20200715235959595959 HTTP/1.1" 200 -
INFO:werkzeug:127.0.0.1 - - [15/Jul/2020 15:23:39] "GET /api/saltReturns/apply/20200715000000000000/20200715235959595959 HTTP/1.1" 200 -
INFO:werkzeug:127.0.0.1 - - [15/Jul/2020 15:23:42] "GET /get_connected_minions HTTP/1.1" 200 -
INFO:werkzeug:127.0.0.1 - - [15/Jul/2020 15:23:42] "GET /get_connected_minions HTTP/1.1" 200 -
INFO:werkzeug:127.0.0.1 - - [15/Jul/2020 15:23:50] "POST /saltstack_cmd HTTP/1.1" 200 -
INFO:werkzeug:127.0.0.1 - - [15/Jul/2020 15:25:33] "GET / HTTP/1.1" 304 -
INFO:werkzeug:127.0.0.1 - - [15/Jul/2020 15:25:33] "GET /logo192.png HTTP/1.1" 404 -
INFO:werkzeug:127.0.0.1 - - [15/Jul/2020 15:25:38] "POST /auth HTTP/1.1" 201 -
INFO:werkzeug:127.0.0.1 - - [15/Jul/2020 15:25:39] "GET /api/saltReturns/apply/20200715000000000000/20200715235959595959 HTTP/1.1" 200 -
INFO:werkzeug:127.0.0.1 - - [15/Jul/2020 15:25:39] "GET /api/saltReturns/apply/20200715000000000000/20200715235959595959 HTTP/1.1" 200 -
INFO:werkzeug:127.0.0.1 - - [15/Jul/2020 15:25:41] "GET /get_connected_minions HTTP/1.1" 200 -
INFO:werkzeug:127.0.0.1 - - [15/Jul/2020 15:25:41] "GET /get_connected_minions HTTP/1.1" 200 -
INFO:werkzeug:127.0.0.1 - - [15/Jul/2020 15:25:49] "POST /saltstack_cmd HTTP/1.1" 200 -
INFO:werkzeug:127.0.0.1 - - [15/Jul/2020 15:26:24] "GET / HTTP/1.1" 304 -
INFO:werkzeug:127.0.0.1 - - [15/Jul/2020 15:26:25] "GET /logo192.png HTTP/1.1" 404 -
INFO:werkzeug:127.0.0.1 - - [15/Jul/2020 15:26:31] "POST /auth HTTP/1.1" 201 -
INFO:werkzeug:127.0.0.1 - - [15/Jul/2020 15:26:31] "GET /api/saltReturns/apply/20200715000000000000/20200715235959595959 HTTP/1.1" 200 -
INFO:werkzeug:127.0.0.1 - - [15/Jul/2020 15:26:31] "GET /api/saltReturns/apply/20200715000000000000/20200715235959595959 HTTP/1.1" 200 -
INFO:werkzeug:127.0.0.1 - - [15/Jul/2020 15:26:33] "GET /get_connected_minions HTTP/1.1" 200 -
INFO:werkzeug:127.0.0.1 - - [15/Jul/2020 15:26:33] "GET /get_connected_minions HTTP/1.1" 200 -
INFO:werkzeug:127.0.0.1 - - [15/Jul/2020 15:26:40] "POST /saltstack_cmd HTTP/1.1" 200 -
INFO:werkzeug:127.0.0.1 - - [15/Jul/2020 15:30:11] "GET / HTTP/1.1" 200 -
INFO:werkzeug:127.0.0.1 - - [15/Jul/2020 15:30:11] "GET /logo192.png HTTP/1.1" 404 -
INFO:werkzeug:127.0.0.1 - - [15/Jul/2020 15:30:16] "POST /auth HTTP/1.1" 201 -
INFO:werkzeug:127.0.0.1 - - [15/Jul/2020 15:30:17] "GET /api/saltReturns/apply/20200715000000000000/20200715235959595959 HTTP/1.1" 200 -
INFO:werkzeug:127.0.0.1 - - [15/Jul/2020 15:30:17] "GET /api/saltReturns/apply/20200715000000000000/20200715235959595959 HTTP/1.1" 200 -
INFO:werkzeug:127.0.0.1 - - [15/Jul/2020 15:30:18] "GET /get_connected_minions HTTP/1.1" 200 -
INFO:werkzeug:127.0.0.1 - - [15/Jul/2020 15:30:18] "GET /get_connected_minions HTTP/1.1" 200 -
INFO:werkzeug:127.0.0.1 - - [15/Jul/2020 15:30:25] "POST /saltstack_cmd HTTP/1.1" 200 -
INFO:werkzeug:127.0.0.1 - - [15/Jul/2020 15:34:06] "GET / HTTP/1.1" 200 -
INFO:werkzeug:127.0.0.1 - - [15/Jul/2020 15:34:06] "GET /static/js/main.60698fbf.chunk.js HTTP/1.1" 200 -
INFO:werkzeug:127.0.0.1 - - [15/Jul/2020 15:34:07] "GET /logo192.png HTTP/1.1" 404 -
INFO:werkzeug:127.0.0.1 - - [15/Jul/2020 15:34:07] "GET /static/js/main.60698fbf.chunk.js.map HTTP/1.1" 200 -
INFO:werkzeug:127.0.0.1 - - [15/Jul/2020 15:34:12] "POST /auth HTTP/1.1" 201 -
INFO:werkzeug:127.0.0.1 - - [15/Jul/2020 15:34:12] "GET /api/saltReturns/apply/20200715000000000000/20200715235959595959 HTTP/1.1" 200 -
INFO:werkzeug:127.0.0.1 - - [15/Jul/2020 15:34:12] "GET /api/saltReturns/apply/20200715000000000000/20200715235959595959 HTTP/1.1" 200 -
INFO:werkzeug:127.0.0.1 - - [15/Jul/2020 15:34:14] "GET /get_connected_minions HTTP/1.1" 200 -
INFO:werkzeug:127.0.0.1 - - [15/Jul/2020 15:34:14] "GET /get_connected_minions HTTP/1.1" 200 -
INFO:werkzeug:127.0.0.1 - - [15/Jul/2020 15:34:20] "POST /saltstack_cmd HTTP/1.1" 200 -
INFO:werkzeug:127.0.0.1 - - [15/Jul/2020 15:34:45] "POST /saltstack_cmd HTTP/1.1" 200 -
INFO:werkzeug:127.0.0.1 - - [15/Jul/2020 15:38:57] "GET / HTTP/1.1" 200 -
INFO:werkzeug:127.0.0.1 - - [15/Jul/2020 15:38:57] "GET /static/js/main.64029330.chunk.js HTTP/1.1" 200 -
INFO:werkzeug:127.0.0.1 - - [15/Jul/2020 15:38:57] "GET /static/js/main.64029330.chunk.js.map HTTP/1.1" 200 -
INFO:werkzeug:127.0.0.1 - - [15/Jul/2020 15:38:57] "GET /logo192.png HTTP/1.1" 404 -
INFO:werkzeug:127.0.0.1 - - [15/Jul/2020 15:39:02] "POST /auth HTTP/1.1" 201 -
INFO:werkzeug:127.0.0.1 - - [15/Jul/2020 15:39:02] "GET /api/saltReturns/apply/20200715000000000000/20200715235959595959 HTTP/1.1" 200 -
INFO:werkzeug:127.0.0.1 - - [15/Jul/2020 15:39:02] "GET /api/saltReturns/apply/20200715000000000000/20200715235959595959 HTTP/1.1" 200 -
INFO:werkzeug:127.0.0.1 - - [15/Jul/2020 15:39:04] "GET /get_connected_minions HTTP/1.1" 200 -
INFO:werkzeug:127.0.0.1 - - [15/Jul/2020 15:39:04] "GET /get_connected_minions HTTP/1.1" 200 -
INFO:werkzeug:127.0.0.1 - - [15/Jul/2020 15:39:11] "POST /saltstack_cmd HTTP/1.1" 200 -
INFO:werkzeug:127.0.0.1 - - [15/Jul/2020 15:43:46] "GET / HTTP/1.1" 200 -
INFO:werkzeug:127.0.0.1 - - [15/Jul/2020 15:43:46] "GET /static/js/main.ded97d35.chunk.js HTTP/1.1" 200 -
INFO:werkzeug:127.0.0.1 - - [15/Jul/2020 15:43:47] "GET /static/js/main.ded97d35.chunk.js.map HTTP/1.1" 200 -
INFO:werkzeug:127.0.0.1 - - [15/Jul/2020 15:43:47] "GET /logo192.png HTTP/1.1" 404 -
INFO:werkzeug:127.0.0.1 - - [15/Jul/2020 15:43:52] "POST /auth HTTP/1.1" 201 -
INFO:werkzeug:127.0.0.1 - - [15/Jul/2020 15:43:52] "GET /api/saltReturns/apply/20200715000000000000/20200715235959595959 HTTP/1.1" 200 -
INFO:werkzeug:127.0.0.1 - - [15/Jul/2020 15:43:52] "GET /api/saltReturns/apply/20200715000000000000/20200715235959595959 HTTP/1.1" 200 -
INFO:werkzeug:127.0.0.1 - - [15/Jul/2020 15:43:57] "GET /get_connected_minions HTTP/1.1" 200 -
INFO:werkzeug:127.0.0.1 - - [15/Jul/2020 15:43:57] "GET /get_connected_minions HTTP/1.1" 200 -
INFO:werkzeug:127.0.0.1 - - [15/Jul/2020 15:44:04] "POST /saltstack_cmd HTTP/1.1" 200 -
INFO:werkzeug:127.0.0.1 - - [15/Jul/2020 15:48:27] "GET / HTTP/1.1" 200 -
INFO:werkzeug:127.0.0.1 - - [15/Jul/2020 15:48:27] "GET /static/js/main.38d77219.chunk.js HTTP/1.1" 200 -
INFO:werkzeug:127.0.0.1 - - [15/Jul/2020 15:48:28] "GET /static/js/main.38d77219.chunk.js.map HTTP/1.1" 200 -
INFO:werkzeug:127.0.0.1 - - [15/Jul/2020 15:48:28] "GET /logo192.png HTTP/1.1" 404 -
INFO:werkzeug:127.0.0.1 - - [15/Jul/2020 15:48:33] "POST /auth HTTP/1.1" 201 -
INFO:werkzeug:127.0.0.1 - - [15/Jul/2020 15:48:34] "GET /api/saltReturns/apply/20200715000000000000/20200715235959595959 HTTP/1.1" 200 -
INFO:werkzeug:127.0.0.1 - - [15/Jul/2020 15:48:34] "GET /api/saltReturns/apply/20200715000000000000/20200715235959595959 HTTP/1.1" 200 -
INFO:werkzeug:127.0.0.1 - - [15/Jul/2020 15:48:36] "GET /get_connected_minions HTTP/1.1" 200 -
INFO:werkzeug:127.0.0.1 - - [15/Jul/2020 15:48:36] "GET /get_connected_minions HTTP/1.1" 200 -
INFO:werkzeug:127.0.0.1 - - [15/Jul/2020 15:48:44] "POST /saltstack_cmd HTTP/1.1" 200 -
INFO:werkzeug:127.0.0.1 - - [15/Jul/2020 15:52:24] "GET / HTTP/1.1" 200 -
INFO:werkzeug:127.0.0.1 - - [15/Jul/2020 15:52:24] "GET /static/js/main.c5d695e0.chunk.js HTTP/1.1" 200 -
INFO:werkzeug:127.0.0.1 - - [15/Jul/2020 15:52:24] "GET /logo192.png HTTP/1.1" 404 -
INFO:werkzeug:127.0.0.1 - - [15/Jul/2020 15:52:24] "GET /static/js/main.c5d695e0.chunk.js.map HTTP/1.1" 200 -
INFO:werkzeug:127.0.0.1 - - [15/Jul/2020 15:52:29] "POST /auth HTTP/1.1" 201 -
INFO:werkzeug:127.0.0.1 - - [15/Jul/2020 15:52:29] "GET /api/saltReturns/apply/20200715000000000000/20200715235959595959 HTTP/1.1" 200 -
INFO:werkzeug:127.0.0.1 - - [15/Jul/2020 15:52:29] "GET /api/saltReturns/apply/20200715000000000000/20200715235959595959 HTTP/1.1" 200 -
INFO:werkzeug:127.0.0.1 - - [15/Jul/2020 15:52:31] "GET /get_connected_minions HTTP/1.1" 200 -
INFO:werkzeug:127.0.0.1 - - [15/Jul/2020 15:52:31] "GET /get_connected_minions HTTP/1.1" 200 -
INFO:werkzeug:127.0.0.1 - - [15/Jul/2020 15:52:38] "POST /saltstack_cmd HTTP/1.1" 200 -
INFO:werkzeug:127.0.0.1 - - [15/Jul/2020 15:52:42] "POST /saltstack_cmd HTTP/1.1" 200 -
INFO:werkzeug:127.0.0.1 - - [15/Jul/2020 15:56:26] "GET / HTTP/1.1" 200 -
INFO:werkzeug:127.0.0.1 - - [15/Jul/2020 15:56:26] "GET /static/js/main.db639595.chunk.js HTTP/1.1" 200 -
INFO:werkzeug:127.0.0.1 - - [15/Jul/2020 15:56:27] "GET /logo192.png HTTP/1.1" 404 -
INFO:werkzeug:127.0.0.1 - - [15/Jul/2020 15:56:27] "GET /static/js/main.db639595.chunk.js.map HTTP/1.1" 200 -
INFO:werkzeug:127.0.0.1 - - [15/Jul/2020 15:56:31] "POST /auth HTTP/1.1" 201 -
INFO:werkzeug:127.0.0.1 - - [15/Jul/2020 15:56:31] "GET /api/saltReturns/apply/20200715000000000000/20200715235959595959 HTTP/1.1" 200 -
INFO:werkzeug:127.0.0.1 - - [15/Jul/2020 15:56:31] "GET /api/saltReturns/apply/20200715000000000000/20200715235959595959 HTTP/1.1" 200 -
INFO:werkzeug:127.0.0.1 - - [15/Jul/2020 15:56:33] "GET /get_connected_minions HTTP/1.1" 200 -
INFO:werkzeug:127.0.0.1 - - [15/Jul/2020 15:56:33] "GET /get_connected_minions HTTP/1.1" 200 -
INFO:werkzeug:127.0.0.1 - - [15/Jul/2020 15:56:40] "POST /saltstack_cmd HTTP/1.1" 200 -
INFO:werkzeug:127.0.0.1 - - [15/Jul/2020 15:56:55] "POST /saltstack_cmd HTTP/1.1" 200 -
INFO:werkzeug:127.0.0.1 - - [15/Jul/2020 16:00:42] "POST /saltstack_cmd HTTP/1.1" 200 -
INFO:werkzeug:127.0.0.1 - - [15/Jul/2020 16:01:14] "POST /saltstack_cmd HTTP/1.1" 200 -
INFO:werkzeug:127.0.0.1 - - [15/Jul/2020 16:01:28] "POST /saltstack_cmd HTTP/1.1" 200 -
INFO:werkzeug:127.0.0.1 - - [15/Jul/2020 16:02:27] "POST /saltstack_cmd HTTP/1.1" 200 -
DEBUG:asyncio:Using selector: EpollSelector
DEBUG:asyncio:Using selector: EpollSelector
INFO:werkzeug: * Running on http://127.0.0.1:5000/ (Press CTRL+C to quit)
INFO:werkzeug:127.0.0.1 - - [15/Jul/2020 16:03:18] "GET /api/saltReturns/apply/20200401000000000000/20200430235959595959 HTTP/1.1" 200 -
INFO:werkzeug:127.0.0.1 - - [15/Jul/2020 16:03:18] "GET /api/saltReturns/apply/20200501000000000000/20200531235959595959 HTTP/1.1" 200 -
INFO:werkzeug:127.0.0.1 - - [15/Jul/2020 16:03:19] "GET /api/saltReturns/apply/20200701000000000000/20200731235959595959 HTTP/1.1" 200 -
INFO:werkzeug:127.0.0.1 - - [15/Jul/2020 16:03:20] "GET /api/saltReturns/apply/20200601000000000000/20200630235959595959 HTTP/1.1" 200 -
INFO:werkzeug:127.0.0.1 - - [15/Jul/2020 16:03:22] "GET /api/saltReturns/apply/20200401000000000000/20200430235959595959 HTTP/1.1" 200 -
INFO:werkzeug:127.0.0.1 - - [15/Jul/2020 16:03:22] "GET /api/saltReturns/apply/20200501000000000000/20200531235959595959 HTTP/1.1" 200 -
INFO:werkzeug:127.0.0.1 - - [15/Jul/2020 16:03:23] "GET /api/saltReturns/apply/20200601000000000000/20200630235959595959 HTTP/1.1" 200 -
INFO:werkzeug:127.0.0.1 - - [15/Jul/2020 16:03:27] "GET /api/saltReturns/apply/20200101000000000000/20201231235959595959 HTTP/1.1" 200 -
DEBUG:asyncio:Using selector: EpollSelector
DEBUG:asyncio:Using selector: EpollSelector
DEBUG:asyncio:Using selector: EpollSelector
INFO:werkzeug: * Running on http://127.0.0.1:5000/ (Press CTRL+C to quit)
INFO:werkzeug:127.0.0.1 - - [15/Jul/2020 16:57:08] "POST /auth HTTP/1.1" 201 -
INFO:werkzeug:127.0.0.1 - - [15/Jul/2020 16:57:08] "GET /api/saltReturns/apply/20200715000000000000/20200715235959595959 HTTP/1.1" 200 -
INFO:werkzeug:127.0.0.1 - - [15/Jul/2020 16:57:08] "GET /api/saltReturns/apply/20200715000000000000/20200715235959595959 HTTP/1.1" 200 -
INFO:werkzeug:127.0.0.1 - - [15/Jul/2020 16:57:11] "GET /get_users HTTP/1.1" 200 -
INFO:werkzeug:127.0.0.1 - - [15/Jul/2020 16:57:12] "GET /api/saltReturns/apply/20200401000000000000/20200430235959595959 HTTP/1.1" 200 -
INFO:werkzeug:127.0.0.1 - - [15/Jul/2020 16:57:13] "GET /api/saltReturns/apply/20200501000000000000/20200531235959595959 HTTP/1.1" 200 -
INFO:werkzeug:127.0.0.1 - - [15/Jul/2020 16:57:15] "GET /api/saltReturns/apply/20200601000000000000/20200630235959595959 HTTP/1.1" 200 -
INFO:werkzeug:127.0.0.1 - - [15/Jul/2020 16:57:16] "GET /api/saltReturns/apply/20200101000000000000/20201231235959595959 HTTP/1.1" 200 -
INFO:werkzeug:127.0.0.1 - - [15/Jul/2020 16:57:18] "GET /api/saltReturns/apply/20200401000000000000/20200430235959595959 HTTP/1.1" 200 -
INFO:werkzeug:127.0.0.1 - - [15/Jul/2020 16:57:18] "GET /api/saltReturns/apply/20200501000000000000/20200531235959595959 HTTP/1.1" 200 -
INFO:werkzeug:127.0.0.1 - - [15/Jul/2020 16:57:19] "GET /api/saltReturns/apply/20200601000000000000/20200630235959595959 HTTP/1.1" 200 -
INFO:werkzeug:127.0.0.1 - - [15/Jul/2020 16:57:23] "GET /api/saltReturns/apply/20200701000000000000/20200731235959595959 HTTP/1.1" 200 -
INFO:werkzeug:127.0.0.1 - - [15/Jul/2020 16:57:24] "GET /api/saltReturns/apply/20200401000000000000/20200430235959595959 HTTP/1.1" 200 -
INFO:werkzeug:127.0.0.1 - - [15/Jul/2020 16:57:25] "GET /api/saltReturns/apply/20200501000000000000/20200531235959595959 HTTP/1.1" 200 -
INFO:werkzeug:127.0.0.1 - - [15/Jul/2020 16:57:25] "GET /get_connected_minions HTTP/1.1" 200 -
INFO:werkzeug:127.0.0.1 - - [15/Jul/2020 16:57:25] "GET /get_connected_minions HTTP/1.1" 200 -
INFO:werkzeug:127.0.0.1 - - [15/Jul/2020 16:57:26] "GET /api/saltReturns/apply/20200601000000000000/20200630235959595959 HTTP/1.1" 200 -
INFO:werkzeug:127.0.0.1 - - [15/Jul/2020 16:57:54] "GET /api/saltReturns/apply/20200101000000000000/20201231235959595959 HTTP/1.1" 200 -
INFO:werkzeug:127.0.0.1 - - [15/Jul/2020 17:34:35] "GET / HTTP/1.1" 304 -
INFO:werkzeug:127.0.0.1 - - [15/Jul/2020 17:34:35] "GET /logo192.png HTTP/1.1" 404 -
INFO:werkzeug:127.0.0.1 - - [15/Jul/2020 17:34:48] "POST /auth HTTP/1.1" 201 -
INFO:werkzeug:127.0.0.1 - - [15/Jul/2020 17:34:48] "GET /api/saltReturns/apply/20200715000000000000/20200715235959595959 HTTP/1.1" 200 -
INFO:werkzeug:127.0.0.1 - - [15/Jul/2020 17:34:48] "GET /api/saltReturns/apply/20200715000000000000/20200715235959595959 HTTP/1.1" 200 -
INFO:werkzeug:127.0.0.1 - - [15/Jul/2020 17:34:57] "GET /api/saltReturns/apply/20190715000000000000/20200715235959595959 HTTP/1.1" 200 -
INFO:werkzeug:127.0.0.1 - - [15/Jul/2020 18:53:24] "GET /get_users HTTP/1.1" 401 -
INFO:werkzeug:127.0.0.1 - - [15/Jul/2020 18:53:28] "GET / HTTP/1.1" 304 -
INFO:werkzeug:127.0.0.1 - - [15/Jul/2020 18:53:29] "GET /logo192.png HTTP/1.1" 404 -
INFO:werkzeug:127.0.0.1 - - [15/Jul/2020 18:53:29] "GET /favicon.ico HTTP/1.1" 200 -
INFO:werkzeug:127.0.0.1 - - [15/Jul/2020 18:53:34] "POST /auth HTTP/1.1" 201 -
INFO:werkzeug:127.0.0.1 - - [15/Jul/2020 18:53:34] "GET /api/saltReturns/apply/20200715000000000000/20200715235959595959 HTTP/1.1" 200 -
INFO:werkzeug:127.0.0.1 - - [15/Jul/2020 18:53:34] "GET /api/saltReturns/apply/20200715000000000000/20200715235959595959 HTTP/1.1" 200 -
INFO:werkzeug:127.0.0.1 - - [15/Jul/2020 18:53:36] "GET /get_users HTTP/1.1" 200 -
DEBUG:asyncio:Using selector: EpollSelector
DEBUG:asyncio:Using selector: EpollSelector
INFO:werkzeug: * Running on http://127.0.0.1:5000/ (Press CTRL+C to quit)
INFO:werkzeug:127.0.0.1 - - [16/Jul/2020 13:16:12] "GET / HTTP/1.1" 304 -
INFO:werkzeug:127.0.0.1 - - [16/Jul/2020 13:16:12] "GET /static/js/main.db639595.chunk.js HTTP/1.1" 304 -
INFO:werkzeug:127.0.0.1 - - [16/Jul/2020 13:16:12] "GET /static/js/2.2496efd6.chunk.js HTTP/1.1" 200 -
INFO:werkzeug:127.0.0.1 - - [16/Jul/2020 13:16:12] "GET /static/css/main.c6281679.chunk.css HTTP/1.1" 200 -
INFO:werkzeug:127.0.0.1 - - [16/Jul/2020 13:16:14] "GET /manifest.json HTTP/1.1" 200 -
INFO:werkzeug:127.0.0.1 - - [16/Jul/2020 13:16:14] "GET /logo192.png HTTP/1.1" 404 -
INFO:werkzeug:127.0.0.1 - - [16/Jul/2020 13:16:19] "POST /auth HTTP/1.1" 201 -
INFO:werkzeug:127.0.0.1 - - [16/Jul/2020 13:16:19] "GET /api/saltReturns/apply/20200716000000000000/20200716235959595959 HTTP/1.1" 200 -
INFO:werkzeug:127.0.0.1 - - [16/Jul/2020 13:16:19] "GET /api/saltReturns/apply/20200716000000000000/20200716235959595959 HTTP/1.1" 200 -
INFO:werkzeug:127.0.0.1 - - [16/Jul/2020 13:16:22] "GET /api/saltReturns/apply/20200701000000000000/20200731235959595959 HTTP/1.1" 200 -
INFO:werkzeug:127.0.0.1 - - [16/Jul/2020 13:16:23] "GET /get_connected_minions HTTP/1.1" 200 -
INFO:werkzeug:127.0.0.1 - - [16/Jul/2020 13:16:23] "GET /get_connected_minions HTTP/1.1" 200 -
INFO:werkzeug:127.0.0.1 - - [16/Jul/2020 13:16:33] "POST /saltstack_cmd HTTP/1.1" 200 -
INFO:werkzeug:127.0.0.1 - - [16/Jul/2020 13:16:36] "POST /saltstack_cmd HTTP/1.1" 200 -
INFO:werkzeug:127.0.0.1 - - [16/Jul/2020 13:16:44] "GET /static/js/main.db639595.chunk.js.map HTTP/1.1" 304 -
INFO:werkzeug:127.0.0.1 - - [16/Jul/2020 13:16:44] "GET /static/js/2.2496efd6.chunk.js.map HTTP/1.1" 200 -
INFO:werkzeug:127.0.0.1 - - [16/Jul/2020 13:16:45] "GET /static/css/main.c6281679.chunk.css.map HTTP/1.1" 200 -
INFO:werkzeug:127.0.0.1 - - [16/Jul/2020 13:17:20] "POST /saltstack_cmd HTTP/1.1" 200 -
INFO:werkzeug:127.0.0.1 - - [16/Jul/2020 13:18:17] "POST /saltstack_cmd HTTP/1.1" 200 -
INFO:werkzeug:127.0.0.1 - - [16/Jul/2020 13:18:23] "POST /saltstack_cmd HTTP/1.1" 200 -
INFO:werkzeug:127.0.0.1 - - [16/Jul/2020 13:18:45] "POST /saltstack_cmd HTTP/1.1" 200 -
INFO:werkzeug:127.0.0.1 - - [16/Jul/2020 13:19:33] "POST /saltstack_cmd HTTP/1.1" 200 -
ERROR:backend.app:Exception on /saltstack_cmd [POST]
Traceback (most recent call last):
  File "/home/avraham/SaltStack/backend/venv/lib/python3.7/site-packages/flask/app.py", line 2446, in wsgi_app
    response = self.full_dispatch_request()
  File "/home/avraham/SaltStack/backend/venv/lib/python3.7/site-packages/flask/app.py", line 1951, in full_dispatch_request
    rv = self.handle_user_exception(e)
  File "/home/avraham/SaltStack/backend/venv/lib/python3.7/site-packages/flask_cors/extension.py", line 161, in wrapped_function
    return cors_after_request(app.make_response(f(*args, **kwargs)))
  File "/home/avraham/SaltStack/backend/venv/lib/python3.7/site-packages/flask/app.py", line 1820, in handle_user_exception
    reraise(exc_type, exc_value, tb)
  File "/home/avraham/SaltStack/backend/venv/lib/python3.7/site-packages/flask/_compat.py", line 39, in reraise
    raise value
  File "/home/avraham/SaltStack/backend/venv/lib/python3.7/site-packages/flask/app.py", line 1949, in full_dispatch_request
    rv = self.dispatch_request()
  File "/home/avraham/SaltStack/backend/venv/lib/python3.7/site-packages/flask/app.py", line 1935, in dispatch_request
    return self.view_functions[rule.endpoint](**req.view_args)
  File "/home/avraham/SaltStack/backend/venv/lib/python3.7/site-packages/flask_jwt_extended/view_decorators.py", line 108, in wrapper
    return fn(*args, **kwargs)
  File "/home/avraham/SaltStack/backend/routes/cmd.py", line 79, in saltstack_cmd
    res = loop.run_until_complete(run_cmd(*cmd_args))
  File "/usr/lib/python3.7/asyncio/base_events.py", line 566, in run_until_complete
    self.run_forever()
  File "/usr/lib/python3.7/asyncio/base_events.py", line 521, in run_forever
    raise RuntimeError('This event loop is already running')
RuntimeError: This event loop is already running
INFO:werkzeug:127.0.0.1 - - [16/Jul/2020 13:20:22] "POST /saltstack_cmd HTTP/1.1" 200 -
INFO:werkzeug:127.0.0.1 - - [16/Jul/2020 13:20:23] "POST /saltstack_cmd HTTP/1.1" 500 -
INFO:werkzeug:127.0.0.1 - - [16/Jul/2020 13:21:03] "GET / HTTP/1.1" 304 -
INFO:werkzeug:127.0.0.1 - - [16/Jul/2020 13:21:05] "GET /logo192.png HTTP/1.1" 404 -
INFO:werkzeug:127.0.0.1 - - [16/Jul/2020 13:21:10] "POST /auth HTTP/1.1" 201 -
INFO:werkzeug:127.0.0.1 - - [16/Jul/2020 13:21:11] "GET /api/saltReturns/apply/20200716000000000000/20200716235959595959 HTTP/1.1" 200 -
INFO:werkzeug:127.0.0.1 - - [16/Jul/2020 13:21:11] "GET /api/saltReturns/apply/20200716000000000000/20200716235959595959 HTTP/1.1" 200 -
INFO:werkzeug:127.0.0.1 - - [16/Jul/2020 13:21:13] "GET /get_connected_minions HTTP/1.1" 200 -
INFO:werkzeug:127.0.0.1 - - [16/Jul/2020 13:21:13] "GET /get_connected_minions HTTP/1.1" 200 -
INFO:werkzeug:127.0.0.1 - - [16/Jul/2020 13:21:25] "POST /saltstack_cmd HTTP/1.1" 200 -
ERROR:backend.app:Exception on /saltstack_cmd [POST]
Traceback (most recent call last):
  File "/home/avraham/SaltStack/backend/venv/lib/python3.7/site-packages/flask/app.py", line 2446, in wsgi_app
    response = self.full_dispatch_request()
  File "/home/avraham/SaltStack/backend/venv/lib/python3.7/site-packages/flask/app.py", line 1951, in full_dispatch_request
    rv = self.handle_user_exception(e)
  File "/home/avraham/SaltStack/backend/venv/lib/python3.7/site-packages/flask_cors/extension.py", line 161, in wrapped_function
    return cors_after_request(app.make_response(f(*args, **kwargs)))
  File "/home/avraham/SaltStack/backend/venv/lib/python3.7/site-packages/flask/app.py", line 1820, in handle_user_exception
    reraise(exc_type, exc_value, tb)
  File "/home/avraham/SaltStack/backend/venv/lib/python3.7/site-packages/flask/_compat.py", line 39, in reraise
    raise value
  File "/home/avraham/SaltStack/backend/venv/lib/python3.7/site-packages/flask/app.py", line 1949, in full_dispatch_request
    rv = self.dispatch_request()
  File "/home/avraham/SaltStack/backend/venv/lib/python3.7/site-packages/flask/app.py", line 1935, in dispatch_request
    return self.view_functions[rule.endpoint](**req.view_args)
  File "/home/avraham/SaltStack/backend/venv/lib/python3.7/site-packages/flask_jwt_extended/view_decorators.py", line 108, in wrapper
    return fn(*args, **kwargs)
  File "/home/avraham/SaltStack/backend/routes/cmd.py", line 79, in saltstack_cmd
    res = loop.run_until_complete(run_cmd(*cmd_args))
  File "/usr/lib/python3.7/asyncio/base_events.py", line 566, in run_until_complete
    self.run_forever()
  File "/usr/lib/python3.7/asyncio/base_events.py", line 521, in run_forever
    raise RuntimeError('This event loop is already running')
RuntimeError: This event loop is already running
INFO:werkzeug:127.0.0.1 - - [16/Jul/2020 13:21:29] "POST /saltstack_cmd HTTP/1.1" 500 -
INFO:werkzeug:127.0.0.1 - - [16/Jul/2020 13:21:29] "POST /saltstack_cmd HTTP/1.1" 200 -
DEBUG:asyncio:Using selector: EpollSelector
INFO:werkzeug: * Running on http://127.0.0.1:5000/ (Press CTRL+C to quit)
INFO:werkzeug:127.0.0.1 - - [16/Jul/2020 13:37:56] "GET / HTTP/1.1" 304 -
INFO:werkzeug:127.0.0.1 - - [16/Jul/2020 13:37:58] "GET /logo192.png HTTP/1.1" 404 -
INFO:werkzeug:127.0.0.1 - - [16/Jul/2020 13:38:03] "POST /auth HTTP/1.1" 201 -
INFO:werkzeug:127.0.0.1 - - [16/Jul/2020 13:38:03] "GET /api/saltReturns/apply/20200716000000000000/20200716235959595959 HTTP/1.1" 200 -
INFO:werkzeug:127.0.0.1 - - [16/Jul/2020 13:38:03] "GET /api/saltReturns/apply/20200716000000000000/20200716235959595959 HTTP/1.1" 200 -
INFO:werkzeug:127.0.0.1 - - [16/Jul/2020 13:38:12] "GET /api/saltReturns/apply/20190716000000000000/20200716235959595959 HTTP/1.1" 200 -
INFO:werkzeug:127.0.0.1 - - [16/Jul/2020 13:38:16] "GET /get_connected_minions HTTP/1.1" 200 -
INFO:werkzeug:127.0.0.1 - - [16/Jul/2020 13:38:16] "GET /get_connected_minions HTTP/1.1" 200 -
DEBUG:asyncio:Using selector: EpollSelector
INFO:werkzeug:127.0.0.1 - - [16/Jul/2020 13:38:22] "POST /saltstack_cmd HTTP/1.1" 200 -
DEBUG:asyncio:Using selector: EpollSelector
INFO:werkzeug:127.0.0.1 - - [16/Jul/2020 13:38:34] "POST /saltstack_cmd HTTP/1.1" 200 -
DEBUG:asyncio:Using selector: EpollSelector
INFO:werkzeug:127.0.0.1 - - [16/Jul/2020 13:38:38] "POST /saltstack_cmd HTTP/1.1" 200 -
DEBUG:asyncio:Using selector: EpollSelector
DEBUG:asyncio:Using selector: EpollSelector
INFO:werkzeug:127.0.0.1 - - [16/Jul/2020 13:38:42] "POST /saltstack_cmd HTTP/1.1" 200 -
INFO:werkzeug:127.0.0.1 - - [16/Jul/2020 13:38:44] "POST /saltstack_cmd HTTP/1.1" 200 -
DEBUG:asyncio:Using selector: EpollSelector
DEBUG:asyncio:Using selector: EpollSelector
INFO:werkzeug:127.0.0.1 - - [16/Jul/2020 13:39:46] "POST /saltstack_cmd HTTP/1.1" 200 -
INFO:werkzeug:127.0.0.1 - - [16/Jul/2020 13:39:48] "POST /saltstack_cmd HTTP/1.1" 200 -
INFO:werkzeug:127.0.0.1 - - [16/Jul/2020 13:40:06] "GET / HTTP/1.1" 304 -
INFO:werkzeug:127.0.0.1 - - [16/Jul/2020 13:40:07] "GET /logo192.png HTTP/1.1" 404 -
INFO:werkzeug:127.0.0.1 - - [16/Jul/2020 13:40:30] "POST /auth HTTP/1.1" 201 -
INFO:werkzeug:127.0.0.1 - - [16/Jul/2020 13:40:30] "GET /api/saltReturns/apply/20200716000000000000/20200716235959595959 HTTP/1.1" 200 -
INFO:werkzeug:127.0.0.1 - - [16/Jul/2020 13:40:30] "GET /api/saltReturns/apply/20200716000000000000/20200716235959595959 HTTP/1.1" 200 -
INFO:werkzeug:127.0.0.1 - - [16/Jul/2020 13:40:35] "GET /get_connected_minions HTTP/1.1" 200 -
INFO:werkzeug:127.0.0.1 - - [16/Jul/2020 13:40:35] "GET /get_connected_minions HTTP/1.1" 200 -
DEBUG:asyncio:Using selector: EpollSelector
INFO:werkzeug:127.0.0.1 - - [16/Jul/2020 13:40:41] "POST /saltstack_cmd HTTP/1.1" 200 -
DEBUG:asyncio:Using selector: EpollSelector
INFO:werkzeug:127.0.0.1 - - [16/Jul/2020 13:40:45] "POST /saltstack_cmd HTTP/1.1" 200 -
DEBUG:asyncio:Using selector: EpollSelector
INFO:werkzeug:127.0.0.1 - - [16/Jul/2020 13:40:49] "POST /saltstack_cmd HTTP/1.1" 200 -
DEBUG:asyncio:Using selector: EpollSelector
INFO:werkzeug: * Running on http://127.0.0.1:5000/ (Press CTRL+C to quit)
INFO:werkzeug:127.0.0.1 - - [16/Jul/2020 13:46:49] "GET / HTTP/1.1" 200 -
INFO:werkzeug:127.0.0.1 - - [16/Jul/2020 13:46:49] "GET /static/js/2.209630ea.chunk.js HTTP/1.1" 200 -
INFO:werkzeug:127.0.0.1 - - [16/Jul/2020 13:46:49] "GET /static/js/main.2883238d.chunk.js HTTP/1.1" 200 -
INFO:werkzeug:127.0.0.1 - - [16/Jul/2020 13:46:50] "GET /logo192.png HTTP/1.1" 404 -
INFO:werkzeug:127.0.0.1 - - [16/Jul/2020 13:46:56] "POST /auth HTTP/1.1" 201 -
INFO:werkzeug:127.0.0.1 - - [16/Jul/2020 13:46:56] "GET /api/saltReturns/apply/20200716000000000000/20200716235959595959 HTTP/1.1" 200 -
INFO:werkzeug:127.0.0.1 - - [16/Jul/2020 13:46:57] "GET /api/saltReturns/apply/20200716000000000000/20200716235959595959 HTTP/1.1" 200 -
INFO:werkzeug:127.0.0.1 - - [16/Jul/2020 13:46:58] "GET /get_connected_minions HTTP/1.1" 200 -
INFO:werkzeug:127.0.0.1 - - [16/Jul/2020 13:46:58] "GET /get_connected_minions HTTP/1.1" 200 -
INFO:werkzeug:127.0.0.1 - - [16/Jul/2020 13:47:00] "GET /static/js/2.209630ea.chunk.js.map HTTP/1.1" 200 -
INFO:werkzeug:127.0.0.1 - - [16/Jul/2020 13:47:00] "GET /static/js/main.2883238d.chunk.js.map HTTP/1.1" 200 -
DEBUG:asyncio:Using selector: EpollSelector
INFO:werkzeug:127.0.0.1 - - [16/Jul/2020 13:47:16] "POST /saltstack_cmd HTTP/1.1" 200 -
DEBUG:asyncio:Using selector: EpollSelector
DEBUG:asyncio:Using selector: EpollSelector
INFO:werkzeug:127.0.0.1 - - [16/Jul/2020 13:47:20] "POST /saltstack_cmd HTTP/1.1" 200 -
INFO:werkzeug:127.0.0.1 - - [16/Jul/2020 13:47:22] "POST /saltstack_cmd HTTP/1.1" 200 -
DEBUG:asyncio:Using selector: EpollSelector
DEBUG:asyncio:Using selector: EpollSelector
INFO:werkzeug:127.0.0.1 - - [16/Jul/2020 13:47:35] "POST /saltstack_cmd HTTP/1.1" 200 -
INFO:werkzeug:127.0.0.1 - - [16/Jul/2020 13:47:37] "POST /saltstack_cmd HTTP/1.1" 200 -
DEBUG:asyncio:Using selector: EpollSelector
INFO:werkzeug:127.0.0.1 - - [16/Jul/2020 13:47:53] "POST /saltstack_cmd HTTP/1.1" 200 -
INFO:werkzeug:127.0.0.1 - - [16/Jul/2020 13:48:44] "GET / HTTP/1.1" 200 -
INFO:werkzeug:127.0.0.1 - - [16/Jul/2020 13:48:44] "GET /static/css/main.c6281679.chunk.css HTTP/1.1" 200 -
INFO:werkzeug:127.0.0.1 - - [16/Jul/2020 13:48:44] "GET /static/js/2.209630ea.chunk.js HTTP/1.1" 200 -
INFO:werkzeug:127.0.0.1 - - [16/Jul/2020 13:48:44] "GET /static/js/main.2883238d.chunk.js HTTP/1.1" 200 -
INFO:werkzeug:127.0.0.1 - - [16/Jul/2020 13:48:50] "POST /auth HTTP/1.1" 201 -
INFO:werkzeug:127.0.0.1 - - [16/Jul/2020 13:48:51] "GET /api/saltReturns/apply/20200716000000000000/20200716235959595959 HTTP/1.1" 200 -
INFO:werkzeug:127.0.0.1 - - [16/Jul/2020 13:48:51] "GET /api/saltReturns/apply/20200716000000000000/20200716235959595959 HTTP/1.1" 200 -
INFO:werkzeug:127.0.0.1 - - [16/Jul/2020 13:48:53] "GET /get_connected_minions HTTP/1.1" 200 -
INFO:werkzeug:127.0.0.1 - - [16/Jul/2020 13:48:53] "GET /get_connected_minions HTTP/1.1" 200 -
INFO:werkzeug:127.0.0.1 - - [16/Jul/2020 13:48:55] "GET /static/js/2.209630ea.chunk.js.map HTTP/1.1" 200 -
INFO:werkzeug:127.0.0.1 - - [16/Jul/2020 13:48:55] "GET /static/js/main.2883238d.chunk.js.map HTTP/1.1" 200 -
INFO:werkzeug:127.0.0.1 - - [16/Jul/2020 13:48:55] "GET /static/css/main.c6281679.chunk.css.map HTTP/1.1" 200 -
DEBUG:asyncio:Using selector: EpollSelector
DEBUG:asyncio:Using selector: EpollSelector
INFO:werkzeug:127.0.0.1 - - [16/Jul/2020 13:49:04] "POST /saltstack_cmd HTTP/1.1" 200 -
INFO:werkzeug:127.0.0.1 - - [16/Jul/2020 13:49:06] "POST /saltstack_cmd HTTP/1.1" 200 -
DEBUG:asyncio:Using selector: EpollSelector
INFO:werkzeug:127.0.0.1 - - [16/Jul/2020 13:49:10] "POST /saltstack_cmd HTTP/1.1" 200 -
DEBUG:asyncio:Using selector: EpollSelector
INFO:werkzeug:127.0.0.1 - - [16/Jul/2020 13:50:58] "POST /saltstack_cmd HTTP/1.1" 200 -
DEBUG:asyncio:Using selector: EpollSelector
INFO:werkzeug:127.0.0.1 - - [16/Jul/2020 13:51:11] "POST /saltstack_cmd HTTP/1.1" 200 -
INFO:werkzeug:127.0.0.1 - - [16/Jul/2020 13:51:44] "GET / HTTP/1.1" 304 -
INFO:werkzeug:127.0.0.1 - - [16/Jul/2020 13:51:49] "POST /auth HTTP/1.1" 201 -
INFO:werkzeug:127.0.0.1 - - [16/Jul/2020 13:51:50] "GET /api/saltReturns/apply/20200716000000000000/20200716235959595959 HTTP/1.1" 200 -
INFO:werkzeug:127.0.0.1 - - [16/Jul/2020 13:51:50] "GET /api/saltReturns/apply/20200716000000000000/20200716235959595959 HTTP/1.1" 200 -
INFO:werkzeug:127.0.0.1 - - [16/Jul/2020 13:51:53] "GET /get_connected_minions HTTP/1.1" 200 -
INFO:werkzeug:127.0.0.1 - - [16/Jul/2020 13:51:53] "GET /get_connected_minions HTTP/1.1" 200 -
DEBUG:asyncio:Using selector: EpollSelector
INFO:werkzeug:127.0.0.1 - - [16/Jul/2020 13:52:02] "POST /saltstack_cmd HTTP/1.1" 200 -
DEBUG:asyncio:Using selector: EpollSelector
INFO:werkzeug:127.0.0.1 - - [16/Jul/2020 13:52:09] "POST /saltstack_cmd HTTP/1.1" 200 -
INFO:werkzeug:127.0.0.1 - - [16/Jul/2020 13:52:21] "GET /api/saltReturns/apply/20200701000000000000/20200731235959595959 HTTP/1.1" 200 -
INFO:werkzeug:127.0.0.1 - - [16/Jul/2020 13:52:23] "GET /api/saltReturns/apply/20200401000000000000/20200430235959595959 HTTP/1.1" 200 -
INFO:werkzeug:127.0.0.1 - - [16/Jul/2020 13:52:25] "GET /api/saltReturns/apply/20200501000000000000/20200531235959595959 HTTP/1.1" 200 -
INFO:werkzeug:127.0.0.1 - - [16/Jul/2020 13:52:26] "GET /api/saltReturns/apply/20200601000000000000/20200630235959595959 HTTP/1.1" 200 -
INFO:werkzeug:127.0.0.1 - - [16/Jul/2020 13:52:40] "GET /api/saltReturns/apply/20200101000000000000/20201231235959595959 HTTP/1.1" 200 -
INFO:werkzeug:127.0.0.1 - - [16/Jul/2020 13:52:43] "GET /get_connected_minions HTTP/1.1" 200 -
INFO:werkzeug:127.0.0.1 - - [16/Jul/2020 13:52:43] "GET /get_connected_minions HTTP/1.1" 200 -
DEBUG:asyncio:Using selector: EpollSelector
DEBUG:asyncio:Using selector: EpollSelector
INFO:werkzeug:127.0.0.1 - - [16/Jul/2020 13:52:57] "POST /saltstack_cmd HTTP/1.1" 200 -
INFO:werkzeug:127.0.0.1 - - [16/Jul/2020 13:52:59] "POST /saltstack_cmd HTTP/1.1" 200 -
DEBUG:asyncio:Using selector: EpollSelector
DEBUG:asyncio:Using selector: EpollSelector
INFO:werkzeug:127.0.0.1 - - [16/Jul/2020 13:55:52] "POST /saltstack_cmd HTTP/1.1" 200 -
INFO:werkzeug:127.0.0.1 - - [16/Jul/2020 13:55:55] "POST /saltstack_cmd HTTP/1.1" 200 -
INFO:werkzeug:127.0.0.1 - - [16/Jul/2020 13:56:17] "GET / HTTP/1.1" 304 -
INFO:werkzeug:127.0.0.1 - - [16/Jul/2020 13:56:18] "GET /logo192.png HTTP/1.1" 404 -
INFO:werkzeug:127.0.0.1 - - [16/Jul/2020 13:56:23] "POST /auth HTTP/1.1" 201 -
INFO:werkzeug:127.0.0.1 - - [16/Jul/2020 13:56:24] "GET /api/saltReturns/apply/20200716000000000000/20200716235959595959 HTTP/1.1" 200 -
INFO:werkzeug:127.0.0.1 - - [16/Jul/2020 13:56:24] "GET /api/saltReturns/apply/20200716000000000000/20200716235959595959 HTTP/1.1" 200 -
INFO:werkzeug:127.0.0.1 - - [16/Jul/2020 13:56:26] "GET /get_connected_minions HTTP/1.1" 200 -
INFO:werkzeug:127.0.0.1 - - [16/Jul/2020 13:56:26] "GET /get_connected_minions HTTP/1.1" 200 -
DEBUG:asyncio:Using selector: EpollSelector
DEBUG:asyncio:Using selector: EpollSelector
INFO:werkzeug:127.0.0.1 - - [16/Jul/2020 13:56:34] "POST /saltstack_cmd HTTP/1.1" 200 -
INFO:werkzeug:127.0.0.1 - - [16/Jul/2020 13:56:36] "POST /saltstack_cmd HTTP/1.1" 200 -
DEBUG:asyncio:Using selector: EpollSelector
INFO:werkzeug: * Running on http://127.0.0.1:5000/ (Press CTRL+C to quit)
INFO:werkzeug:127.0.0.1 - - [16/Jul/2020 14:06:15] "GET / HTTP/1.1" 200 -
INFO:werkzeug:127.0.0.1 - - [16/Jul/2020 14:06:15] "GET /static/js/main.effa75f1.chunk.js HTTP/1.1" 200 -
INFO:werkzeug:127.0.0.1 - - [16/Jul/2020 14:06:15] "GET / HTTP/1.1" 304 -
INFO:werkzeug:127.0.0.1 - - [16/Jul/2020 14:06:17] "GET /static/js/main.effa75f1.chunk.js.map HTTP/1.1" 200 -
INFO:werkzeug:127.0.0.1 - - [16/Jul/2020 14:06:17] "GET /logo192.png HTTP/1.1" 404 -
INFO:werkzeug:127.0.0.1 - - [16/Jul/2020 14:06:27] "POST /auth HTTP/1.1" 201 -
INFO:werkzeug:127.0.0.1 - - [16/Jul/2020 14:06:27] "GET /api/saltReturns/apply/20200716000000000000/20200716235959595959 HTTP/1.1" 200 -
INFO:werkzeug:127.0.0.1 - - [16/Jul/2020 14:06:27] "GET /api/saltReturns/apply/20200716000000000000/20200716235959595959 HTTP/1.1" 200 -
INFO:werkzeug:127.0.0.1 - - [16/Jul/2020 14:06:36] "GET /get_connected_minions HTTP/1.1" 200 -
INFO:werkzeug:127.0.0.1 - - [16/Jul/2020 14:06:36] "GET /get_connected_minions HTTP/1.1" 200 -
DEBUG:asyncio:Using selector: EpollSelector
INFO:werkzeug:127.0.0.1 - - [16/Jul/2020 14:06:44] "POST /saltstack_cmd HTTP/1.1" 200 -
DEBUG:asyncio:Using selector: EpollSelector
INFO:werkzeug:127.0.0.1 - - [16/Jul/2020 14:06:50] "POST /saltstack_cmd HTTP/1.1" 200 -
DEBUG:asyncio:Using selector: EpollSelector
INFO:werkzeug:127.0.0.1 - - [16/Jul/2020 14:06:53] "POST /saltstack_cmd HTTP/1.1" 200 -
DEBUG:asyncio:Using selector: EpollSelector
INFO:werkzeug:127.0.0.1 - - [16/Jul/2020 14:07:11] "POST /saltstack_cmd HTTP/1.1" 200 -
DEBUG:asyncio:Using selector: EpollSelector
INFO:werkzeug:127.0.0.1 - - [16/Jul/2020 14:07:56] "POST /saltstack_cmd HTTP/1.1" 200 -
DEBUG:asyncio:Using selector: EpollSelector
INFO:werkzeug:127.0.0.1 - - [16/Jul/2020 14:08:32] "POST /saltstack_cmd HTTP/1.1" 200 -
DEBUG:asyncio:Using selector: EpollSelector
INFO:werkzeug: * Running on http://127.0.0.1:5000/ (Press CTRL+C to quit)
INFO:werkzeug:127.0.0.1 - - [16/Jul/2020 14:20:53] "GET / HTTP/1.1" 200 -
INFO:werkzeug:127.0.0.1 - - [16/Jul/2020 14:20:53] "GET /static/js/main.eda307cc.chunk.js HTTP/1.1" 200 -
INFO:werkzeug:127.0.0.1 - - [16/Jul/2020 14:20:53] "GET /static/js/2.2496efd6.chunk.js HTTP/1.1" 200 -
INFO:werkzeug:127.0.0.1 - - [16/Jul/2020 14:21:01] "POST /auth HTTP/1.1" 201 -
INFO:werkzeug:127.0.0.1 - - [16/Jul/2020 14:21:02] "GET /api/saltReturns/apply/20200716000000000000/20200716235959595959 HTTP/1.1" 200 -
INFO:werkzeug:127.0.0.1 - - [16/Jul/2020 14:21:02] "GET /api/saltReturns/apply/20200716000000000000/20200716235959595959 HTTP/1.1" 200 -
INFO:werkzeug:127.0.0.1 - - [16/Jul/2020 14:21:04] "GET /get_users HTTP/1.1" 200 -
INFO:werkzeug:127.0.0.1 - - [16/Jul/2020 14:21:06] "GET /get_connected_minions HTTP/1.1" 200 -
INFO:werkzeug:127.0.0.1 - - [16/Jul/2020 14:21:06] "GET /get_connected_minions HTTP/1.1" 200 -
DEBUG:asyncio:Using selector: EpollSelector
INFO:werkzeug:127.0.0.1 - - [16/Jul/2020 14:21:17] "POST /saltstack_cmd HTTP/1.1" 200 -
DEBUG:asyncio:Using selector: EpollSelector
INFO:werkzeug:127.0.0.1 - - [16/Jul/2020 14:21:21] "POST /saltstack_cmd HTTP/1.1" 200 -
DEBUG:asyncio:Using selector: EpollSelector
INFO:werkzeug:127.0.0.1 - - [16/Jul/2020 14:21:43] "POST /saltstack_cmd HTTP/1.1" 200 -
DEBUG:asyncio:Using selector: EpollSelector
INFO:werkzeug:127.0.0.1 - - [16/Jul/2020 14:22:02] "POST /saltstack_cmd HTTP/1.1" 200 -
DEBUG:asyncio:Using selector: EpollSelector
INFO:werkzeug:127.0.0.1 - - [16/Jul/2020 14:22:06] "POST /saltstack_cmd HTTP/1.1" 200 -
INFO:werkzeug:127.0.0.1 - - [16/Jul/2020 14:25:12] "GET /api/saltReturns/apply/20200701000000000000/20200731235959595959 HTTP/1.1" 200 -
INFO:werkzeug:127.0.0.1 - - [16/Jul/2020 14:25:13] "GET /api/saltReturns/apply/20200401000000000000/20200430235959595959 HTTP/1.1" 200 -
INFO:werkzeug:127.0.0.1 - - [16/Jul/2020 14:25:13] "GET /api/saltReturns/apply/20200501000000000000/20200531235959595959 HTTP/1.1" 200 -
INFO:werkzeug:127.0.0.1 - - [16/Jul/2020 14:25:14] "GET /api/saltReturns/apply/20200601000000000000/20200630235959595959 HTTP/1.1" 200 -
INFO:werkzeug:127.0.0.1 - - [16/Jul/2020 14:25:18] "GET /api/saltReturns/apply/20200101000000000000/20201231235959595959 HTTP/1.1" 200 -
INFO:werkzeug:127.0.0.1 - - [16/Jul/2020 14:26:47] "GET / HTTP/1.1" 200 -
INFO:werkzeug:127.0.0.1 - - [16/Jul/2020 14:26:47] "GET /static/js/main.c7afac8c.chunk.js HTTP/1.1" 200 -
INFO:werkzeug:127.0.0.1 - - [16/Jul/2020 14:26:51] "POST /auth HTTP/1.1" 201 -
INFO:werkzeug:127.0.0.1 - - [16/Jul/2020 14:26:52] "GET /api/saltReturns/apply/20200716000000000000/20200716235959595959 HTTP/1.1" 200 -
INFO:werkzeug:127.0.0.1 - - [16/Jul/2020 14:26:52] "GET /api/saltReturns/apply/20200716000000000000/20200716235959595959 HTTP/1.1" 200 -
INFO:werkzeug:127.0.0.1 - - [16/Jul/2020 14:27:14] "GET / HTTP/1.1" 200 -
INFO:werkzeug:127.0.0.1 - - [16/Jul/2020 14:27:15] "GET /static/js/main.c7afac8c.chunk.js HTTP/1.1" 200 -
INFO:werkzeug:127.0.0.1 - - [16/Jul/2020 14:27:18] "GET /static/js/main.c7afac8c.chunk.js.map HTTP/1.1" 200 -
INFO:werkzeug:127.0.0.1 - - [16/Jul/2020 14:27:18] "GET /logo192.png HTTP/1.1" 404 -
INFO:werkzeug:127.0.0.1 - - [16/Jul/2020 14:27:27] "POST /auth HTTP/1.1" 201 -
INFO:werkzeug:127.0.0.1 - - [16/Jul/2020 14:27:27] "GET /api/saltReturns/apply/20200716000000000000/20200716235959595959 HTTP/1.1" 200 -
INFO:werkzeug:127.0.0.1 - - [16/Jul/2020 14:27:27] "GET /api/saltReturns/apply/20200716000000000000/20200716235959595959 HTTP/1.1" 200 -
INFO:werkzeug:127.0.0.1 - - [16/Jul/2020 14:27:29] "GET /get_connected_minions HTTP/1.1" 200 -
INFO:werkzeug:127.0.0.1 - - [16/Jul/2020 14:27:29] "GET /get_connected_minions HTTP/1.1" 200 -
DEBUG:asyncio:Using selector: EpollSelector
INFO:werkzeug:127.0.0.1 - - [16/Jul/2020 14:27:38] "POST /saltstack_cmd HTTP/1.1" 200 -
DEBUG:asyncio:Using selector: EpollSelector
INFO:werkzeug:127.0.0.1 - - [16/Jul/2020 14:27:42] "POST /saltstack_cmd HTTP/1.1" 200 -
INFO:werkzeug:127.0.0.1 - - [16/Jul/2020 14:28:19] "GET / HTTP/1.1" 304 -
INFO:werkzeug:127.0.0.1 - - [16/Jul/2020 14:28:20] "GET /logo192.png HTTP/1.1" 404 -
INFO:werkzeug:127.0.0.1 - - [16/Jul/2020 14:29:16] "POST /auth HTTP/1.1" 201 -
INFO:werkzeug:127.0.0.1 - - [16/Jul/2020 14:29:17] "GET /api/saltReturns/apply/20200716000000000000/20200716235959595959 HTTP/1.1" 200 -
INFO:werkzeug:127.0.0.1 - - [16/Jul/2020 14:29:17] "GET /api/saltReturns/apply/20200716000000000000/20200716235959595959 HTTP/1.1" 200 -
INFO:werkzeug:127.0.0.1 - - [16/Jul/2020 14:29:19] "GET /get_connected_minions HTTP/1.1" 200 -
INFO:werkzeug:127.0.0.1 - - [16/Jul/2020 14:29:19] "GET /get_connected_minions HTTP/1.1" 200 -
DEBUG:asyncio:Using selector: EpollSelector
INFO:werkzeug:127.0.0.1 - - [16/Jul/2020 14:29:28] "POST /saltstack_cmd HTTP/1.1" 200 -
INFO:werkzeug:127.0.0.1 - - [16/Jul/2020 14:29:34] "GET /static/js/main.c7afac8c.chunk.js.map HTTP/1.1" 200 -
DEBUG:asyncio:Using selector: EpollSelector
INFO:werkzeug:127.0.0.1 - - [16/Jul/2020 14:29:45] "POST /saltstack_cmd HTTP/1.1" 200 -
DEBUG:asyncio:Using selector: EpollSelector
INFO:werkzeug:127.0.0.1 - - [16/Jul/2020 14:30:46] "POST /saltstack_cmd HTTP/1.1" 200 -
DEBUG:asyncio:Using selector: EpollSelector
INFO:werkzeug:127.0.0.1 - - [16/Jul/2020 14:30:52] "POST /saltstack_cmd HTTP/1.1" 200 -
DEBUG:asyncio:Using selector: EpollSelector
INFO:werkzeug:127.0.0.1 - - [16/Jul/2020 14:30:59] "POST /saltstack_cmd HTTP/1.1" 200 -
DEBUG:asyncio:Using selector: EpollSelector
DEBUG:asyncio:Using selector: EpollSelector
INFO:werkzeug: * Running on http://127.0.0.1:5000/ (Press CTRL+C to quit)
DEBUG:asyncio:Using selector: EpollSelector
DEBUG:asyncio:Using selector: EpollSelector
INFO:werkzeug: * Running on http://127.0.0.1:5000/ (Press CTRL+C to quit)
INFO:werkzeug:127.0.0.1 - - [16/Jul/2020 15:57:02] "GET /logo192.png HTTP/1.1" 404 -
INFO:werkzeug:127.0.0.1 - - [16/Jul/2020 15:57:06] "POST /auth HTTP/1.1" 201 -
INFO:werkzeug:127.0.0.1 - - [16/Jul/2020 15:57:06] "GET /api/saltReturns/apply/20200716000000000000/20200716235959595959 HTTP/1.1" 200 -
INFO:werkzeug:127.0.0.1 - - [16/Jul/2020 15:57:06] "GET /api/saltReturns/apply/20200716000000000000/20200716235959595959 HTTP/1.1" 200 -
INFO:werkzeug:127.0.0.1 - - [16/Jul/2020 15:57:09] "GET /get_connected_minions HTTP/1.1" 200 -
INFO:werkzeug:127.0.0.1 - - [16/Jul/2020 15:57:09] "GET /get_connected_minions HTTP/1.1" 200 -
INFO:werkzeug:127.0.0.1 - - [16/Jul/2020 15:57:10] "GET /get_users HTTP/1.1" 200 -
INFO:werkzeug:127.0.0.1 - - [16/Jul/2020 15:57:11] "GET /get_connected_minions HTTP/1.1" 200 -
INFO:werkzeug:127.0.0.1 - - [16/Jul/2020 15:57:11] "GET /get_connected_minions HTTP/1.1" 200 -
INFO:werkzeug:127.0.0.1 - - [16/Jul/2020 15:57:20] "POST /saltstack_cmd HTTP/1.1" 200 -
INFO:werkzeug:127.0.0.1 - - [16/Jul/2020 15:57:23] "POST /saltstack_cmd HTTP/1.1" 200 -
INFO:werkzeug:127.0.0.1 - - [16/Jul/2020 15:58:42] "GET / HTTP/1.1" 200 -
INFO:werkzeug:127.0.0.1 - - [16/Jul/2020 15:58:42] "GET /static/js/main.eda307cc.chunk.js HTTP/1.1" 200 -
INFO:werkzeug:127.0.0.1 - - [16/Jul/2020 15:58:43] "GET /logo192.png HTTP/1.1" 404 -
DEBUG:asyncio:Using selector: EpollSelector
DEBUG:asyncio:Using selector: EpollSelector
INFO:werkzeug: * Running on http://127.0.0.1:5000/ (Press CTRL+C to quit)
INFO:werkzeug:127.0.0.1 - - [16/Jul/2020 15:58:52] "GET / HTTP/1.1" 304 -
INFO:werkzeug:127.0.0.1 - - [16/Jul/2020 15:58:52] "GET /logo192.png HTTP/1.1" 404 -
INFO:werkzeug:127.0.0.1 - - [16/Jul/2020 15:58:57] "POST /auth HTTP/1.1" 201 -
INFO:werkzeug:127.0.0.1 - - [16/Jul/2020 15:58:57] "GET /api/saltReturns/apply/20200716000000000000/20200716235959595959 HTTP/1.1" 200 -
INFO:werkzeug:127.0.0.1 - - [16/Jul/2020 15:58:57] "GET /api/saltReturns/apply/20200716000000000000/20200716235959595959 HTTP/1.1" 200 -
INFO:werkzeug:127.0.0.1 - - [16/Jul/2020 15:58:58] "GET /get_connected_minions HTTP/1.1" 200 -
INFO:werkzeug:127.0.0.1 - - [16/Jul/2020 15:58:58] "GET /get_connected_minions HTTP/1.1" 200 -
ERROR:backend.app:Exception on /saltstack_cmd [POST]
Traceback (most recent call last):
  File "/home/avraham/SaltStack/backend/venv/lib/python3.7/site-packages/flask/app.py", line 2446, in wsgi_app
    response = self.full_dispatch_request()
  File "/home/avraham/SaltStack/backend/venv/lib/python3.7/site-packages/flask/app.py", line 1951, in full_dispatch_request
    rv = self.handle_user_exception(e)
  File "/home/avraham/SaltStack/backend/venv/lib/python3.7/site-packages/flask_cors/extension.py", line 161, in wrapped_function
    return cors_after_request(app.make_response(f(*args, **kwargs)))
  File "/home/avraham/SaltStack/backend/venv/lib/python3.7/site-packages/flask/app.py", line 1820, in handle_user_exception
    reraise(exc_type, exc_value, tb)
  File "/home/avraham/SaltStack/backend/venv/lib/python3.7/site-packages/flask/_compat.py", line 39, in reraise
    raise value
  File "/home/avraham/SaltStack/backend/venv/lib/python3.7/site-packages/flask/app.py", line 1949, in full_dispatch_request
    rv = self.dispatch_request()
  File "/home/avraham/SaltStack/backend/venv/lib/python3.7/site-packages/flask/app.py", line 1935, in dispatch_request
    return self.view_functions[rule.endpoint](**req.view_args)
  File "/home/avraham/SaltStack/backend/venv/lib/python3.7/site-packages/flask_jwt_extended/view_decorators.py", line 108, in wrapper
    return fn(*args, **kwargs)
  File "/home/avraham/SaltStack/backend/routes/cmd.py", line 86, in saltstack_cmd
    return jsonify(res = res)
UnboundLocalError: local variable 'res' referenced before assignment
INFO:werkzeug:127.0.0.1 - - [16/Jul/2020 15:59:03] "POST /saltstack_cmd HTTP/1.1" 500 -
ERROR:backend.app:Exception on /saltstack_cmd [POST]
Traceback (most recent call last):
  File "/home/avraham/SaltStack/backend/venv/lib/python3.7/site-packages/flask/app.py", line 2446, in wsgi_app
    response = self.full_dispatch_request()
  File "/home/avraham/SaltStack/backend/venv/lib/python3.7/site-packages/flask/app.py", line 1951, in full_dispatch_request
    rv = self.handle_user_exception(e)
  File "/home/avraham/SaltStack/backend/venv/lib/python3.7/site-packages/flask_cors/extension.py", line 161, in wrapped_function
    return cors_after_request(app.make_response(f(*args, **kwargs)))
  File "/home/avraham/SaltStack/backend/venv/lib/python3.7/site-packages/flask/app.py", line 1820, in handle_user_exception
    reraise(exc_type, exc_value, tb)
  File "/home/avraham/SaltStack/backend/venv/lib/python3.7/site-packages/flask/_compat.py", line 39, in reraise
    raise value
  File "/home/avraham/SaltStack/backend/venv/lib/python3.7/site-packages/flask/app.py", line 1949, in full_dispatch_request
    rv = self.dispatch_request()
  File "/home/avraham/SaltStack/backend/venv/lib/python3.7/site-packages/flask/app.py", line 1935, in dispatch_request
    return self.view_functions[rule.endpoint](**req.view_args)
  File "/home/avraham/SaltStack/backend/venv/lib/python3.7/site-packages/flask_jwt_extended/view_decorators.py", line 108, in wrapper
    return fn(*args, **kwargs)
  File "/home/avraham/SaltStack/backend/routes/cmd.py", line 86, in saltstack_cmd
    return jsonify(res = res)
UnboundLocalError: local variable 'res' referenced before assignment
INFO:werkzeug:127.0.0.1 - - [16/Jul/2020 15:59:06] "POST /saltstack_cmd HTTP/1.1" 500 -
INFO:werkzeug:127.0.0.1 - - [16/Jul/2020 15:59:13] "GET /static/js/main.eda307cc.chunk.js.map HTTP/1.1" 200 -
INFO:werkzeug:127.0.0.1 - - [16/Jul/2020 15:59:41] "GET / HTTP/1.1" 304 -
INFO:werkzeug:127.0.0.1 - - [16/Jul/2020 15:59:42] "GET /logo192.png HTTP/1.1" 404 -
INFO:werkzeug:127.0.0.1 - - [16/Jul/2020 15:59:46] "POST /auth HTTP/1.1" 201 -
INFO:werkzeug:127.0.0.1 - - [16/Jul/2020 15:59:47] "GET /api/saltReturns/apply/20200716000000000000/20200716235959595959 HTTP/1.1" 200 -
INFO:werkzeug:127.0.0.1 - - [16/Jul/2020 15:59:47] "GET /api/saltReturns/apply/20200716000000000000/20200716235959595959 HTTP/1.1" 200 -
INFO:werkzeug:127.0.0.1 - - [16/Jul/2020 15:59:49] "GET /get_connected_minions HTTP/1.1" 200 -
INFO:werkzeug:127.0.0.1 - - [16/Jul/2020 15:59:49] "GET /get_connected_minions HTTP/1.1" 200 -
ERROR:backend.app:Exception on /saltstack_cmd [POST]
Traceback (most recent call last):
  File "/home/avraham/SaltStack/backend/venv/lib/python3.7/site-packages/flask/app.py", line 2446, in wsgi_app
    response = self.full_dispatch_request()
  File "/home/avraham/SaltStack/backend/venv/lib/python3.7/site-packages/flask/app.py", line 1951, in full_dispatch_request
    rv = self.handle_user_exception(e)
  File "/home/avraham/SaltStack/backend/venv/lib/python3.7/site-packages/flask_cors/extension.py", line 161, in wrapped_function
    return cors_after_request(app.make_response(f(*args, **kwargs)))
  File "/home/avraham/SaltStack/backend/venv/lib/python3.7/site-packages/flask/app.py", line 1820, in handle_user_exception
    reraise(exc_type, exc_value, tb)
  File "/home/avraham/SaltStack/backend/venv/lib/python3.7/site-packages/flask/_compat.py", line 39, in reraise
    raise value
  File "/home/avraham/SaltStack/backend/venv/lib/python3.7/site-packages/flask/app.py", line 1949, in full_dispatch_request
    rv = self.dispatch_request()
  File "/home/avraham/SaltStack/backend/venv/lib/python3.7/site-packages/flask/app.py", line 1935, in dispatch_request
    return self.view_functions[rule.endpoint](**req.view_args)
  File "/home/avraham/SaltStack/backend/venv/lib/python3.7/site-packages/flask_jwt_extended/view_decorators.py", line 108, in wrapper
    return fn(*args, **kwargs)
  File "/home/avraham/SaltStack/backend/routes/cmd.py", line 86, in saltstack_cmd
    return jsonify(res = res)
UnboundLocalError: local variable 'res' referenced before assignment
INFO:werkzeug:127.0.0.1 - - [16/Jul/2020 15:59:55] "POST /saltstack_cmd HTTP/1.1" 500 -
ERROR:backend.app:Exception on /saltstack_cmd [POST]
Traceback (most recent call last):
  File "/home/avraham/SaltStack/backend/venv/lib/python3.7/site-packages/flask/app.py", line 2446, in wsgi_app
    response = self.full_dispatch_request()
  File "/home/avraham/SaltStack/backend/venv/lib/python3.7/site-packages/flask/app.py", line 1951, in full_dispatch_request
    rv = self.handle_user_exception(e)
  File "/home/avraham/SaltStack/backend/venv/lib/python3.7/site-packages/flask_cors/extension.py", line 161, in wrapped_function
    return cors_after_request(app.make_response(f(*args, **kwargs)))
  File "/home/avraham/SaltStack/backend/venv/lib/python3.7/site-packages/flask/app.py", line 1820, in handle_user_exception
    reraise(exc_type, exc_value, tb)
  File "/home/avraham/SaltStack/backend/venv/lib/python3.7/site-packages/flask/_compat.py", line 39, in reraise
    raise value
  File "/home/avraham/SaltStack/backend/venv/lib/python3.7/site-packages/flask/app.py", line 1949, in full_dispatch_request
    rv = self.dispatch_request()
  File "/home/avraham/SaltStack/backend/venv/lib/python3.7/site-packages/flask/app.py", line 1935, in dispatch_request
    return self.view_functions[rule.endpoint](**req.view_args)
  File "/home/avraham/SaltStack/backend/venv/lib/python3.7/site-packages/flask_jwt_extended/view_decorators.py", line 108, in wrapper
    return fn(*args, **kwargs)
  File "/home/avraham/SaltStack/backend/routes/cmd.py", line 86, in saltstack_cmd
    return jsonify(res = res)
UnboundLocalError: local variable 'res' referenced before assignment
INFO:werkzeug:127.0.0.1 - - [16/Jul/2020 16:00:41] "POST /saltstack_cmd HTTP/1.1" 500 -
DEBUG:asyncio:Using selector: EpollSelector
DEBUG:asyncio:Using selector: EpollSelector
INFO:werkzeug: * Running on http://127.0.0.1:5000/ (Press CTRL+C to quit)
INFO:werkzeug:127.0.0.1 - - [16/Jul/2020 16:01:08] "GET / HTTP/1.1" 304 -
INFO:werkzeug:127.0.0.1 - - [16/Jul/2020 16:01:08] "GET /logo192.png HTTP/1.1" 404 -
INFO:werkzeug:127.0.0.1 - - [16/Jul/2020 16:01:15] "POST /auth HTTP/1.1" 201 -
INFO:werkzeug:127.0.0.1 - - [16/Jul/2020 16:01:15] "GET /api/saltReturns/apply/20200716000000000000/20200716235959595959 HTTP/1.1" 200 -
INFO:werkzeug:127.0.0.1 - - [16/Jul/2020 16:01:15] "GET /api/saltReturns/apply/20200716000000000000/20200716235959595959 HTTP/1.1" 200 -
INFO:werkzeug:127.0.0.1 - - [16/Jul/2020 16:01:17] "GET /get_connected_minions HTTP/1.1" 200 -
INFO:werkzeug:127.0.0.1 - - [16/Jul/2020 16:01:17] "GET /get_connected_minions HTTP/1.1" 200 -
INFO:werkzeug:127.0.0.1 - - [16/Jul/2020 16:01:24] "POST /saltstack_cmd HTTP/1.1" 200 -
ERROR:backend.app:Exception on /saltstack_cmd [POST]
Traceback (most recent call last):
  File "/home/avraham/SaltStack/backend/venv/lib/python3.7/site-packages/flask/app.py", line 2446, in wsgi_app
    response = self.full_dispatch_request()
  File "/home/avraham/SaltStack/backend/venv/lib/python3.7/site-packages/flask/app.py", line 1951, in full_dispatch_request
    rv = self.handle_user_exception(e)
  File "/home/avraham/SaltStack/backend/venv/lib/python3.7/site-packages/flask_cors/extension.py", line 161, in wrapped_function
    return cors_after_request(app.make_response(f(*args, **kwargs)))
  File "/home/avraham/SaltStack/backend/venv/lib/python3.7/site-packages/flask/app.py", line 1820, in handle_user_exception
    reraise(exc_type, exc_value, tb)
  File "/home/avraham/SaltStack/backend/venv/lib/python3.7/site-packages/flask/_compat.py", line 39, in reraise
    raise value
  File "/home/avraham/SaltStack/backend/venv/lib/python3.7/site-packages/flask/app.py", line 1949, in full_dispatch_request
    rv = self.dispatch_request()
  File "/home/avraham/SaltStack/backend/venv/lib/python3.7/site-packages/flask/app.py", line 1935, in dispatch_request
    return self.view_functions[rule.endpoint](**req.view_args)
  File "/home/avraham/SaltStack/backend/venv/lib/python3.7/site-packages/flask_jwt_extended/view_decorators.py", line 108, in wrapper
    return fn(*args, **kwargs)
  File "/home/avraham/SaltStack/backend/routes/cmd.py", line 81, in saltstack_cmd
    res = loop.run_until_complete(run_cmd(*cmd_args))
  File "/usr/lib/python3.7/asyncio/base_events.py", line 566, in run_until_complete
    self.run_forever()
  File "/usr/lib/python3.7/asyncio/base_events.py", line 521, in run_forever
    raise RuntimeError('This event loop is already running')
RuntimeError: This event loop is already running
INFO:werkzeug:127.0.0.1 - - [16/Jul/2020 16:01:30] "POST /saltstack_cmd HTTP/1.1" 500 -
INFO:werkzeug:127.0.0.1 - - [16/Jul/2020 16:01:31] "POST /saltstack_cmd HTTP/1.1" 200 -
DEBUG:asyncio:Using selector: EpollSelector
DEBUG:asyncio:Using selector: EpollSelector
INFO:werkzeug: * Running on http://127.0.0.1:5000/ (Press CTRL+C to quit)
INFO:werkzeug:127.0.0.1 - - [16/Jul/2020 16:02:49] "GET / HTTP/1.1" 304 -
INFO:werkzeug:127.0.0.1 - - [16/Jul/2020 16:02:50] "GET /logo192.png HTTP/1.1" 404 -
INFO:werkzeug:127.0.0.1 - - [16/Jul/2020 16:02:55] "POST /auth HTTP/1.1" 201 -
INFO:werkzeug:127.0.0.1 - - [16/Jul/2020 16:02:56] "GET /api/saltReturns/apply/20200716000000000000/20200716235959595959 HTTP/1.1" 200 -
INFO:werkzeug:127.0.0.1 - - [16/Jul/2020 16:02:56] "GET /api/saltReturns/apply/20200716000000000000/20200716235959595959 HTTP/1.1" 200 -
INFO:werkzeug:127.0.0.1 - - [16/Jul/2020 16:02:57] "GET /get_connected_minions HTTP/1.1" 200 -
INFO:werkzeug:127.0.0.1 - - [16/Jul/2020 16:02:57] "GET /get_connected_minions HTTP/1.1" 200 -
ERROR:backend.app:Exception on /saltstack_cmd [POST]
Traceback (most recent call last):
  File "/home/avraham/SaltStack/backend/venv/lib/python3.7/site-packages/flask/app.py", line 2446, in wsgi_app
    response = self.full_dispatch_request()
  File "/home/avraham/SaltStack/backend/venv/lib/python3.7/site-packages/flask/app.py", line 1951, in full_dispatch_request
    rv = self.handle_user_exception(e)
  File "/home/avraham/SaltStack/backend/venv/lib/python3.7/site-packages/flask_cors/extension.py", line 161, in wrapped_function
    return cors_after_request(app.make_response(f(*args, **kwargs)))
  File "/home/avraham/SaltStack/backend/venv/lib/python3.7/site-packages/flask/app.py", line 1820, in handle_user_exception
    reraise(exc_type, exc_value, tb)
  File "/home/avraham/SaltStack/backend/venv/lib/python3.7/site-packages/flask/_compat.py", line 39, in reraise
    raise value
  File "/home/avraham/SaltStack/backend/venv/lib/python3.7/site-packages/flask/app.py", line 1949, in full_dispatch_request
    rv = self.dispatch_request()
  File "/home/avraham/SaltStack/backend/venv/lib/python3.7/site-packages/flask/app.py", line 1935, in dispatch_request
    return self.view_functions[rule.endpoint](**req.view_args)
  File "/home/avraham/SaltStack/backend/venv/lib/python3.7/site-packages/flask_jwt_extended/view_decorators.py", line 108, in wrapper
    return fn(*args, **kwargs)
  File "/home/avraham/SaltStack/backend/routes/cmd.py", line 86, in saltstack_cmd
    return jsonify(res = res)
UnboundLocalError: local variable 'res' referenced before assignment
INFO:werkzeug:127.0.0.1 - - [16/Jul/2020 16:03:01] "POST /saltstack_cmd HTTP/1.1" 500 -
ERROR:backend.app:Exception on /saltstack_cmd [POST]
Traceback (most recent call last):
  File "/home/avraham/SaltStack/backend/venv/lib/python3.7/site-packages/flask/app.py", line 2446, in wsgi_app
    response = self.full_dispatch_request()
  File "/home/avraham/SaltStack/backend/venv/lib/python3.7/site-packages/flask/app.py", line 1951, in full_dispatch_request
    rv = self.handle_user_exception(e)
  File "/home/avraham/SaltStack/backend/venv/lib/python3.7/site-packages/flask_cors/extension.py", line 161, in wrapped_function
    return cors_after_request(app.make_response(f(*args, **kwargs)))
  File "/home/avraham/SaltStack/backend/venv/lib/python3.7/site-packages/flask/app.py", line 1820, in handle_user_exception
    reraise(exc_type, exc_value, tb)
  File "/home/avraham/SaltStack/backend/venv/lib/python3.7/site-packages/flask/_compat.py", line 39, in reraise
    raise value
  File "/home/avraham/SaltStack/backend/venv/lib/python3.7/site-packages/flask/app.py", line 1949, in full_dispatch_request
    rv = self.dispatch_request()
  File "/home/avraham/SaltStack/backend/venv/lib/python3.7/site-packages/flask/app.py", line 1935, in dispatch_request
    return self.view_functions[rule.endpoint](**req.view_args)
  File "/home/avraham/SaltStack/backend/venv/lib/python3.7/site-packages/flask_jwt_extended/view_decorators.py", line 108, in wrapper
    return fn(*args, **kwargs)
  File "/home/avraham/SaltStack/backend/routes/cmd.py", line 86, in saltstack_cmd
    return jsonify(res = res)
UnboundLocalError: local variable 'res' referenced before assignment
INFO:werkzeug:127.0.0.1 - - [16/Jul/2020 16:03:03] "POST /saltstack_cmd HTTP/1.1" 500 -
DEBUG:asyncio:Using selector: EpollSelector
DEBUG:asyncio:Using selector: EpollSelector
INFO:werkzeug: * Running on http://127.0.0.1:5000/ (Press CTRL+C to quit)
INFO:werkzeug:127.0.0.1 - - [16/Jul/2020 16:05:12] "GET / HTTP/1.1" 304 -
INFO:werkzeug:127.0.0.1 - - [16/Jul/2020 16:05:13] "GET /logo192.png HTTP/1.1" 404 -
INFO:werkzeug:127.0.0.1 - - [16/Jul/2020 16:05:17] "POST /auth HTTP/1.1" 201 -
INFO:werkzeug:127.0.0.1 - - [16/Jul/2020 16:05:17] "GET /api/saltReturns/apply/20200716000000000000/20200716235959595959 HTTP/1.1" 200 -
INFO:werkzeug:127.0.0.1 - - [16/Jul/2020 16:05:17] "GET /api/saltReturns/apply/20200716000000000000/20200716235959595959 HTTP/1.1" 200 -
INFO:werkzeug:127.0.0.1 - - [16/Jul/2020 16:05:19] "GET /get_connected_minions HTTP/1.1" 200 -
INFO:werkzeug:127.0.0.1 - - [16/Jul/2020 16:05:19] "GET /get_connected_minions HTTP/1.1" 200 -
INFO:werkzeug:127.0.0.1 - - [16/Jul/2020 16:05:26] "POST /saltstack_cmd HTTP/1.1" 200 -
INFO:werkzeug:127.0.0.1 - - [16/Jul/2020 16:05:29] "POST /saltstack_cmd HTTP/1.1" 200 -
ERROR:backend.app:Exception on /saltstack_cmd [POST]
Traceback (most recent call last):
  File "/home/avraham/SaltStack/backend/venv/lib/python3.7/site-packages/flask/app.py", line 2446, in wsgi_app
    response = self.full_dispatch_request()
  File "/home/avraham/SaltStack/backend/venv/lib/python3.7/site-packages/flask/app.py", line 1951, in full_dispatch_request
    rv = self.handle_user_exception(e)
  File "/home/avraham/SaltStack/backend/venv/lib/python3.7/site-packages/flask_cors/extension.py", line 161, in wrapped_function
    return cors_after_request(app.make_response(f(*args, **kwargs)))
  File "/home/avraham/SaltStack/backend/venv/lib/python3.7/site-packages/flask/app.py", line 1820, in handle_user_exception
    reraise(exc_type, exc_value, tb)
  File "/home/avraham/SaltStack/backend/venv/lib/python3.7/site-packages/flask/_compat.py", line 39, in reraise
    raise value
  File "/home/avraham/SaltStack/backend/venv/lib/python3.7/site-packages/flask/app.py", line 1949, in full_dispatch_request
    rv = self.dispatch_request()
  File "/home/avraham/SaltStack/backend/venv/lib/python3.7/site-packages/flask/app.py", line 1935, in dispatch_request
    return self.view_functions[rule.endpoint](**req.view_args)
  File "/home/avraham/SaltStack/backend/venv/lib/python3.7/site-packages/flask_jwt_extended/view_decorators.py", line 108, in wrapper
    return fn(*args, **kwargs)
  File "/home/avraham/SaltStack/backend/routes/cmd.py", line 86, in saltstack_cmd
    return jsonify(res = res)
  File "/home/avraham/SaltStack/backend/venv/lib/python3.7/site-packages/flask/json/__init__.py", line 370, in jsonify
    dumps(data, indent=indent, separators=separators) + "\n",
  File "/home/avraham/SaltStack/backend/venv/lib/python3.7/site-packages/flask/json/__init__.py", line 211, in dumps
    rv = _json.dumps(obj, **kwargs)
  File "/usr/lib/python3.7/json/__init__.py", line 238, in dumps
    **kw).encode(obj)
  File "/usr/lib/python3.7/json/encoder.py", line 199, in encode
    chunks = self.iterencode(o, _one_shot=True)
  File "/usr/lib/python3.7/json/encoder.py", line 257, in iterencode
    return _iterencode(o, 0)
  File "/home/avraham/SaltStack/backend/venv/lib/python3.7/site-packages/flask/json/__init__.py", line 100, in default
    return _json.JSONEncoder.default(self, o)
  File "/usr/lib/python3.7/json/encoder.py", line 179, in default
    raise TypeError(f'Object of type {o.__class__.__name__} '
TypeError: Object of type KeyError is not JSON serializable
INFO:werkzeug:127.0.0.1 - - [16/Jul/2020 16:05:51] "POST /saltstack_cmd HTTP/1.1" 500 -
DEBUG:asyncio:Using selector: EpollSelector
DEBUG:asyncio:Using selector: EpollSelector
INFO:werkzeug: * Running on http://127.0.0.1:5000/ (Press CTRL+C to quit)
INFO:werkzeug:127.0.0.1 - - [16/Jul/2020 16:06:33] "GET / HTTP/1.1" 304 -
INFO:werkzeug:127.0.0.1 - - [16/Jul/2020 16:06:34] "GET /logo192.png HTTP/1.1" 404 -
INFO:werkzeug:127.0.0.1 - - [16/Jul/2020 16:06:37] "POST /auth HTTP/1.1" 201 -
INFO:werkzeug:127.0.0.1 - - [16/Jul/2020 16:06:38] "GET /api/saltReturns/apply/20200716000000000000/20200716235959595959 HTTP/1.1" 200 -
INFO:werkzeug:127.0.0.1 - - [16/Jul/2020 16:06:38] "GET /api/saltReturns/apply/20200716000000000000/20200716235959595959 HTTP/1.1" 200 -
INFO:werkzeug:127.0.0.1 - - [16/Jul/2020 16:06:40] "GET /get_connected_minions HTTP/1.1" 200 -
INFO:werkzeug:127.0.0.1 - - [16/Jul/2020 16:06:40] "GET /get_connected_minions HTTP/1.1" 200 -
ERROR:backend.app:Exception on /saltstack_cmd [POST]
Traceback (most recent call last):
  File "/home/avraham/SaltStack/backend/venv/lib/python3.7/site-packages/flask/app.py", line 2446, in wsgi_app
    response = self.full_dispatch_request()
  File "/home/avraham/SaltStack/backend/venv/lib/python3.7/site-packages/flask/app.py", line 1951, in full_dispatch_request
    rv = self.handle_user_exception(e)
  File "/home/avraham/SaltStack/backend/venv/lib/python3.7/site-packages/flask_cors/extension.py", line 161, in wrapped_function
    return cors_after_request(app.make_response(f(*args, **kwargs)))
  File "/home/avraham/SaltStack/backend/venv/lib/python3.7/site-packages/flask/app.py", line 1820, in handle_user_exception
    reraise(exc_type, exc_value, tb)
  File "/home/avraham/SaltStack/backend/venv/lib/python3.7/site-packages/flask/_compat.py", line 39, in reraise
    raise value
  File "/home/avraham/SaltStack/backend/venv/lib/python3.7/site-packages/flask/app.py", line 1949, in full_dispatch_request
    rv = self.dispatch_request()
  File "/home/avraham/SaltStack/backend/venv/lib/python3.7/site-packages/flask/app.py", line 1935, in dispatch_request
    return self.view_functions[rule.endpoint](**req.view_args)
  File "/home/avraham/SaltStack/backend/venv/lib/python3.7/site-packages/flask_jwt_extended/view_decorators.py", line 108, in wrapper
    return fn(*args, **kwargs)
  File "/home/avraham/SaltStack/backend/routes/cmd.py", line 87, in saltstack_cmd
    return jsonify(res = res)
  File "/home/avraham/SaltStack/backend/venv/lib/python3.7/site-packages/flask/json/__init__.py", line 370, in jsonify
    dumps(data, indent=indent, separators=separators) + "\n",
  File "/home/avraham/SaltStack/backend/venv/lib/python3.7/site-packages/flask/json/__init__.py", line 211, in dumps
    rv = _json.dumps(obj, **kwargs)
  File "/usr/lib/python3.7/json/__init__.py", line 238, in dumps
    **kw).encode(obj)
  File "/usr/lib/python3.7/json/encoder.py", line 199, in encode
    chunks = self.iterencode(o, _one_shot=True)
  File "/usr/lib/python3.7/json/encoder.py", line 257, in iterencode
    return _iterencode(o, 0)
  File "/home/avraham/SaltStack/backend/venv/lib/python3.7/site-packages/flask/json/__init__.py", line 100, in default
    return _json.JSONEncoder.default(self, o)
  File "/usr/lib/python3.7/json/encoder.py", line 179, in default
    raise TypeError(f'Object of type {o.__class__.__name__} '
TypeError: Object of type KeyError is not JSON serializable
INFO:werkzeug:127.0.0.1 - - [16/Jul/2020 16:06:47] "POST /saltstack_cmd HTTP/1.1" 500 -
ERROR:backend.app:Exception on /saltstack_cmd [POST]
Traceback (most recent call last):
  File "/home/avraham/SaltStack/backend/venv/lib/python3.7/site-packages/flask/app.py", line 2446, in wsgi_app
    response = self.full_dispatch_request()
  File "/home/avraham/SaltStack/backend/venv/lib/python3.7/site-packages/flask/app.py", line 1951, in full_dispatch_request
    rv = self.handle_user_exception(e)
  File "/home/avraham/SaltStack/backend/venv/lib/python3.7/site-packages/flask_cors/extension.py", line 161, in wrapped_function
    return cors_after_request(app.make_response(f(*args, **kwargs)))
  File "/home/avraham/SaltStack/backend/venv/lib/python3.7/site-packages/flask/app.py", line 1820, in handle_user_exception
    reraise(exc_type, exc_value, tb)
  File "/home/avraham/SaltStack/backend/venv/lib/python3.7/site-packages/flask/_compat.py", line 39, in reraise
    raise value
  File "/home/avraham/SaltStack/backend/venv/lib/python3.7/site-packages/flask/app.py", line 1949, in full_dispatch_request
    rv = self.dispatch_request()
  File "/home/avraham/SaltStack/backend/venv/lib/python3.7/site-packages/flask/app.py", line 1935, in dispatch_request
    return self.view_functions[rule.endpoint](**req.view_args)
  File "/home/avraham/SaltStack/backend/venv/lib/python3.7/site-packages/flask_jwt_extended/view_decorators.py", line 108, in wrapper
    return fn(*args, **kwargs)
  File "/home/avraham/SaltStack/backend/routes/cmd.py", line 87, in saltstack_cmd
    return jsonify(res = res)
  File "/home/avraham/SaltStack/backend/venv/lib/python3.7/site-packages/flask/json/__init__.py", line 370, in jsonify
    dumps(data, indent=indent, separators=separators) + "\n",
  File "/home/avraham/SaltStack/backend/venv/lib/python3.7/site-packages/flask/json/__init__.py", line 211, in dumps
    rv = _json.dumps(obj, **kwargs)
  File "/usr/lib/python3.7/json/__init__.py", line 238, in dumps
    **kw).encode(obj)
  File "/usr/lib/python3.7/json/encoder.py", line 199, in encode
    chunks = self.iterencode(o, _one_shot=True)
  File "/usr/lib/python3.7/json/encoder.py", line 257, in iterencode
    return _iterencode(o, 0)
  File "/home/avraham/SaltStack/backend/venv/lib/python3.7/site-packages/flask/json/__init__.py", line 100, in default
    return _json.JSONEncoder.default(self, o)
  File "/usr/lib/python3.7/json/encoder.py", line 179, in default
    raise TypeError(f'Object of type {o.__class__.__name__} '
TypeError: Object of type KeyError is not JSON serializable
INFO:werkzeug:127.0.0.1 - - [16/Jul/2020 16:06:58] "POST /saltstack_cmd HTTP/1.1" 500 -
INFO:werkzeug:127.0.0.1 - - [16/Jul/2020 16:07:02] "POST /saltstack_cmd HTTP/1.1" 200 -
DEBUG:asyncio:Using selector: EpollSelector
DEBUG:asyncio:Using selector: EpollSelector
INFO:werkzeug: * Running on http://127.0.0.1:5000/ (Press CTRL+C to quit)
INFO:werkzeug:127.0.0.1 - - [16/Jul/2020 16:09:38] "GET /logo192.png HTTP/1.1" 404 -
INFO:werkzeug:127.0.0.1 - - [16/Jul/2020 16:09:39] "GET / HTTP/1.1" 304 -
INFO:werkzeug:127.0.0.1 - - [16/Jul/2020 16:09:40] "GET /logo192.png HTTP/1.1" 404 -
INFO:werkzeug:127.0.0.1 - - [16/Jul/2020 16:09:44] "POST /auth HTTP/1.1" 201 -
INFO:werkzeug:127.0.0.1 - - [16/Jul/2020 16:09:45] "GET /api/saltReturns/apply/20200716000000000000/20200716235959595959 HTTP/1.1" 200 -
INFO:werkzeug:127.0.0.1 - - [16/Jul/2020 16:09:45] "GET /api/saltReturns/apply/20200716000000000000/20200716235959595959 HTTP/1.1" 200 -
INFO:werkzeug:127.0.0.1 - - [16/Jul/2020 16:09:46] "GET /get_users HTTP/1.1" 200 -
INFO:werkzeug:127.0.0.1 - - [16/Jul/2020 16:09:47] "GET /get_connected_minions HTTP/1.1" 200 -
INFO:werkzeug:127.0.0.1 - - [16/Jul/2020 16:09:47] "GET /get_connected_minions HTTP/1.1" 200 -
INFO:werkzeug:127.0.0.1 - - [16/Jul/2020 16:09:55] "POST /saltstack_cmd HTTP/1.1" 200 -
INFO:werkzeug:127.0.0.1 - - [16/Jul/2020 16:10:05] "POST /saltstack_cmd HTTP/1.1" 200 -
DEBUG:asyncio:Using selector: EpollSelector
DEBUG:asyncio:Using selector: EpollSelector
INFO:werkzeug: * Running on http://127.0.0.1:5000/ (Press CTRL+C to quit)
INFO:werkzeug:127.0.0.1 - - [16/Jul/2020 16:14:01] "GET / HTTP/1.1" 200 -
INFO:werkzeug:127.0.0.1 - - [16/Jul/2020 16:14:01] "GET /static/js/main.5ac22e25.chunk.js HTTP/1.1" 200 -
INFO:werkzeug:127.0.0.1 - - [16/Jul/2020 16:14:02] "GET /static/js/main.5ac22e25.chunk.js.map HTTP/1.1" 200 -
INFO:werkzeug:127.0.0.1 - - [16/Jul/2020 16:14:02] "GET /logo192.png HTTP/1.1" 404 -
INFO:werkzeug:127.0.0.1 - - [16/Jul/2020 16:14:11] "POST /auth HTTP/1.1" 201 -
INFO:werkzeug:127.0.0.1 - - [16/Jul/2020 16:14:11] "GET /api/saltReturns/apply/20200716000000000000/20200716235959595959 HTTP/1.1" 200 -
INFO:werkzeug:127.0.0.1 - - [16/Jul/2020 16:14:11] "GET /api/saltReturns/apply/20200716000000000000/20200716235959595959 HTTP/1.1" 200 -
INFO:werkzeug:127.0.0.1 - - [16/Jul/2020 16:14:13] "GET /get_connected_minions HTTP/1.1" 200 -
INFO:werkzeug:127.0.0.1 - - [16/Jul/2020 16:14:13] "GET /get_connected_minions HTTP/1.1" 200 -
INFO:werkzeug:127.0.0.1 - - [16/Jul/2020 16:14:21] "POST /saltstack_cmd HTTP/1.1" 200 -
INFO:werkzeug:127.0.0.1 - - [16/Jul/2020 16:14:26] "POST /saltstack_cmd HTTP/1.1" 200 -
DEBUG:asyncio:Using selector: EpollSelector
DEBUG:asyncio:Using selector: EpollSelector
INFO:werkzeug: * Running on http://127.0.0.1:5000/ (Press CTRL+C to quit)
INFO:werkzeug:127.0.0.1 - - [16/Jul/2020 16:16:48] "GET / HTTP/1.1" 304 -
INFO:werkzeug:127.0.0.1 - - [16/Jul/2020 16:16:48] "GET /logo192.png HTTP/1.1" 404 -
INFO:werkzeug:127.0.0.1 - - [16/Jul/2020 16:16:55] "POST /auth HTTP/1.1" 201 -
INFO:werkzeug:127.0.0.1 - - [16/Jul/2020 16:16:56] "GET /api/saltReturns/apply/20200716000000000000/20200716235959595959 HTTP/1.1" 200 -
INFO:werkzeug:127.0.0.1 - - [16/Jul/2020 16:16:56] "GET /api/saltReturns/apply/20200716000000000000/20200716235959595959 HTTP/1.1" 200 -
INFO:werkzeug:127.0.0.1 - - [16/Jul/2020 16:16:57] "GET /get_connected_minions HTTP/1.1" 200 -
INFO:werkzeug:127.0.0.1 - - [16/Jul/2020 16:16:57] "GET /get_connected_minions HTTP/1.1" 200 -
INFO:werkzeug:127.0.0.1 - - [16/Jul/2020 16:17:06] "POST /saltstack_cmd HTTP/1.1" 200 -
DEBUG:asyncio:Using selector: EpollSelector
DEBUG:asyncio:Using selector: EpollSelector
INFO:werkzeug: * Running on http://127.0.0.1:5000/ (Press CTRL+C to quit)
INFO:werkzeug:127.0.0.1 - - [16/Jul/2020 16:20:19] "GET / HTTP/1.1" 200 -
INFO:werkzeug:127.0.0.1 - - [16/Jul/2020 16:20:19] "GET /static/js/main.a8027097.chunk.js HTTP/1.1" 200 -
INFO:werkzeug:127.0.0.1 - - [16/Jul/2020 16:20:19] "GET /logo192.png HTTP/1.1" 404 -
INFO:werkzeug:127.0.0.1 - - [16/Jul/2020 16:20:19] "GET /static/js/main.a8027097.chunk.js.map HTTP/1.1" 200 -
INFO:werkzeug:127.0.0.1 - - [16/Jul/2020 16:20:25] "POST /auth HTTP/1.1" 201 -
INFO:werkzeug:127.0.0.1 - - [16/Jul/2020 16:20:25] "GET /api/saltReturns/apply/20200716000000000000/20200716235959595959 HTTP/1.1" 200 -
INFO:werkzeug:127.0.0.1 - - [16/Jul/2020 16:20:25] "GET /api/saltReturns/apply/20200716000000000000/20200716235959595959 HTTP/1.1" 200 -
INFO:werkzeug:127.0.0.1 - - [16/Jul/2020 16:20:30] "GET /get_connected_minions HTTP/1.1" 200 -
INFO:werkzeug:127.0.0.1 - - [16/Jul/2020 16:20:30] "GET /get_connected_minions HTTP/1.1" 200 -
INFO:werkzeug:127.0.0.1 - - [16/Jul/2020 16:20:36] "POST /saltstack_cmd HTTP/1.1" 200 -
INFO:werkzeug:127.0.0.1 - - [16/Jul/2020 16:21:00] "GET / HTTP/1.1" 200 -
INFO:werkzeug:127.0.0.1 - - [16/Jul/2020 16:21:00] "GET /static/css/main.c6281679.chunk.css HTTP/1.1" 200 -
INFO:werkzeug:127.0.0.1 - - [16/Jul/2020 16:21:00] "GET /static/js/2.2496efd6.chunk.js HTTP/1.1" 200 -
INFO:werkzeug:127.0.0.1 - - [16/Jul/2020 16:21:00] "GET /static/js/main.a8027097.chunk.js HTTP/1.1" 200 -
INFO:werkzeug:127.0.0.1 - - [16/Jul/2020 16:21:06] "POST /auth HTTP/1.1" 201 -
INFO:werkzeug:127.0.0.1 - - [16/Jul/2020 16:21:06] "GET /api/saltReturns/apply/20200716000000000000/20200716235959595959 HTTP/1.1" 200 -
INFO:werkzeug:127.0.0.1 - - [16/Jul/2020 16:21:06] "GET /api/saltReturns/apply/20200716000000000000/20200716235959595959 HTTP/1.1" 200 -
INFO:werkzeug:127.0.0.1 - - [16/Jul/2020 16:21:10] "GET /get_connected_minions HTTP/1.1" 200 -
INFO:werkzeug:127.0.0.1 - - [16/Jul/2020 16:21:10] "GET /get_connected_minions HTTP/1.1" 200 -
INFO:werkzeug:127.0.0.1 - - [16/Jul/2020 16:21:18] "GET /static/js/2.2496efd6.chunk.js.map HTTP/1.1" 200 -
INFO:werkzeug:127.0.0.1 - - [16/Jul/2020 16:21:18] "GET /static/js/main.a8027097.chunk.js.map HTTP/1.1" 200 -
INFO:werkzeug:127.0.0.1 - - [16/Jul/2020 16:21:18] "GET /static/css/main.c6281679.chunk.css.map HTTP/1.1" 200 -
INFO:werkzeug:127.0.0.1 - - [16/Jul/2020 16:21:18] "POST /saltstack_cmd HTTP/1.1" 200 -
INFO:werkzeug:127.0.0.1 - - [16/Jul/2020 16:21:33] "POST /saltstack_cmd HTTP/1.1" 200 -
INFO:werkzeug:127.0.0.1 - - [16/Jul/2020 16:21:41] "POST /saltstack_cmd HTTP/1.1" 200 -
DEBUG:asyncio:Using selector: EpollSelector
DEBUG:asyncio:Using selector: EpollSelector
INFO:werkzeug: * Running on http://127.0.0.1:5000/ (Press CTRL+C to quit)
INFO:werkzeug:127.0.0.1 - - [16/Jul/2020 16:24:14] "GET / HTTP/1.1" 200 -
INFO:werkzeug:127.0.0.1 - - [16/Jul/2020 16:24:16] "GET /logo192.png HTTP/1.1" 404 -
INFO:werkzeug:127.0.0.1 - - [16/Jul/2020 16:24:20] "POST /auth HTTP/1.1" 201 -
INFO:werkzeug:127.0.0.1 - - [16/Jul/2020 16:24:21] "GET /api/saltReturns/apply/20200716000000000000/20200716235959595959 HTTP/1.1" 200 -
INFO:werkzeug:127.0.0.1 - - [16/Jul/2020 16:24:21] "GET /api/saltReturns/apply/20200716000000000000/20200716235959595959 HTTP/1.1" 200 -
INFO:werkzeug:127.0.0.1 - - [16/Jul/2020 16:24:22] "GET /get_connected_minions HTTP/1.1" 200 -
INFO:werkzeug:127.0.0.1 - - [16/Jul/2020 16:24:22] "GET /get_connected_minions HTTP/1.1" 200 -
INFO:werkzeug:127.0.0.1 - - [16/Jul/2020 16:24:29] "POST /saltstack_cmd HTTP/1.1" 200 -
INFO:werkzeug:127.0.0.1 - - [16/Jul/2020 16:24:43] "GET / HTTP/1.1" 200 -
INFO:werkzeug:127.0.0.1 - - [16/Jul/2020 16:24:48] "POST /auth HTTP/1.1" 201 -
INFO:werkzeug:127.0.0.1 - - [16/Jul/2020 16:24:48] "GET /api/saltReturns/apply/20200716000000000000/20200716235959595959 HTTP/1.1" 200 -
INFO:werkzeug:127.0.0.1 - - [16/Jul/2020 16:24:48] "GET /api/saltReturns/apply/20200716000000000000/20200716235959595959 HTTP/1.1" 200 -
INFO:werkzeug:127.0.0.1 - - [16/Jul/2020 16:24:49] "GET /get_connected_minions HTTP/1.1" 200 -
INFO:werkzeug:127.0.0.1 - - [16/Jul/2020 16:24:49] "GET /get_connected_minions HTTP/1.1" 200 -
INFO:werkzeug:127.0.0.1 - - [16/Jul/2020 16:24:56] "POST /saltstack_cmd HTTP/1.1" 200 -
INFO:werkzeug:127.0.0.1 - - [16/Jul/2020 16:25:00] "POST /saltstack_cmd HTTP/1.1" 200 -
DEBUG:asyncio:Using selector: EpollSelector
DEBUG:asyncio:Using selector: EpollSelector
INFO:werkzeug: * Running on http://127.0.0.1:5000/ (Press CTRL+C to quit)
INFO:werkzeug:127.0.0.1 - - [16/Jul/2020 16:28:33] "GET / HTTP/1.1" 200 -
INFO:werkzeug:127.0.0.1 - - [16/Jul/2020 16:28:33] "GET /static/js/main.91750a55.chunk.js HTTP/1.1" 200 -
INFO:werkzeug:127.0.0.1 - - [16/Jul/2020 16:28:33] "GET /static/js/main.91750a55.chunk.js.map HTTP/1.1" 200 -
INFO:werkzeug:127.0.0.1 - - [16/Jul/2020 16:28:33] "GET /logo192.png HTTP/1.1" 404 -
INFO:werkzeug:127.0.0.1 - - [16/Jul/2020 16:28:38] "POST /auth HTTP/1.1" 201 -
INFO:werkzeug:127.0.0.1 - - [16/Jul/2020 16:28:38] "GET /api/saltReturns/apply/20200716000000000000/20200716235959595959 HTTP/1.1" 200 -
INFO:werkzeug:127.0.0.1 - - [16/Jul/2020 16:28:38] "GET /api/saltReturns/apply/20200716000000000000/20200716235959595959 HTTP/1.1" 200 -
INFO:werkzeug:127.0.0.1 - - [16/Jul/2020 16:28:41] "GET /get_connected_minions HTTP/1.1" 200 -
INFO:werkzeug:127.0.0.1 - - [16/Jul/2020 16:28:41] "GET /get_connected_minions HTTP/1.1" 200 -
INFO:werkzeug:127.0.0.1 - - [16/Jul/2020 16:28:51] "POST /saltstack_cmd HTTP/1.1" 200 -
INFO:werkzeug:127.0.0.1 - - [16/Jul/2020 16:29:00] "GET / HTTP/1.1" 200 -
INFO:werkzeug:127.0.0.1 - - [16/Jul/2020 16:29:00] "GET /static/js/main.91750a55.chunk.js HTTP/1.1" 200 -
INFO:werkzeug:127.0.0.1 - - [16/Jul/2020 16:29:01] "GET /static/js/main.91750a55.chunk.js.map HTTP/1.1" 200 -
INFO:werkzeug:127.0.0.1 - - [16/Jul/2020 16:29:05] "POST /auth HTTP/1.1" 201 -
INFO:werkzeug:127.0.0.1 - - [16/Jul/2020 16:29:05] "GET /api/saltReturns/apply/20200716000000000000/20200716235959595959 HTTP/1.1" 200 -
INFO:werkzeug:127.0.0.1 - - [16/Jul/2020 16:29:05] "GET /api/saltReturns/apply/20200716000000000000/20200716235959595959 HTTP/1.1" 200 -
INFO:werkzeug:127.0.0.1 - - [16/Jul/2020 16:29:08] "GET /get_users HTTP/1.1" 200 -
INFO:werkzeug:127.0.0.1 - - [16/Jul/2020 16:29:09] "GET /get_connected_minions HTTP/1.1" 200 -
INFO:werkzeug:127.0.0.1 - - [16/Jul/2020 16:29:09] "GET /get_connected_minions HTTP/1.1" 200 -
INFO:werkzeug:127.0.0.1 - - [16/Jul/2020 16:29:19] "POST /saltstack_cmd HTTP/1.1" 200 -
INFO:werkzeug:127.0.0.1 - - [16/Jul/2020 16:30:13] "GET / HTTP/1.1" 304 -
INFO:werkzeug:127.0.0.1 - - [16/Jul/2020 16:30:14] "GET /logo192.png HTTP/1.1" 404 -
INFO:werkzeug:127.0.0.1 - - [16/Jul/2020 16:30:32] "GET / HTTP/1.1" 404 -
INFO:werkzeug:127.0.0.1 - - [16/Jul/2020 16:31:41] "GET / HTTP/1.1" 200 -
INFO:werkzeug:127.0.0.1 - - [16/Jul/2020 16:31:41] "GET /static/js/main.841239d0.chunk.js HTTP/1.1" 200 -
INFO:werkzeug:127.0.0.1 - - [16/Jul/2020 16:31:42] "GET /static/js/main.841239d0.chunk.js.map HTTP/1.1" 200 -
INFO:werkzeug:127.0.0.1 - - [16/Jul/2020 16:31:42] "GET /logo192.png HTTP/1.1" 404 -
INFO:werkzeug:127.0.0.1 - - [16/Jul/2020 16:31:47] "POST /auth HTTP/1.1" 201 -
INFO:werkzeug:127.0.0.1 - - [16/Jul/2020 16:31:48] "GET /api/saltReturns/apply/20200716000000000000/20200716235959595959 HTTP/1.1" 200 -
INFO:werkzeug:127.0.0.1 - - [16/Jul/2020 16:31:48] "GET /api/saltReturns/apply/20200716000000000000/20200716235959595959 HTTP/1.1" 200 -
INFO:werkzeug:127.0.0.1 - - [16/Jul/2020 16:31:52] "GET /get_connected_minions HTTP/1.1" 200 -
INFO:werkzeug:127.0.0.1 - - [16/Jul/2020 16:31:52] "GET /get_connected_minions HTTP/1.1" 200 -
INFO:werkzeug:127.0.0.1 - - [16/Jul/2020 16:32:00] "POST /saltstack_cmd HTTP/1.1" 200 -
INFO:werkzeug:127.0.0.1 - - [16/Jul/2020 16:32:18] "POST /saltstack_cmd HTTP/1.1" 200 -
INFO:werkzeug:127.0.0.1 - - [16/Jul/2020 16:32:24] "POST /saltstack_cmd HTTP/1.1" 200 -
INFO:werkzeug:127.0.0.1 - - [16/Jul/2020 16:35:25] "GET / HTTP/1.1" 200 -
INFO:werkzeug:127.0.0.1 - - [16/Jul/2020 16:35:25] "GET /static/js/main.841239d0.chunk.js HTTP/1.1" 200 -
INFO:werkzeug:127.0.0.1 - - [16/Jul/2020 16:35:26] "GET /static/js/main.841239d0.chunk.js.map HTTP/1.1" 200 -
INFO:werkzeug:127.0.0.1 - - [16/Jul/2020 16:35:30] "POST /auth HTTP/1.1" 201 -
INFO:werkzeug:127.0.0.1 - - [16/Jul/2020 16:35:31] "GET /api/saltReturns/apply/20200716000000000000/20200716235959595959 HTTP/1.1" 200 -
INFO:werkzeug:127.0.0.1 - - [16/Jul/2020 16:35:31] "GET /api/saltReturns/apply/20200716000000000000/20200716235959595959 HTTP/1.1" 200 -
INFO:werkzeug:127.0.0.1 - - [16/Jul/2020 16:35:32] "GET /get_connected_minions HTTP/1.1" 200 -
INFO:werkzeug:127.0.0.1 - - [16/Jul/2020 16:35:32] "GET /get_connected_minions HTTP/1.1" 200 -
INFO:werkzeug:127.0.0.1 - - [16/Jul/2020 16:35:40] "POST /saltstack_cmd HTTP/1.1" 200 -
INFO:werkzeug:127.0.0.1 - - [16/Jul/2020 16:36:18] "POST /saltstack_cmd HTTP/1.1" 200 -
DEBUG:asyncio:Using selector: EpollSelector
DEBUG:asyncio:Using selector: EpollSelector
INFO:werkzeug: * Running on http://127.0.0.1:5000/ (Press CTRL+C to quit)
INFO:werkzeug:127.0.0.1 - - [16/Jul/2020 18:46:00] "GET / HTTP/1.1" 200 -
INFO:werkzeug:127.0.0.1 - - [16/Jul/2020 18:46:00] "GET /static/js/main.c0aa1821.chunk.js HTTP/1.1" 200 -
INFO:werkzeug:127.0.0.1 - - [16/Jul/2020 18:46:01] "GET /static/js/main.c0aa1821.chunk.js.map HTTP/1.1" 200 -
INFO:werkzeug:127.0.0.1 - - [16/Jul/2020 18:46:02] "GET / HTTP/1.1" 304 -
INFO:werkzeug:127.0.0.1 - - [16/Jul/2020 18:46:10] "POST /auth HTTP/1.1" 201 -
INFO:werkzeug:127.0.0.1 - - [16/Jul/2020 18:46:11] "GET /api/saltReturns/apply/20200716000000000000/20200716235959595959 HTTP/1.1" 200 -
INFO:werkzeug:127.0.0.1 - - [16/Jul/2020 18:46:11] "GET /api/saltReturns/apply/20200716000000000000/20200716235959595959 HTTP/1.1" 200 -
INFO:werkzeug:127.0.0.1 - - [16/Jul/2020 18:46:22] "GET /get_connected_minions HTTP/1.1" 200 -
INFO:werkzeug:127.0.0.1 - - [16/Jul/2020 18:46:22] "GET /get_connected_minions HTTP/1.1" 200 -
INFO:werkzeug:127.0.0.1 - - [16/Jul/2020 18:46:30] "POST /saltstack_cmd HTTP/1.1" 200 -
INFO:werkzeug:127.0.0.1 - - [16/Jul/2020 18:46:45] "POST /saltstack_cmd HTTP/1.1" 200 -
INFO:werkzeug:127.0.0.1 - - [16/Jul/2020 18:47:07] "POST /saltstack_cmd HTTP/1.1" 200 -
INFO:werkzeug:127.0.0.1 - - [16/Jul/2020 18:47:19] "POST /saltstack_cmd HTTP/1.1" 200 -
INFO:werkzeug:127.0.0.1 - - [16/Jul/2020 18:47:32] "POST /saltstack_cmd HTTP/1.1" 200 -
DEBUG:asyncio:Using selector: EpollSelector
DEBUG:asyncio:Using selector: EpollSelector
INFO:werkzeug: * Running on http://127.0.0.1:5000/ (Press CTRL+C to quit)
DEBUG:asyncio:Using selector: EpollSelector
DEBUG:asyncio:Using selector: EpollSelector
INFO:werkzeug: * Running on http://127.0.0.1:5000/ (Press CTRL+C to quit)
INFO:werkzeug:127.0.0.1 - - [16/Jul/2020 18:56:48] "GET / HTTP/1.1" 200 -
INFO:werkzeug:127.0.0.1 - - [16/Jul/2020 18:56:49] "GET /static/js/main.252389dc.chunk.js HTTP/1.1" 200 -
INFO:werkzeug:127.0.0.1 - - [16/Jul/2020 18:56:50] "GET /static/js/main.252389dc.chunk.js.map HTTP/1.1" 200 -
INFO:werkzeug:127.0.0.1 - - [16/Jul/2020 18:56:57] "POST /auth HTTP/1.1" 201 -
INFO:werkzeug:127.0.0.1 - - [16/Jul/2020 18:56:57] "GET /api/saltReturns/apply/20200716000000000000/20200716235959595959 HTTP/1.1" 200 -
INFO:werkzeug:127.0.0.1 - - [16/Jul/2020 18:56:57] "GET /api/saltReturns/apply/20200716000000000000/20200716235959595959 HTTP/1.1" 200 -
INFO:werkzeug:127.0.0.1 - - [16/Jul/2020 18:57:00] "GET /get_connected_minions HTTP/1.1" 200 -
INFO:werkzeug:127.0.0.1 - - [16/Jul/2020 18:57:00] "GET /get_connected_minions HTTP/1.1" 200 -
INFO:werkzeug:127.0.0.1 - - [16/Jul/2020 18:57:07] "POST /saltstack_cmd HTTP/1.1" 200 -
INFO:werkzeug:127.0.0.1 - - [16/Jul/2020 18:57:14] "POST /saltstack_cmd HTTP/1.1" 200 -
INFO:werkzeug:127.0.0.1 - - [16/Jul/2020 18:57:29] "POST /saltstack_cmd HTTP/1.1" 200 -
DEBUG:asyncio:Using selector: EpollSelector
DEBUG:asyncio:Using selector: EpollSelector
INFO:werkzeug: * Running on http://127.0.0.1:5000/ (Press CTRL+C to quit)
INFO:werkzeug:127.0.0.1 - - [16/Jul/2020 19:11:11] "GET / HTTP/1.1" 200 -
INFO:werkzeug:127.0.0.1 - - [16/Jul/2020 19:11:11] "GET /static/js/main.5d4a4205.chunk.js HTTP/1.1" 200 -
INFO:werkzeug:127.0.0.1 - - [16/Jul/2020 19:11:13] "GET /static/js/main.5d4a4205.chunk.js.map HTTP/1.1" 200 -
INFO:werkzeug:127.0.0.1 - - [16/Jul/2020 19:11:18] "POST /auth HTTP/1.1" 201 -
INFO:werkzeug:127.0.0.1 - - [16/Jul/2020 19:11:19] "GET /api/saltReturns/apply/20200716000000000000/20200716235959595959 HTTP/1.1" 200 -
INFO:werkzeug:127.0.0.1 - - [16/Jul/2020 19:11:19] "GET /api/saltReturns/apply/20200716000000000000/20200716235959595959 HTTP/1.1" 200 -
INFO:werkzeug:127.0.0.1 - - [16/Jul/2020 19:11:20] "GET /get_connected_minions HTTP/1.1" 200 -
INFO:werkzeug:127.0.0.1 - - [16/Jul/2020 19:11:20] "GET /get_connected_minions HTTP/1.1" 200 -
INFO:werkzeug:127.0.0.1 - - [16/Jul/2020 19:11:28] "POST /saltstack_cmd HTTP/1.1" 200 -
DEBUG:asyncio:Using selector: EpollSelector
DEBUG:asyncio:Using selector: EpollSelector
INFO:werkzeug: * Running on http://127.0.0.1:5000/ (Press CTRL+C to quit)
DEBUG:asyncio:Using selector: EpollSelector
DEBUG:asyncio:Using selector: EpollSelector
INFO:werkzeug: * Running on http://127.0.0.1:5000/ (Press CTRL+C to quit)
INFO:werkzeug:127.0.0.1 - - [16/Jul/2020 19:16:44] "GET / HTTP/1.1" 200 -
INFO:werkzeug:127.0.0.1 - - [16/Jul/2020 19:16:44] "GET /static/js/main.35718951.chunk.js HTTP/1.1" 200 -
INFO:werkzeug:127.0.0.1 - - [16/Jul/2020 19:16:44] "GET /static/js/main.35718951.chunk.js.map HTTP/1.1" 200 -
INFO:werkzeug:127.0.0.1 - - [16/Jul/2020 19:16:52] "POST /auth HTTP/1.1" 201 -
INFO:werkzeug:127.0.0.1 - - [16/Jul/2020 19:16:52] "GET /api/saltReturns/apply/20200716000000000000/20200716235959595959 HTTP/1.1" 200 -
INFO:werkzeug:127.0.0.1 - - [16/Jul/2020 19:16:52] "GET /api/saltReturns/apply/20200716000000000000/20200716235959595959 HTTP/1.1" 200 -
INFO:werkzeug:127.0.0.1 - - [16/Jul/2020 19:16:59] "GET /get_connected_minions HTTP/1.1" 200 -
INFO:werkzeug:127.0.0.1 - - [16/Jul/2020 19:16:59] "GET /get_connected_minions HTTP/1.1" 200 -
INFO:werkzeug:127.0.0.1 - - [16/Jul/2020 19:17:07] "POST /saltstack_cmd HTTP/1.1" 200 -
ERROR:backend.app:Exception on /saltstack_cmd [POST]
Traceback (most recent call last):
  File "/home/avraham/SaltStack/backend/venv/lib/python3.7/site-packages/flask/app.py", line 2446, in wsgi_app
    response = self.full_dispatch_request()
  File "/home/avraham/SaltStack/backend/venv/lib/python3.7/site-packages/flask/app.py", line 1951, in full_dispatch_request
    rv = self.handle_user_exception(e)
  File "/home/avraham/SaltStack/backend/venv/lib/python3.7/site-packages/flask_cors/extension.py", line 161, in wrapped_function
    return cors_after_request(app.make_response(f(*args, **kwargs)))
  File "/home/avraham/SaltStack/backend/venv/lib/python3.7/site-packages/flask/app.py", line 1820, in handle_user_exception
    reraise(exc_type, exc_value, tb)
  File "/home/avraham/SaltStack/backend/venv/lib/python3.7/site-packages/flask/_compat.py", line 39, in reraise
    raise value
  File "/home/avraham/SaltStack/backend/venv/lib/python3.7/site-packages/flask/app.py", line 1949, in full_dispatch_request
    rv = self.dispatch_request()
  File "/home/avraham/SaltStack/backend/venv/lib/python3.7/site-packages/flask/app.py", line 1935, in dispatch_request
    return self.view_functions[rule.endpoint](**req.view_args)
  File "/home/avraham/SaltStack/backend/venv/lib/python3.7/site-packages/flask_jwt_extended/view_decorators.py", line 108, in wrapper
    return fn(*args, **kwargs)
  File "/home/avraham/SaltStack/backend/routes/cmd.py", line 85, in saltstack_cmd
    res = loop.run_until_complete(run_cmd(*cmd_args))
  File "/usr/lib/python3.7/asyncio/base_events.py", line 566, in run_until_complete
    self.run_forever()
  File "/usr/lib/python3.7/asyncio/base_events.py", line 521, in run_forever
    raise RuntimeError('This event loop is already running')
RuntimeError: This event loop is already running
INFO:werkzeug:127.0.0.1 - - [16/Jul/2020 19:17:17] "POST /saltstack_cmd HTTP/1.1" 500 -
INFO:werkzeug:127.0.0.1 - - [16/Jul/2020 19:17:18] "POST /saltstack_cmd HTTP/1.1" 200 -
INFO:werkzeug:127.0.0.1 - - [16/Jul/2020 19:17:34] "POST /saltstack_cmd HTTP/1.1" 200 -
INFO:werkzeug:127.0.0.1 - - [16/Jul/2020 19:23:04] "GET / HTTP/1.1" 200 -
INFO:werkzeug:127.0.0.1 - - [16/Jul/2020 19:23:04] "GET /static/js/main.d57dff10.chunk.js HTTP/1.1" 200 -
INFO:werkzeug:127.0.0.1 - - [16/Jul/2020 19:23:04] "GET /static/js/main.d57dff10.chunk.js.map HTTP/1.1" 200 -
INFO:werkzeug:127.0.0.1 - - [16/Jul/2020 19:23:17] "POST /auth HTTP/1.1" 201 -
INFO:werkzeug:127.0.0.1 - - [16/Jul/2020 19:23:17] "GET /api/saltReturns/apply/20200716000000000000/20200716235959595959 HTTP/1.1" 200 -
INFO:werkzeug:127.0.0.1 - - [16/Jul/2020 19:23:17] "GET /api/saltReturns/apply/20200716000000000000/20200716235959595959 HTTP/1.1" 200 -
INFO:werkzeug:127.0.0.1 - - [16/Jul/2020 19:23:19] "GET /get_connected_minions HTTP/1.1" 200 -
INFO:werkzeug:127.0.0.1 - - [16/Jul/2020 19:23:19] "GET /get_connected_minions HTTP/1.1" 200 -
INFO:werkzeug:127.0.0.1 - - [16/Jul/2020 19:23:26] "POST /saltstack_cmd HTTP/1.1" 200 -
INFO:werkzeug:127.0.0.1 - - [16/Jul/2020 19:29:13] "GET / HTTP/1.1" 304 -
INFO:werkzeug:127.0.0.1 - - [16/Jul/2020 19:29:18] "POST /auth HTTP/1.1" 201 -
INFO:werkzeug:127.0.0.1 - - [16/Jul/2020 19:29:18] "GET /api/saltReturns/apply/20200716000000000000/20200716235959595959 HTTP/1.1" 200 -
INFO:werkzeug:127.0.0.1 - - [16/Jul/2020 19:29:18] "GET /api/saltReturns/apply/20200716000000000000/20200716235959595959 HTTP/1.1" 200 -
INFO:werkzeug:127.0.0.1 - - [16/Jul/2020 19:29:22] "GET /get_connected_minions HTTP/1.1" 200 -
INFO:werkzeug:127.0.0.1 - - [16/Jul/2020 19:29:22] "GET /get_connected_minions HTTP/1.1" 200 -
INFO:werkzeug:127.0.0.1 - - [16/Jul/2020 19:29:30] "POST /saltstack_cmd HTTP/1.1" 200 -
INFO:werkzeug:127.0.0.1 - - [16/Jul/2020 19:35:29] "GET / HTTP/1.1" 200 -
INFO:werkzeug:127.0.0.1 - - [16/Jul/2020 19:35:30] "GET /static/js/main.ba9f7473.chunk.js HTTP/1.1" 200 -
INFO:werkzeug:127.0.0.1 - - [16/Jul/2020 19:35:30] "GET /static/js/main.ba9f7473.chunk.js.map HTTP/1.1" 200 -
INFO:werkzeug:127.0.0.1 - - [16/Jul/2020 19:35:39] "POST /auth HTTP/1.1" 201 -
INFO:werkzeug:127.0.0.1 - - [16/Jul/2020 19:35:40] "GET /api/saltReturns/apply/20200716000000000000/20200716235959595959 HTTP/1.1" 200 -
INFO:werkzeug:127.0.0.1 - - [16/Jul/2020 19:35:40] "GET /api/saltReturns/apply/20200716000000000000/20200716235959595959 HTTP/1.1" 200 -
INFO:werkzeug:127.0.0.1 - - [16/Jul/2020 19:35:42] "GET /get_connected_minions HTTP/1.1" 200 -
INFO:werkzeug:127.0.0.1 - - [16/Jul/2020 19:35:42] "GET /get_connected_minions HTTP/1.1" 200 -
INFO:werkzeug:127.0.0.1 - - [16/Jul/2020 19:35:50] "POST /saltstack_cmd HTTP/1.1" 200 -
INFO:werkzeug:127.0.0.1 - - [16/Jul/2020 19:35:57] "POST /saltstack_cmd HTTP/1.1" 200 -
INFO:werkzeug:127.0.0.1 - - [16/Jul/2020 19:36:15] "POST /saltstack_cmd HTTP/1.1" 200 -
DEBUG:asyncio:Using selector: EpollSelector
DEBUG:asyncio:Using selector: EpollSelector
INFO:werkzeug: * Running on http://127.0.0.1:5000/ (Press CTRL+C to quit)
INFO:werkzeug:127.0.0.1 - - [16/Jul/2020 19:40:20] "GET / HTTP/1.1" 200 -
INFO:werkzeug:127.0.0.1 - - [16/Jul/2020 19:40:20] "GET /static/js/main.712ed2df.chunk.js HTTP/1.1" 200 -
INFO:werkzeug:127.0.0.1 - - [16/Jul/2020 19:40:21] "GET /static/js/main.712ed2df.chunk.js.map HTTP/1.1" 200 -
INFO:werkzeug:127.0.0.1 - - [16/Jul/2020 19:40:26] "POST /auth HTTP/1.1" 201 -
INFO:werkzeug:127.0.0.1 - - [16/Jul/2020 19:40:27] "GET /api/saltReturns/apply/20200716000000000000/20200716235959595959 HTTP/1.1" 200 -
INFO:werkzeug:127.0.0.1 - - [16/Jul/2020 19:40:27] "GET /api/saltReturns/apply/20200716000000000000/20200716235959595959 HTTP/1.1" 200 -
INFO:werkzeug:127.0.0.1 - - [16/Jul/2020 19:40:29] "GET /get_connected_minions HTTP/1.1" 200 -
INFO:werkzeug:127.0.0.1 - - [16/Jul/2020 19:40:29] "GET /get_connected_minions HTTP/1.1" 200 -
INFO:werkzeug:127.0.0.1 - - [16/Jul/2020 19:40:36] "POST /saltstack_cmd HTTP/1.1" 200 -
INFO:werkzeug:127.0.0.1 - - [16/Jul/2020 19:40:40] "POST /saltstack_cmd HTTP/1.1" 200 -
INFO:werkzeug:127.0.0.1 - - [16/Jul/2020 19:41:01] "POST /saltstack_cmd HTTP/1.1" 200 -
INFO:werkzeug:127.0.0.1 - - [16/Jul/2020 19:41:06] "POST /saltstack_cmd HTTP/1.1" 200 -
ERROR:backend.app:Exception on /saltstack_cmd [POST]
Traceback (most recent call last):
  File "/home/avraham/SaltStack/backend/venv/lib/python3.7/site-packages/flask/app.py", line 2446, in wsgi_app
    response = self.full_dispatch_request()
  File "/home/avraham/SaltStack/backend/venv/lib/python3.7/site-packages/flask/app.py", line 1951, in full_dispatch_request
    rv = self.handle_user_exception(e)
  File "/home/avraham/SaltStack/backend/venv/lib/python3.7/site-packages/flask_cors/extension.py", line 161, in wrapped_function
    return cors_after_request(app.make_response(f(*args, **kwargs)))
  File "/home/avraham/SaltStack/backend/venv/lib/python3.7/site-packages/flask/app.py", line 1820, in handle_user_exception
    reraise(exc_type, exc_value, tb)
  File "/home/avraham/SaltStack/backend/venv/lib/python3.7/site-packages/flask/_compat.py", line 39, in reraise
    raise value
  File "/home/avraham/SaltStack/backend/venv/lib/python3.7/site-packages/flask/app.py", line 1949, in full_dispatch_request
    rv = self.dispatch_request()
  File "/home/avraham/SaltStack/backend/venv/lib/python3.7/site-packages/flask/app.py", line 1935, in dispatch_request
    return self.view_functions[rule.endpoint](**req.view_args)
  File "/home/avraham/SaltStack/backend/venv/lib/python3.7/site-packages/flask_jwt_extended/view_decorators.py", line 108, in wrapper
    return fn(*args, **kwargs)
  File "/home/avraham/SaltStack/backend/routes/cmd.py", line 85, in saltstack_cmd
    res = loop.run_until_complete(run_cmd(*cmd_args))
  File "/usr/lib/python3.7/asyncio/base_events.py", line 566, in run_until_complete
    self.run_forever()
  File "/usr/lib/python3.7/asyncio/base_events.py", line 521, in run_forever
    raise RuntimeError('This event loop is already running')
RuntimeError: This event loop is already running
INFO:werkzeug:127.0.0.1 - - [16/Jul/2020 19:42:00] "POST /saltstack_cmd HTTP/1.1" 500 -
INFO:werkzeug:127.0.0.1 - - [16/Jul/2020 19:42:01] "POST /saltstack_cmd HTTP/1.1" 200 -
INFO:werkzeug:127.0.0.1 - - [16/Jul/2020 19:42:35] "POST /saltstack_cmd HTTP/1.1" 200 -
DEBUG:asyncio:Using selector: EpollSelector
DEBUG:asyncio:Using selector: EpollSelector
INFO:werkzeug: * Running on http://127.0.0.1:5000/ (Press CTRL+C to quit)
INFO:werkzeug:127.0.0.1 - - [16/Jul/2020 20:13:01] "GET / HTTP/1.1" 200 -
INFO:werkzeug:127.0.0.1 - - [16/Jul/2020 20:13:02] "GET /static/js/main.75de6ea9.chunk.js HTTP/1.1" 200 -
INFO:werkzeug:127.0.0.1 - - [16/Jul/2020 20:13:03] "GET /static/js/main.75de6ea9.chunk.js.map HTTP/1.1" 200 -
INFO:werkzeug:127.0.0.1 - - [16/Jul/2020 20:13:11] "POST /auth HTTP/1.1" 201 -
INFO:werkzeug:127.0.0.1 - - [16/Jul/2020 20:13:12] "GET /api/saltReturns/apply/20200716000000000000/20200716235959595959 HTTP/1.1" 200 -
INFO:werkzeug:127.0.0.1 - - [16/Jul/2020 20:13:12] "GET /api/saltReturns/apply/20200716000000000000/20200716235959595959 HTTP/1.1" 200 -
INFO:werkzeug:127.0.0.1 - - [16/Jul/2020 20:13:16] "GET /get_connected_minions HTTP/1.1" 200 -
INFO:werkzeug:127.0.0.1 - - [16/Jul/2020 20:13:16] "GET /get_connected_minions HTTP/1.1" 200 -
INFO:werkzeug:127.0.0.1 - - [16/Jul/2020 20:18:45] "GET / HTTP/1.1" 200 -
INFO:werkzeug:127.0.0.1 - - [16/Jul/2020 20:18:45] "GET /static/js/main.d83a4625.chunk.js HTTP/1.1" 200 -
INFO:werkzeug:127.0.0.1 - - [16/Jul/2020 20:18:45] "GET /static/js/main.d83a4625.chunk.js.map HTTP/1.1" 200 -
INFO:werkzeug:127.0.0.1 - - [16/Jul/2020 20:18:52] "POST /auth HTTP/1.1" 201 -
INFO:werkzeug:127.0.0.1 - - [16/Jul/2020 20:18:52] "GET /api/saltReturns/apply/20200716000000000000/20200716235959595959 HTTP/1.1" 200 -
INFO:werkzeug:127.0.0.1 - - [16/Jul/2020 20:18:52] "GET /api/saltReturns/apply/20200716000000000000/20200716235959595959 HTTP/1.1" 200 -
INFO:werkzeug:127.0.0.1 - - [16/Jul/2020 20:18:57] "GET /get_connected_minions HTTP/1.1" 200 -
INFO:werkzeug:127.0.0.1 - - [16/Jul/2020 20:18:57] "GET /get_connected_minions HTTP/1.1" 200 -
INFO:werkzeug:127.0.0.1 - - [16/Jul/2020 20:24:12] "GET / HTTP/1.1" 304 -
INFO:werkzeug:127.0.0.1 - - [16/Jul/2020 20:24:25] "POST /auth HTTP/1.1" 201 -
INFO:werkzeug:127.0.0.1 - - [16/Jul/2020 20:24:26] "GET /api/saltReturns/apply/20200716000000000000/20200716235959595959 HTTP/1.1" 200 -
INFO:werkzeug:127.0.0.1 - - [16/Jul/2020 20:24:26] "GET /api/saltReturns/apply/20200716000000000000/20200716235959595959 HTTP/1.1" 200 -
INFO:werkzeug:127.0.0.1 - - [16/Jul/2020 20:24:36] "GET /get_connected_minions HTTP/1.1" 200 -
INFO:werkzeug:127.0.0.1 - - [16/Jul/2020 20:24:36] "GET /get_connected_minions HTTP/1.1" 200 -
INFO:werkzeug:127.0.0.1 - - [16/Jul/2020 20:27:49] "GET / HTTP/1.1" 304 -
INFO:werkzeug:127.0.0.1 - - [16/Jul/2020 20:27:56] "POST /auth HTTP/1.1" 201 -
INFO:werkzeug:127.0.0.1 - - [16/Jul/2020 20:27:56] "GET /api/saltReturns/apply/20200716000000000000/20200716235959595959 HTTP/1.1" 200 -
INFO:werkzeug:127.0.0.1 - - [16/Jul/2020 20:27:56] "GET /api/saltReturns/apply/20200716000000000000/20200716235959595959 HTTP/1.1" 200 -
INFO:werkzeug:127.0.0.1 - - [16/Jul/2020 20:28:05] "GET /get_connected_minions HTTP/1.1" 200 -
INFO:werkzeug:127.0.0.1 - - [16/Jul/2020 20:28:05] "GET /get_connected_minions HTTP/1.1" 200 -
DEBUG:asyncio:Using selector: EpollSelector
DEBUG:asyncio:Using selector: EpollSelector
INFO:werkzeug: * Running on http://127.0.0.1:5000/ (Press CTRL+C to quit)
INFO:werkzeug:127.0.0.1 - - [16/Jul/2020 22:00:44] "GET / HTTP/1.1" 404 -
INFO:werkzeug:127.0.0.1 - - [16/Jul/2020 22:00:45] "GET / HTTP/1.1" 404 -
INFO:werkzeug:127.0.0.1 - - [16/Jul/2020 22:00:48] "GET /favicon.ico HTTP/1.1" 200 -
INFO:werkzeug:127.0.0.1 - - [16/Jul/2020 22:00:48] "GET /favicon.ico HTTP/1.1" 200 -
INFO:werkzeug:127.0.0.1 - - [16/Jul/2020 22:00:55] "GET / HTTP/1.1" 404 -
INFO:werkzeug:127.0.0.1 - - [16/Jul/2020 22:01:00] "GET / HTTP/1.1" 404 -
DEBUG:asyncio:Using selector: EpollSelector
DEBUG:asyncio:Using selector: EpollSelector
INFO:werkzeug: * Running on http://127.0.0.1:5000/ (Press CTRL+C to quit)
INFO:werkzeug:127.0.0.1 - - [16/Jul/2020 22:01:11] "GET / HTTP/1.1" 404 -
INFO:werkzeug:127.0.0.1 - - [16/Jul/2020 22:03:54] "GET / HTTP/1.1" 200 -
INFO:werkzeug:127.0.0.1 - - [16/Jul/2020 22:03:55] "GET /static/js/2.2496efd6.chunk.js HTTP/1.1" 200 -
INFO:werkzeug:127.0.0.1 - - [16/Jul/2020 22:03:55] "GET /static/css/main.c6281679.chunk.css HTTP/1.1" 200 -
INFO:werkzeug:127.0.0.1 - - [16/Jul/2020 22:03:55] "GET /static/js/main.2a68a928.chunk.js HTTP/1.1" 200 -
INFO:werkzeug:127.0.0.1 - - [16/Jul/2020 22:03:58] "GET /logo192.png HTTP/1.1" 404 -
INFO:werkzeug:127.0.0.1 - - [16/Jul/2020 22:04:29] "POST /auth HTTP/1.1" 201 -
INFO:werkzeug:127.0.0.1 - - [16/Jul/2020 22:04:31] "GET /api/saltReturns/apply/20200716000000000000/20200716235959595959 HTTP/1.1" 200 -
INFO:werkzeug:127.0.0.1 - - [16/Jul/2020 22:04:31] "GET /api/saltReturns/apply/20200716000000000000/20200716235959595959 HTTP/1.1" 200 -
INFO:werkzeug:127.0.0.1 - - [16/Jul/2020 22:04:33] "GET /get_connected_minions HTTP/1.1" 200 -
INFO:werkzeug:127.0.0.1 - - [16/Jul/2020 22:04:33] "GET /get_connected_minions HTTP/1.1" 200 -
INFO:werkzeug:127.0.0.1 - - [16/Jul/2020 22:04:44] "GET / HTTP/1.1" 200 -
INFO:werkzeug:127.0.0.1 - - [16/Jul/2020 22:05:15] "GET /api/saltReturns/apply/20200101000000000000/20201231235959595959 HTTP/1.1" 200 -
INFO:werkzeug:127.0.0.1 - - [16/Jul/2020 22:05:34] "GET /api/saltReturns/apply/20200401000000000000/20200430235959595959 HTTP/1.1" 200 -
INFO:werkzeug:127.0.0.1 - - [16/Jul/2020 22:05:35] "GET /api/saltReturns/apply/20200501000000000000/20200531235959595959 HTTP/1.1" 200 -
INFO:werkzeug:127.0.0.1 - - [16/Jul/2020 22:05:36] "GET /api/saltReturns/apply/20200601000000000000/20200630235959595959 HTTP/1.1" 200 -
INFO:werkzeug:127.0.0.1 - - [16/Jul/2020 22:05:52] "GET /api/saltReturns/apply/20200101000000000000/20201231235959595959 HTTP/1.1" 200 -
INFO:werkzeug:127.0.0.1 - - [16/Jul/2020 22:06:00] "GET /get_connected_minions HTTP/1.1" 200 -
INFO:werkzeug:127.0.0.1 - - [16/Jul/2020 22:06:00] "GET /get_connected_minions HTTP/1.1" 200 -
INFO:werkzeug:127.0.0.1 - - [16/Jul/2020 22:06:16] "GET / HTTP/1.1" 200 -
INFO:werkzeug:127.0.0.1 - - [16/Jul/2020 22:06:17] "GET /static/css/main.c6281679.chunk.css HTTP/1.1" 200 -
INFO:werkzeug:127.0.0.1 - - [16/Jul/2020 22:06:17] "GET /static/js/main.2a68a928.chunk.js HTTP/1.1" 200 -
INFO:werkzeug:127.0.0.1 - - [16/Jul/2020 22:06:19] "GET /static/js/2.2496efd6.chunk.js HTTP/1.1" 200 -
INFO:werkzeug:127.0.0.1 - - [16/Jul/2020 22:06:19] "GET /logo192.png HTTP/1.1" 404 -
INFO:werkzeug:127.0.0.1 - - [16/Jul/2020 22:07:03] "POST /auth HTTP/1.1" 401 -
INFO:werkzeug:127.0.0.1 - - [16/Jul/2020 22:07:08] "POST /auth HTTP/1.1" 401 -
INFO:werkzeug:127.0.0.1 - - [16/Jul/2020 22:07:24] "POST /auth HTTP/1.1" 401 -
DEBUG:asyncio:Using selector: EpollSelector
DEBUG:asyncio:Using selector: EpollSelector
INFO:werkzeug: * Running on http://127.0.0.1:5000/ (Press CTRL+C to quit)
INFO:werkzeug:127.0.0.1 - - [16/Jul/2020 22:07:43] "POST /auth HTTP/1.1" 201 -
INFO:werkzeug:127.0.0.1 - - [16/Jul/2020 22:07:44] "GET /api/saltReturns/apply/20200716000000000000/20200716235959595959 HTTP/1.1" 200 -
INFO:werkzeug:127.0.0.1 - - [16/Jul/2020 22:07:44] "GET /api/saltReturns/apply/20200716000000000000/20200716235959595959 HTTP/1.1" 200 -
INFO:werkzeug:127.0.0.1 - - [16/Jul/2020 22:07:50] "GET /static/js/main.2a68a928.chunk.js.map HTTP/1.1" 200 -
INFO:werkzeug:127.0.0.1 - - [16/Jul/2020 22:07:52] "GET /get_users HTTP/1.1" 200 -
INFO:werkzeug:127.0.0.1 - - [16/Jul/2020 22:07:58] "GET /get_connected_minions HTTP/1.1" 200 -
INFO:werkzeug:127.0.0.1 - - [16/Jul/2020 22:07:58] "GET /get_connected_minions HTTP/1.1" 200 -
INFO:werkzeug:127.0.0.1 - - [16/Jul/2020 22:08:03] "GET /api/saltReturns/apply/20200101000000000000/20201231235959595959 HTTP/1.1" 200 -
INFO:werkzeug:127.0.0.1 - - [16/Jul/2020 22:08:14] "GET /static/js/main.2a68a928.chunk.js.map HTTP/1.1" 200 -
INFO:werkzeug:127.0.0.1 - - [16/Jul/2020 22:08:19] "GET /get_connected_minions HTTP/1.1" 200 -
INFO:werkzeug:127.0.0.1 - - [16/Jul/2020 22:08:20] "GET /get_connected_minions HTTP/1.1" 200 -
INFO:werkzeug:127.0.0.1 - - [16/Jul/2020 22:08:28] "POST /saltstack_cmd HTTP/1.1" 200 -
INFO:werkzeug:127.0.0.1 - - [16/Jul/2020 22:09:10] "GET / HTTP/1.1" 200 -
INFO:werkzeug:127.0.0.1 - - [16/Jul/2020 22:09:12] "GET /static/css/main.c6281679.chunk.css HTTP/1.1" 200 -
INFO:werkzeug:127.0.0.1 - - [16/Jul/2020 22:09:12] "GET /static/js/2.2496efd6.chunk.js HTTP/1.1" 200 -
INFO:werkzeug:127.0.0.1 - - [16/Jul/2020 22:09:12] "GET /static/js/main.2a68a928.chunk.js HTTP/1.1" 200 -
INFO:werkzeug:127.0.0.1 - - [16/Jul/2020 22:09:25] "GET /logo192.png HTTP/1.1" 404 -
INFO:werkzeug:127.0.0.1 - - [16/Jul/2020 22:09:25] "GET /favicon.ico HTTP/1.1" 200 -
INFO:werkzeug:127.0.0.1 - - [16/Jul/2020 22:09:53] "POST /auth HTTP/1.1" 201 -
INFO:werkzeug:127.0.0.1 - - [16/Jul/2020 22:09:55] "GET /api/saltReturns/apply/20200716000000000000/20200716235959595959 HTTP/1.1" 200 -
INFO:werkzeug:127.0.0.1 - - [16/Jul/2020 22:09:55] "GET /api/saltReturns/apply/20200716000000000000/20200716235959595959 HTTP/1.1" 200 -
INFO:werkzeug:127.0.0.1 - - [16/Jul/2020 22:09:56] "GET /api/saltReturns/apply/20200101000000000000/20201231235959595959 HTTP/1.1" 200 -
INFO:werkzeug:127.0.0.1 - - [16/Jul/2020 22:10:11] "GET /api/saltReturns/apply/20200716000000000000/20200716235959595959 HTTP/1.1" 200 -
INFO:werkzeug:127.0.0.1 - - [16/Jul/2020 22:10:15] "GET /api/saltReturns/apply/20200716000000000000/20200716235959595959 HTTP/1.1" 200 -
INFO:werkzeug:127.0.0.1 - - [16/Jul/2020 22:10:21] "GET /get_connected_minions HTTP/1.1" 200 -
INFO:werkzeug:127.0.0.1 - - [16/Jul/2020 22:10:24] "GET /get_connected_minions HTTP/1.1" 200 -
INFO:werkzeug:127.0.0.1 - - [16/Jul/2020 22:10:36] "POST /saltstack_cmd HTTP/1.1" 200 -
INFO:werkzeug:127.0.0.1 - - [16/Jul/2020 22:10:44] "GET /get_users HTTP/1.1" 200 -
INFO:werkzeug:127.0.0.1 - - [16/Jul/2020 22:10:48] "GET /api/saltReturns/apply/20200701000000000000/20200731235959595959 HTTP/1.1" 200 -
INFO:werkzeug:127.0.0.1 - - [16/Jul/2020 22:11:01] "GET /api/saltReturns/apply/20200701000000000000/20200731235959595959 HTTP/1.1" 200 -
INFO:werkzeug:127.0.0.1 - - [16/Jul/2020 22:11:09] "GET /api/saltReturns/apply/20200401000000000000/20200430235959595959 HTTP/1.1" 200 -
INFO:werkzeug:127.0.0.1 - - [16/Jul/2020 22:11:09] "GET /api/saltReturns/apply/20200501000000000000/20200531235959595959 HTTP/1.1" 200 -
INFO:werkzeug:127.0.0.1 - - [16/Jul/2020 22:11:10] "GET /api/saltReturns/apply/20200601000000000000/20200630235959595959 HTTP/1.1" 200 -
INFO:werkzeug:127.0.0.1 - - [16/Jul/2020 22:11:19] "GET /api/saltReturns/apply/20200101000000000000/20201231235959595959 HTTP/1.1" 200 -
INFO:werkzeug:127.0.0.1 - - [16/Jul/2020 22:12:19] "GET /api/saltReturns/apply/20200401000000000000/20200430235959595959 HTTP/1.1" 200 -
INFO:werkzeug:127.0.0.1 - - [16/Jul/2020 22:12:21] "GET /api/saltReturns/apply/20200501000000000000/20200531235959595959 HTTP/1.1" 200 -
INFO:werkzeug:127.0.0.1 - - [16/Jul/2020 22:12:21] "GET /api/saltReturns/apply/20200601000000000000/20200630235959595959 HTTP/1.1" 200 -
INFO:werkzeug:127.0.0.1 - - [16/Jul/2020 22:13:29] "GET /api/saltReturns/apply/20200101000000000000/20201231235959595959 HTTP/1.1" 200 -
INFO:werkzeug:127.0.0.1 - - [16/Jul/2020 22:13:34] "GET /get_users HTTP/1.1" 200 -
INFO:werkzeug:127.0.0.1 - - [16/Jul/2020 22:13:51] "GET /api/saltReturns/apply/20200101000000000000/20201231235959595959 HTTP/1.1" 200 -
DEBUG:asyncio:Using selector: EpollSelector
DEBUG:asyncio:Using selector: EpollSelector
INFO:werkzeug: * Running on http://127.0.0.1:5000/ (Press CTRL+C to quit)
INFO:werkzeug:127.0.0.1 - - [17/Jul/2020 10:08:14] "GET / HTTP/1.1" 200 -
INFO:werkzeug:127.0.0.1 - - [17/Jul/2020 10:08:15] "GET /static/css/main.c6281679.chunk.css HTTP/1.1" 200 -
INFO:werkzeug:127.0.0.1 - - [17/Jul/2020 10:08:15] "GET /static/js/2.9b8cb6e4.chunk.js HTTP/1.1" 200 -
INFO:werkzeug:127.0.0.1 - - [17/Jul/2020 10:08:15] "GET /static/js/main.01b1c7f4.chunk.js HTTP/1.1" 200 -
INFO:werkzeug:127.0.0.1 - - [17/Jul/2020 10:08:18] "GET /manifest.json HTTP/1.1" 200 -
INFO:werkzeug:127.0.0.1 - - [17/Jul/2020 10:08:18] "GET /logo192.png HTTP/1.1" 404 -
INFO:werkzeug:127.0.0.1 - - [17/Jul/2020 10:08:30] "POST /auth HTTP/1.1" 201 -
INFO:werkzeug:127.0.0.1 - - [17/Jul/2020 10:08:32] "GET /api/saltReturns/apply/20200717000000000000/20200717235959595959 HTTP/1.1" 200 -
INFO:werkzeug:127.0.0.1 - - [17/Jul/2020 10:08:32] "GET /api/saltReturns/apply/20200717000000000000/20200717235959595959 HTTP/1.1" 200 -
INFO:werkzeug:127.0.0.1 - - [17/Jul/2020 10:08:34] "GET /get_connected_minions HTTP/1.1" 200 -
INFO:werkzeug:127.0.0.1 - - [17/Jul/2020 10:08:35] "GET /get_connected_minions HTTP/1.1" 200 -
INFO:werkzeug:127.0.0.1 - - [17/Jul/2020 10:08:44] "POST /saltstack_cmd HTTP/1.1" 200 -
INFO:werkzeug:127.0.0.1 - - [17/Jul/2020 10:08:54] "POST /saltstack_cmd HTTP/1.1" 200 -
INFO:werkzeug:127.0.0.1 - - [17/Jul/2020 10:08:58] "POST /saltstack_cmd HTTP/1.1" 200 -
INFO:werkzeug:127.0.0.1 - - [17/Jul/2020 10:09:06] "GET /api/saltReturns/apply/20200101000000000000/20201231235959595959 HTTP/1.1" 200 -
INFO:werkzeug:127.0.0.1 - - [17/Jul/2020 10:09:11] "GET /api/saltReturns/apply/20200401000000000000/20200430235959595959 HTTP/1.1" 200 -
INFO:werkzeug:127.0.0.1 - - [17/Jul/2020 10:09:12] "GET /api/saltReturns/apply/20200501000000000000/20200531235959595959 HTTP/1.1" 200 -
INFO:werkzeug:127.0.0.1 - - [17/Jul/2020 10:09:13] "GET /api/saltReturns/apply/20200601000000000000/20200630235959595959 HTTP/1.1" 200 -
INFO:werkzeug:127.0.0.1 - - [17/Jul/2020 10:09:16] "GET /api/saltReturns/apply/20200701000000000000/20200731235959595959 HTTP/1.1" 200 -
INFO:werkzeug:127.0.0.1 - - [17/Jul/2020 10:09:17] "GET /get_users HTTP/1.1" 200 -
INFO:werkzeug:127.0.0.1 - - [17/Jul/2020 10:09:18] "GET /get_connected_minions HTTP/1.1" 200 -
INFO:werkzeug:127.0.0.1 - - [17/Jul/2020 10:09:18] "GET /get_connected_minions HTTP/1.1" 200 -
INFO:werkzeug:127.0.0.1 - - [17/Jul/2020 10:09:19] "GET /api/saltReturns/apply/20200717000000000000/20200717235959595959 HTTP/1.1" 200 -
INFO:werkzeug:127.0.0.1 - - [17/Jul/2020 10:09:19] "GET /api/saltReturns/apply/20200717000000000000/20200717235959595959 HTTP/1.1" 200 -
INFO:werkzeug:127.0.0.1 - - [17/Jul/2020 10:09:26] "GET /api/saltReturns/apply/20190717000000000000/20200717235959595959 HTTP/1.1" 200 -
DEBUG:asyncio:Using selector: EpollSelector
INFO:werkzeug: * Running on http://127.0.0.1:5000/ (Press CTRL+C to quit)
INFO:werkzeug:127.0.0.1 - - [20/Jul/2020 11:36:42] "POST /saltstack_cmd HTTP/1.1" 400 -
INFO:werkzeug:127.0.0.1 - - [20/Jul/2020 11:37:27] "POST /saltstack_cmd HTTP/1.1" 400 -
INFO:werkzeug:127.0.0.1 - - [20/Jul/2020 11:37:36] "POST /saltstack_cmd HTTP/1.1" 400 -
INFO:werkzeug:127.0.0.1 - - [20/Jul/2020 11:37:55] "POST /saltstack_cmd HTTP/1.1" 400 -
INFO:werkzeug:127.0.0.1 - - [20/Jul/2020 11:38:11] "POST /saltstack_cmd HTTP/1.1" 400 -
INFO:werkzeug:127.0.0.1 - - [20/Jul/2020 11:38:17] "POST /saltstack_cmd HTTP/1.1" 400 -
INFO:werkzeug:127.0.0.1 - - [20/Jul/2020 11:38:44] "POST /saltstack_cmd HTTP/1.1" 400 -
INFO:werkzeug:127.0.0.1 - - [20/Jul/2020 11:38:58] "GET / HTTP/1.1" 200 -
INFO:werkzeug:127.0.0.1 - - [20/Jul/2020 11:38:58] "GET /static/css/main.c6281679.chunk.css HTTP/1.1" 200 -
INFO:werkzeug:127.0.0.1 - - [20/Jul/2020 11:38:58] "GET /static/js/main.01b1c7f4.chunk.js HTTP/1.1" 200 -
INFO:werkzeug:127.0.0.1 - - [20/Jul/2020 11:38:58] "GET /static/js/2.9b8cb6e4.chunk.js HTTP/1.1" 200 -
INFO:werkzeug:127.0.0.1 - - [20/Jul/2020 11:38:58] "GET /logo192.png HTTP/1.1" 404 -
INFO:werkzeug:127.0.0.1 - - [20/Jul/2020 11:38:58] "GET /favicon.ico HTTP/1.1" 200 -
INFO:werkzeug:127.0.0.1 - - [20/Jul/2020 11:39:17] "POST /saltstack_cmd HTTP/1.1" 400 -
INFO:werkzeug:127.0.0.1 - - [20/Jul/2020 11:39:28] "POST /saltstack_cmd HTTP/1.1" 400 -
INFO:werkzeug:127.0.0.1 - - [20/Jul/2020 11:39:45] "POST /saltstack_cmd HTTP/1.1" 400 -
DEBUG:asyncio:Using selector: EpollSelector
INFO:werkzeug: * Running on http://127.0.0.1:5000/ (Press CTRL+C to quit)
INFO:werkzeug:127.0.0.1 - - [20/Jul/2020 11:39:51] "POST /saltstack_cmd HTTP/1.1" 400 -
INFO:werkzeug:127.0.0.1 - - [20/Jul/2020 11:39:53] "POST /saltstack_cmd HTTP/1.1" 400 -
INFO:werkzeug:127.0.0.1 - - [20/Jul/2020 11:40:14] "POST /saltstack_cmd HTTP/1.1" 400 -
INFO:werkzeug:127.0.0.1 - - [20/Jul/2020 11:40:21] "POST /saltstack_cmd HTTP/1.1" 400 -
INFO:werkzeug:127.0.0.1 - - [20/Jul/2020 11:40:30] "POST /saltstack_cmd HTTP/1.1" 400 -
INFO:werkzeug:127.0.0.1 - - [20/Jul/2020 11:40:35] "POST /saltstack_cmd HTTP/1.1" 400 -
INFO:werkzeug:127.0.0.1 - - [20/Jul/2020 11:40:39] "POST /saltstack_cmd HTTP/1.1" 400 -
INFO:werkzeug:127.0.0.1 - - [20/Jul/2020 11:40:50] "POST /saltstack_cmd HTTP/1.1" 400 -
INFO:werkzeug:127.0.0.1 - - [20/Jul/2020 11:41:00] "POST /saltstack_cmd HTTP/1.1" 400 -
DEBUG:asyncio:Using selector: EpollSelector
INFO:werkzeug: * Running on http://127.0.0.1:5000/ (Press CTRL+C to quit)
INFO:werkzeug:127.0.0.1 - - [20/Jul/2020 11:41:28] "POST /saltstack_cmd HTTP/1.1" 400 -
INFO:werkzeug:127.0.0.1 - - [20/Jul/2020 11:41:33] "POST /saltstack_cmd HTTP/1.1" 400 -
INFO:werkzeug:127.0.0.1 - - [20/Jul/2020 11:41:38] "POST /saltstack_cmd HTTP/1.1" 400 -
INFO:werkzeug:127.0.0.1 - - [20/Jul/2020 11:41:45] "POST /saltstack_cmd HTTP/1.1" 400 -
INFO:werkzeug:127.0.0.1 - - [20/Jul/2020 11:41:53] "POST /saltstack_cmd/ HTTP/1.1" 405 -
INFO:werkzeug:127.0.0.1 - - [20/Jul/2020 11:42:33] "POST /cmd/saltstack_cmd HTTP/1.1" 405 -
INFO:werkzeug:127.0.0.1 - - [20/Jul/2020 11:42:41] "POST /cmd/saltstack_cmd HTTP/1.1" 405 -
INFO:werkzeug:127.0.0.1 - - [20/Jul/2020 11:42:47] "POST /cmd/saltstack_cmd HTTP/1.1" 405 -
INFO:werkzeug:127.0.0.1 - - [20/Jul/2020 11:42:59] "POST /auth HTTP/1.1" 201 -
INFO:werkzeug:127.0.0.1 - - [20/Jul/2020 11:43:04] "GET /api/saltReturns/apply/20200720000000000000/20200720235959595959 HTTP/1.1" 200 -
INFO:werkzeug:127.0.0.1 - - [20/Jul/2020 11:43:04] "GET /api/saltReturns/apply/20200720000000000000/20200720235959595959 HTTP/1.1" 200 -
INFO:werkzeug:127.0.0.1 - - [20/Jul/2020 11:43:09] "GET /get_connected_minions HTTP/1.1" 200 -
INFO:werkzeug:127.0.0.1 - - [20/Jul/2020 11:43:09] "GET /get_connected_minions HTTP/1.1" 200 -
ERROR:backend.app:Exception on /saltstack_cmd [POST]
Traceback (most recent call last):
  File "/home/avraham/SaltStack/backend/venv/lib/python3.7/site-packages/flask/app.py", line 2446, in wsgi_app
    response = self.full_dispatch_request()
  File "/home/avraham/SaltStack/backend/venv/lib/python3.7/site-packages/flask/app.py", line 1951, in full_dispatch_request
    rv = self.handle_user_exception(e)
  File "/home/avraham/SaltStack/backend/venv/lib/python3.7/site-packages/flask_cors/extension.py", line 161, in wrapped_function
    return cors_after_request(app.make_response(f(*args, **kwargs)))
  File "/home/avraham/SaltStack/backend/venv/lib/python3.7/site-packages/flask/app.py", line 1820, in handle_user_exception
    reraise(exc_type, exc_value, tb)
  File "/home/avraham/SaltStack/backend/venv/lib/python3.7/site-packages/flask/_compat.py", line 39, in reraise
    raise value
  File "/home/avraham/SaltStack/backend/venv/lib/python3.7/site-packages/flask/app.py", line 1949, in full_dispatch_request
    rv = self.dispatch_request()
  File "/home/avraham/SaltStack/backend/venv/lib/python3.7/site-packages/flask/app.py", line 1935, in dispatch_request
    return self.view_functions[rule.endpoint](**req.view_args)
  File "/home/avraham/SaltStack/backend/routes/cmd.py", line 90, in saltstack_cmd
    loop.close()
UnboundLocalError: local variable 'loop' referenced before assignment
INFO:werkzeug:127.0.0.1 - - [20/Jul/2020 11:43:14] "POST /saltstack_cmd HTTP/1.1" 500 -
DEBUG:asyncio:Using selector: EpollSelector
DEBUG:asyncio:Using selector: EpollSelector
INFO:werkzeug: * Running on http://127.0.0.1:5000/ (Press CTRL+C to quit)
INFO:werkzeug:127.0.0.1 - - [20/Jul/2020 11:43:41] "POST /saltstack_cmd HTTP/1.1" 401 -
DEBUG:asyncio:Using selector: EpollSelector
DEBUG:asyncio:Using selector: EpollSelector
INFO:werkzeug: * Running on http://127.0.0.1:5000/ (Press CTRL+C to quit)
INFO:werkzeug:127.0.0.1 - - [20/Jul/2020 11:43:54] "POST /saltstack_cmd HTTP/1.1" 400 -
INFO:werkzeug:127.0.0.1 - - [20/Jul/2020 11:44:10] "POST /saltstack_cmd HTTP/1.1" 400 -
INFO:werkzeug:127.0.0.1 - - [20/Jul/2020 11:44:16] "POST /saltstack_cmd HTTP/1.1" 400 -
INFO:werkzeug:127.0.0.1 - - [20/Jul/2020 11:44:27] "POST /saltstack_cmd HTTP/1.1" 400 -
DEBUG:asyncio:Using selector: EpollSelector
DEBUG:asyncio:Using selector: EpollSelector
INFO:werkzeug: * Running on http://127.0.0.1:5000/ (Press CTRL+C to quit)
INFO:werkzeug:127.0.0.1 - - [20/Jul/2020 11:44:37] "POST /saltstack_cmd HTTP/1.1" 401 -
INFO:werkzeug:127.0.0.1 - - [20/Jul/2020 11:44:54] "POST /saltstack_cmd HTTP/1.1" 401 -
DEBUG:asyncio:Using selector: EpollSelector
DEBUG:asyncio:Using selector: EpollSelector
INFO:werkzeug: * Running on http://127.0.0.1:5000/ (Press CTRL+C to quit)
INFO:werkzeug:127.0.0.1 - - [20/Jul/2020 11:45:01] "POST /saltstack_cmd HTTP/1.1" 400 -
INFO:werkzeug:127.0.0.1 - - [20/Jul/2020 11:45:35] "POST /saltstack_cmd HTTP/1.1" 400 -
DEBUG:asyncio:Using selector: EpollSelector
DEBUG:asyncio:Using selector: EpollSelector
INFO:werkzeug: * Running on http://127.0.0.1:5000/ (Press CTRL+C to quit)
INFO:werkzeug:127.0.0.1 - - [20/Jul/2020 11:45:44] "POST /saltstack_cmd HTTP/1.1" 400 -
INFO:werkzeug:127.0.0.1 - - [20/Jul/2020 11:45:55] "POST /saltstack_cmd HTTP/1.1" 400 -
INFO:werkzeug:127.0.0.1 - - [20/Jul/2020 11:45:58] "POST /saltstack_cmd HTTP/1.1" 400 -
INFO:werkzeug:127.0.0.1 - - [20/Jul/2020 11:46:02] "POST /saltstack_cmd HTTP/1.1" 400 -
INFO:werkzeug:127.0.0.1 - - [20/Jul/2020 11:46:14] "POST /saltstack_cmd HTTP/1.1" 400 -
INFO:werkzeug:127.0.0.1 - - [20/Jul/2020 11:46:32] "POST /saltstack_cmd HTTP/1.1" 400 -
DEBUG:asyncio:Using selector: EpollSelector
DEBUG:asyncio:Using selector: EpollSelector
INFO:werkzeug: * Running on http://127.0.0.1:5000/ (Press CTRL+C to quit)
INFO:werkzeug:127.0.0.1 - - [20/Jul/2020 11:46:38] "POST /saltstack_cmd HTTP/1.1" 400 -
INFO:werkzeug:127.0.0.1 - - [20/Jul/2020 11:46:58] "POST /saltstack_cmd HTTP/1.1" 400 -
INFO:werkzeug:127.0.0.1 - - [20/Jul/2020 11:47:10] "POST /saltstack_cmd HTTP/1.1" 400 -
DEBUG:asyncio:Using selector: EpollSelector
DEBUG:asyncio:Using selector: EpollSelector
INFO:werkzeug: * Running on http://127.0.0.1:5000/ (Press CTRL+C to quit)
INFO:werkzeug:127.0.0.1 - - [20/Jul/2020 11:47:42] "POST /saltstack_cmd HTTP/1.1" 401 -
INFO:werkzeug:127.0.0.1 - - [20/Jul/2020 11:47:50] "POST /saltstack_cmd HTTP/1.1" 200 -
INFO:werkzeug:127.0.0.1 - - [20/Jul/2020 11:48:23] "GET / HTTP/1.1" 304 -
INFO:werkzeug:127.0.0.1 - - [20/Jul/2020 11:48:23] "GET /static/js/2.9b8cb6e4.chunk.js HTTP/1.1" 304 -
INFO:werkzeug:127.0.0.1 - - [20/Jul/2020 11:48:23] "GET /static/css/main.c6281679.chunk.css HTTP/1.1" 200 -
INFO:werkzeug:127.0.0.1 - - [20/Jul/2020 11:48:23] "GET /static/js/main.01b1c7f4.chunk.js HTTP/1.1" 304 -
INFO:werkzeug:127.0.0.1 - - [20/Jul/2020 11:48:32] "GET / HTTP/1.1" 200 -
INFO:werkzeug:127.0.0.1 - - [20/Jul/2020 11:48:32] "GET /static/css/main.c6281679.chunk.css HTTP/1.1" 200 -
INFO:werkzeug:127.0.0.1 - - [20/Jul/2020 11:48:32] "GET /static/js/2.9b8cb6e4.chunk.js HTTP/1.1" 200 -
INFO:werkzeug:127.0.0.1 - - [20/Jul/2020 11:48:32] "GET /static/js/main.01b1c7f4.chunk.js HTTP/1.1" 200 -
INFO:werkzeug:127.0.0.1 - - [20/Jul/2020 11:48:32] "GET /logo192.png HTTP/1.1" 404 -
INFO:werkzeug:127.0.0.1 - - [20/Jul/2020 11:48:32] "GET /favicon.ico HTTP/1.1" 200 -
INFO:werkzeug:127.0.0.1 - - [20/Jul/2020 11:48:36] "POST /auth HTTP/1.1" 201 -
INFO:werkzeug:127.0.0.1 - - [20/Jul/2020 11:48:36] "GET /api/saltReturns/apply/20200720000000000000/20200720235959595959 HTTP/1.1" 200 -
INFO:werkzeug:127.0.0.1 - - [20/Jul/2020 11:48:36] "GET /api/saltReturns/apply/20200720000000000000/20200720235959595959 HTTP/1.1" 200 -
INFO:werkzeug:127.0.0.1 - - [20/Jul/2020 11:48:39] "GET /get_connected_minions HTTP/1.1" 200 -
INFO:werkzeug:127.0.0.1 - - [20/Jul/2020 11:48:39] "GET /get_connected_minions HTTP/1.1" 200 -
INFO:werkzeug:127.0.0.1 - - [20/Jul/2020 11:48:46] "POST /saltstack_cmd HTTP/1.1" 200 -
INFO:werkzeug:127.0.0.1 - - [20/Jul/2020 11:48:50] "POST /saltstack_cmd HTTP/1.1" 200 -
ERROR:backend.app:Exception on /saltstack_cmd [POST]
Traceback (most recent call last):
  File "/home/avraham/SaltStack/backend/venv/lib/python3.7/site-packages/flask/app.py", line 2446, in wsgi_app
    response = self.full_dispatch_request()
  File "/home/avraham/SaltStack/backend/venv/lib/python3.7/site-packages/flask/app.py", line 1951, in full_dispatch_request
    rv = self.handle_user_exception(e)
  File "/home/avraham/SaltStack/backend/venv/lib/python3.7/site-packages/flask_cors/extension.py", line 161, in wrapped_function
    return cors_after_request(app.make_response(f(*args, **kwargs)))
  File "/home/avraham/SaltStack/backend/venv/lib/python3.7/site-packages/flask/app.py", line 1820, in handle_user_exception
    reraise(exc_type, exc_value, tb)
  File "/home/avraham/SaltStack/backend/venv/lib/python3.7/site-packages/flask/_compat.py", line 39, in reraise
    raise value
  File "/home/avraham/SaltStack/backend/venv/lib/python3.7/site-packages/flask/app.py", line 1949, in full_dispatch_request
    rv = self.dispatch_request()
  File "/home/avraham/SaltStack/backend/venv/lib/python3.7/site-packages/flask/app.py", line 1935, in dispatch_request
    return self.view_functions[rule.endpoint](**req.view_args)
  File "/home/avraham/SaltStack/backend/venv/lib/python3.7/site-packages/flask_jwt_extended/view_decorators.py", line 108, in wrapper
    return fn(*args, **kwargs)
  File "/home/avraham/SaltStack/backend/routes/cmd.py", line 85, in saltstack_cmd
    res = loop.run_until_complete(run_cmd(*cmd_args))
  File "/usr/lib/python3.7/asyncio/base_events.py", line 566, in run_until_complete
    self.run_forever()
  File "/usr/lib/python3.7/asyncio/base_events.py", line 521, in run_forever
    raise RuntimeError('This event loop is already running')
RuntimeError: This event loop is already running
INFO:werkzeug:127.0.0.1 - - [20/Jul/2020 11:48:55] "POST /saltstack_cmd HTTP/1.1" 500 -
INFO:werkzeug:127.0.0.1 - - [20/Jul/2020 11:48:56] "POST /saltstack_cmd HTTP/1.1" 200 -
INFO:werkzeug:127.0.0.1 - - [20/Jul/2020 11:49:32] "GET /api/saltReturns/apply/20200401000000000000/20200430235959595959 HTTP/1.1" 200 -
INFO:werkzeug:127.0.0.1 - - [20/Jul/2020 11:49:33] "GET /api/saltReturns/apply/20200501000000000000/20200531235959595959 HTTP/1.1" 200 -
INFO:werkzeug:127.0.0.1 - - [20/Jul/2020 11:49:34] "GET /api/saltReturns/apply/20200601000000000000/20200630235959595959 HTTP/1.1" 200 -
INFO:werkzeug:127.0.0.1 - - [20/Jul/2020 11:49:35] "GET /api/saltReturns/apply/20200101000000000000/20201231235959595959 HTTP/1.1" 200 -
INFO:werkzeug:127.0.0.1 - - [20/Jul/2020 12:02:38] "POST /saltstack_cmd HTTP/1.1" 401 -
DEBUG:asyncio:Using selector: EpollSelector
DEBUG:asyncio:Using selector: EpollSelector
INFO:werkzeug: * Running on http://127.0.0.1:5000/ (Press CTRL+C to quit)
INFO:werkzeug:127.0.0.1 - - [20/Jul/2020 12:02:51] "POST /saltstack_cmd HTTP/1.1" 400 -
INFO:werkzeug:127.0.0.1 - - [20/Jul/2020 12:03:04] "GET /static/js/main.01b1c7f4.chunk.js.map HTTP/1.1" 200 -
INFO:werkzeug:127.0.0.1 - - [20/Jul/2020 12:03:04] "GET /static/js/2.9b8cb6e4.chunk.js.map HTTP/1.1" 200 -
INFO:werkzeug:127.0.0.1 - - [20/Jul/2020 12:03:06] "GET /get_connected_minions HTTP/1.1" 200 -
INFO:werkzeug:127.0.0.1 - - [20/Jul/2020 12:03:06] "GET /get_connected_minions HTTP/1.1" 200 -
INFO:werkzeug:127.0.0.1 - - [20/Jul/2020 12:03:13] "POST /saltstack_cmd HTTP/1.1" 200 -
DEBUG:asyncio:Using selector: EpollSelector
DEBUG:asyncio:Using selector: EpollSelector
INFO:werkzeug: * Running on http://127.0.0.1:5000/ (Press CTRL+C to quit)
INFO:werkzeug:127.0.0.1 - - [20/Jul/2020 12:05:32] "POST /auth HTTP/1.1" 201 -
INFO:werkzeug:127.0.0.1 - - [20/Jul/2020 12:05:32] "GET /api/saltReturns/apply/20200720000000000000/20200720235959595959 HTTP/1.1" 200 -
INFO:werkzeug:127.0.0.1 - - [20/Jul/2020 12:05:32] "GET /api/saltReturns/apply/20200720000000000000/20200720235959595959 HTTP/1.1" 200 -
INFO:werkzeug:127.0.0.1 - - [20/Jul/2020 12:05:34] "GET /get_connected_minions HTTP/1.1" 200 -
INFO:werkzeug:127.0.0.1 - - [20/Jul/2020 12:05:34] "GET /get_connected_minions HTTP/1.1" 200 -
ERROR:backend.app:Exception on /saltstack_cmd [POST]
Traceback (most recent call last):
  File "/home/avraham/SaltStack/backend/routes/cmd.py", line 85, in saltstack_cmd
    loop = asyncio.get_event_loop()
  File "/usr/lib/python3.7/asyncio/events.py", line 644, in get_event_loop
    % threading.current_thread().name)
RuntimeError: There is no current event loop in thread 'Thread-7'.

During handling of the above exception, another exception occurred:

Traceback (most recent call last):
  File "/home/avraham/SaltStack/backend/routes/cmd.py", line 88, in saltstack_cmd
    loop.close()
UnboundLocalError: local variable 'loop' referenced before assignment

During handling of the above exception, another exception occurred:

Traceback (most recent call last):
  File "/home/avraham/SaltStack/backend/venv/lib/python3.7/site-packages/flask/app.py", line 2446, in wsgi_app
    response = self.full_dispatch_request()
  File "/home/avraham/SaltStack/backend/venv/lib/python3.7/site-packages/flask/app.py", line 1951, in full_dispatch_request
    rv = self.handle_user_exception(e)
  File "/home/avraham/SaltStack/backend/venv/lib/python3.7/site-packages/flask_cors/extension.py", line 161, in wrapped_function
    return cors_after_request(app.make_response(f(*args, **kwargs)))
  File "/home/avraham/SaltStack/backend/venv/lib/python3.7/site-packages/flask/app.py", line 1820, in handle_user_exception
    reraise(exc_type, exc_value, tb)
  File "/home/avraham/SaltStack/backend/venv/lib/python3.7/site-packages/flask/_compat.py", line 39, in reraise
    raise value
  File "/home/avraham/SaltStack/backend/venv/lib/python3.7/site-packages/flask/app.py", line 1949, in full_dispatch_request
    rv = self.dispatch_request()
  File "/home/avraham/SaltStack/backend/venv/lib/python3.7/site-packages/flask/app.py", line 1935, in dispatch_request
    return self.view_functions[rule.endpoint](**req.view_args)
  File "/home/avraham/SaltStack/backend/venv/lib/python3.7/site-packages/flask_jwt_extended/view_decorators.py", line 108, in wrapper
    return fn(*args, **kwargs)
  File "/home/avraham/SaltStack/backend/routes/cmd.py", line 91, in saltstack_cmd
    return jsonify(res=res)
UnboundLocalError: local variable 'res' referenced before assignment
INFO:werkzeug:127.0.0.1 - - [20/Jul/2020 12:05:38] "POST /saltstack_cmd HTTP/1.1" 500 -
ERROR:backend.app:Exception on /saltstack_cmd [POST]
Traceback (most recent call last):
  File "/home/avraham/SaltStack/backend/routes/cmd.py", line 85, in saltstack_cmd
    loop = asyncio.get_event_loop()
  File "/usr/lib/python3.7/asyncio/events.py", line 644, in get_event_loop
    % threading.current_thread().name)
RuntimeError: There is no current event loop in thread 'Thread-8'.

During handling of the above exception, another exception occurred:

Traceback (most recent call last):
  File "/home/avraham/SaltStack/backend/routes/cmd.py", line 88, in saltstack_cmd
    loop.close()
UnboundLocalError: local variable 'loop' referenced before assignment

During handling of the above exception, another exception occurred:

Traceback (most recent call last):
  File "/home/avraham/SaltStack/backend/venv/lib/python3.7/site-packages/flask/app.py", line 2446, in wsgi_app
    response = self.full_dispatch_request()
  File "/home/avraham/SaltStack/backend/venv/lib/python3.7/site-packages/flask/app.py", line 1951, in full_dispatch_request
    rv = self.handle_user_exception(e)
  File "/home/avraham/SaltStack/backend/venv/lib/python3.7/site-packages/flask_cors/extension.py", line 161, in wrapped_function
    return cors_after_request(app.make_response(f(*args, **kwargs)))
  File "/home/avraham/SaltStack/backend/venv/lib/python3.7/site-packages/flask/app.py", line 1820, in handle_user_exception
    reraise(exc_type, exc_value, tb)
  File "/home/avraham/SaltStack/backend/venv/lib/python3.7/site-packages/flask/_compat.py", line 39, in reraise
    raise value
  File "/home/avraham/SaltStack/backend/venv/lib/python3.7/site-packages/flask/app.py", line 1949, in full_dispatch_request
    rv = self.dispatch_request()
  File "/home/avraham/SaltStack/backend/venv/lib/python3.7/site-packages/flask/app.py", line 1935, in dispatch_request
    return self.view_functions[rule.endpoint](**req.view_args)
  File "/home/avraham/SaltStack/backend/venv/lib/python3.7/site-packages/flask_jwt_extended/view_decorators.py", line 108, in wrapper
    return fn(*args, **kwargs)
  File "/home/avraham/SaltStack/backend/routes/cmd.py", line 91, in saltstack_cmd
    return jsonify(res=res)
UnboundLocalError: local variable 'res' referenced before assignment
INFO:werkzeug:127.0.0.1 - - [20/Jul/2020 12:05:40] "POST /saltstack_cmd HTTP/1.1" 500 -
DEBUG:asyncio:Using selector: EpollSelector
INFO:werkzeug: * Running on http://127.0.0.1:5000/ (Press CTRL+C to quit)
INFO:werkzeug:127.0.0.1 - - [20/Jul/2020 12:07:00] "POST /auth HTTP/1.1" 201 -
INFO:werkzeug:127.0.0.1 - - [20/Jul/2020 12:07:01] "GET /api/saltReturns/apply/20200720000000000000/20200720235959595959 HTTP/1.1" 200 -
INFO:werkzeug:127.0.0.1 - - [20/Jul/2020 12:07:01] "GET /api/saltReturns/apply/20200720000000000000/20200720235959595959 HTTP/1.1" 200 -
INFO:werkzeug:127.0.0.1 - - [20/Jul/2020 12:07:02] "GET /get_connected_minions HTTP/1.1" 200 -
INFO:werkzeug:127.0.0.1 - - [20/Jul/2020 12:07:02] "GET /get_connected_minions HTTP/1.1" 200 -
ERROR:backend.app:Exception on /saltstack_cmd [POST]
Traceback (most recent call last):
  File "/home/avraham/SaltStack/backend/routes/cmd.py", line 86, in saltstack_cmd
    loop = asyncio.get_event_loop()
  File "/usr/lib/python3.7/asyncio/events.py", line 644, in get_event_loop
    % threading.current_thread().name)
RuntimeError: There is no current event loop in thread 'Thread-7'.

During handling of the above exception, another exception occurred:

Traceback (most recent call last):
  File "/home/avraham/SaltStack/backend/routes/cmd.py", line 89, in saltstack_cmd
    loop.close()
UnboundLocalError: local variable 'loop' referenced before assignment

During handling of the above exception, another exception occurred:

Traceback (most recent call last):
  File "/home/avraham/SaltStack/backend/venv/lib/python3.7/site-packages/flask/app.py", line 2446, in wsgi_app
    response = self.full_dispatch_request()
  File "/home/avraham/SaltStack/backend/venv/lib/python3.7/site-packages/flask/app.py", line 1951, in full_dispatch_request
    rv = self.handle_user_exception(e)
  File "/home/avraham/SaltStack/backend/venv/lib/python3.7/site-packages/flask_cors/extension.py", line 161, in wrapped_function
    return cors_after_request(app.make_response(f(*args, **kwargs)))
  File "/home/avraham/SaltStack/backend/venv/lib/python3.7/site-packages/flask/app.py", line 1820, in handle_user_exception
    reraise(exc_type, exc_value, tb)
  File "/home/avraham/SaltStack/backend/venv/lib/python3.7/site-packages/flask/_compat.py", line 39, in reraise
    raise value
  File "/home/avraham/SaltStack/backend/venv/lib/python3.7/site-packages/flask/app.py", line 1949, in full_dispatch_request
    rv = self.dispatch_request()
  File "/home/avraham/SaltStack/backend/venv/lib/python3.7/site-packages/flask/app.py", line 1935, in dispatch_request
    return self.view_functions[rule.endpoint](**req.view_args)
  File "/home/avraham/SaltStack/backend/venv/lib/python3.7/site-packages/flask_jwt_extended/view_decorators.py", line 108, in wrapper
    return fn(*args, **kwargs)
  File "/home/avraham/SaltStack/backend/routes/cmd.py", line 93, in saltstack_cmd
    return jsonify(res=res)
UnboundLocalError: local variable 'res' referenced before assignment
INFO:werkzeug:127.0.0.1 - - [20/Jul/2020 12:07:07] "POST /saltstack_cmd HTTP/1.1" 500 -
DEBUG:asyncio:Using selector: EpollSelector
INFO:werkzeug: * Running on http://127.0.0.1:5000/ (Press CTRL+C to quit)
INFO:werkzeug:127.0.0.1 - - [20/Jul/2020 12:08:02] "POST /auth HTTP/1.1" 201 -
INFO:werkzeug:127.0.0.1 - - [20/Jul/2020 12:08:03] "GET /api/saltReturns/apply/20200720000000000000/20200720235959595959 HTTP/1.1" 200 -
INFO:werkzeug:127.0.0.1 - - [20/Jul/2020 12:08:03] "GET /api/saltReturns/apply/20200720000000000000/20200720235959595959 HTTP/1.1" 200 -
INFO:werkzeug:127.0.0.1 - - [20/Jul/2020 12:08:04] "GET /get_connected_minions HTTP/1.1" 200 -
INFO:werkzeug:127.0.0.1 - - [20/Jul/2020 12:08:04] "GET /get_connected_minions HTTP/1.1" 200 -
DEBUG:asyncio:Using selector: EpollSelector
INFO:werkzeug:127.0.0.1 - - [20/Jul/2020 12:08:12] "POST /saltstack_cmd HTTP/1.1" 200 -
DEBUG:asyncio:Using selector: EpollSelector
DEBUG:asyncio:Using selector: EpollSelector
INFO:werkzeug:127.0.0.1 - - [20/Jul/2020 12:08:22] "POST /saltstack_cmd HTTP/1.1" 200 -
INFO:werkzeug:127.0.0.1 - - [20/Jul/2020 12:08:24] "POST /saltstack_cmd HTTP/1.1" 200 -
DEBUG:asyncio:Using selector: EpollSelector
DEBUG:asyncio:Using selector: EpollSelector
INFO:werkzeug:127.0.0.1 - - [20/Jul/2020 12:08:31] "POST /saltstack_cmd HTTP/1.1" 200 -
INFO:werkzeug:127.0.0.1 - - [20/Jul/2020 12:08:32] "POST /saltstack_cmd HTTP/1.1" 200 -
DEBUG:asyncio:Using selector: EpollSelector
DEBUG:asyncio:Using selector: EpollSelector
INFO:werkzeug:127.0.0.1 - - [20/Jul/2020 12:11:14] "POST /saltstack_cmd HTTP/1.1" 200 -
INFO:werkzeug:127.0.0.1 - - [20/Jul/2020 12:11:17] "POST /saltstack_cmd HTTP/1.1" 200 -
DEBUG:asyncio:Using selector: EpollSelector
INFO:werkzeug:127.0.0.1 - - [20/Jul/2020 12:11:24] "POST /saltstack_cmd HTTP/1.1" 200 -
DEBUG:asyncio:Using selector: EpollSelector
INFO:werkzeug: * Running on http://127.0.0.1:5000/ (Press CTRL+C to quit)
INFO:werkzeug:127.0.0.1 - - [20/Jul/2020 12:12:23] "POST /auth HTTP/1.1" 201 -
INFO:werkzeug:127.0.0.1 - - [20/Jul/2020 12:12:23] "GET /api/saltReturns/apply/20200720000000000000/20200720235959595959 HTTP/1.1" 200 -
INFO:werkzeug:127.0.0.1 - - [20/Jul/2020 12:12:23] "GET /api/saltReturns/apply/20200720000000000000/20200720235959595959 HTTP/1.1" 200 -
INFO:werkzeug:127.0.0.1 - - [20/Jul/2020 12:12:26] "GET /get_connected_minions HTTP/1.1" 200 -
INFO:werkzeug:127.0.0.1 - - [20/Jul/2020 12:12:26] "GET /get_connected_minions HTTP/1.1" 200 -
ERROR:backend.app:Exception on /saltstack_cmd [POST]
Traceback (most recent call last):
  File "/home/avraham/SaltStack/backend/routes/cmd.py", line 86, in saltstack_cmd
    loop = asyncio.get_event_loop()
  File "/usr/lib/python3.7/asyncio/events.py", line 644, in get_event_loop
    % threading.current_thread().name)
RuntimeError: There is no current event loop in thread 'Thread-8'.

During handling of the above exception, another exception occurred:

Traceback (most recent call last):
  File "/home/avraham/SaltStack/backend/routes/cmd.py", line 90, in saltstack_cmd
    loop.close()
UnboundLocalError: local variable 'loop' referenced before assignment

During handling of the above exception, another exception occurred:

Traceback (most recent call last):
  File "/home/avraham/SaltStack/backend/venv/lib/python3.7/site-packages/flask/app.py", line 2446, in wsgi_app
    response = self.full_dispatch_request()
  File "/home/avraham/SaltStack/backend/venv/lib/python3.7/site-packages/flask/app.py", line 1951, in full_dispatch_request
    rv = self.handle_user_exception(e)
  File "/home/avraham/SaltStack/backend/venv/lib/python3.7/site-packages/flask_cors/extension.py", line 161, in wrapped_function
    return cors_after_request(app.make_response(f(*args, **kwargs)))
  File "/home/avraham/SaltStack/backend/venv/lib/python3.7/site-packages/flask/app.py", line 1820, in handle_user_exception
    reraise(exc_type, exc_value, tb)
  File "/home/avraham/SaltStack/backend/venv/lib/python3.7/site-packages/flask/_compat.py", line 39, in reraise
    raise value
  File "/home/avraham/SaltStack/backend/venv/lib/python3.7/site-packages/flask/app.py", line 1949, in full_dispatch_request
    rv = self.dispatch_request()
  File "/home/avraham/SaltStack/backend/venv/lib/python3.7/site-packages/flask/app.py", line 1935, in dispatch_request
    return self.view_functions[rule.endpoint](**req.view_args)
  File "/home/avraham/SaltStack/backend/venv/lib/python3.7/site-packages/flask_jwt_extended/view_decorators.py", line 108, in wrapper
    return fn(*args, **kwargs)
  File "/home/avraham/SaltStack/backend/routes/cmd.py", line 94, in saltstack_cmd
    return jsonify(res=res)
UnboundLocalError: local variable 'res' referenced before assignment
INFO:werkzeug:127.0.0.1 - - [20/Jul/2020 12:12:30] "POST /saltstack_cmd HTTP/1.1" 500 -
ERROR:backend.app:Exception on /saltstack_cmd [POST]
Traceback (most recent call last):
  File "/home/avraham/SaltStack/backend/routes/cmd.py", line 86, in saltstack_cmd
    loop = asyncio.get_event_loop()
  File "/usr/lib/python3.7/asyncio/events.py", line 644, in get_event_loop
    % threading.current_thread().name)
RuntimeError: There is no current event loop in thread 'Thread-9'.

During handling of the above exception, another exception occurred:

Traceback (most recent call last):
  File "/home/avraham/SaltStack/backend/routes/cmd.py", line 90, in saltstack_cmd
    loop.close()
UnboundLocalError: local variable 'loop' referenced before assignment

During handling of the above exception, another exception occurred:

Traceback (most recent call last):
  File "/home/avraham/SaltStack/backend/venv/lib/python3.7/site-packages/flask/app.py", line 2446, in wsgi_app
    response = self.full_dispatch_request()
  File "/home/avraham/SaltStack/backend/venv/lib/python3.7/site-packages/flask/app.py", line 1951, in full_dispatch_request
    rv = self.handle_user_exception(e)
  File "/home/avraham/SaltStack/backend/venv/lib/python3.7/site-packages/flask_cors/extension.py", line 161, in wrapped_function
    return cors_after_request(app.make_response(f(*args, **kwargs)))
  File "/home/avraham/SaltStack/backend/venv/lib/python3.7/site-packages/flask/app.py", line 1820, in handle_user_exception
    reraise(exc_type, exc_value, tb)
  File "/home/avraham/SaltStack/backend/venv/lib/python3.7/site-packages/flask/_compat.py", line 39, in reraise
    raise value
  File "/home/avraham/SaltStack/backend/venv/lib/python3.7/site-packages/flask/app.py", line 1949, in full_dispatch_request
    rv = self.dispatch_request()
  File "/home/avraham/SaltStack/backend/venv/lib/python3.7/site-packages/flask/app.py", line 1935, in dispatch_request
    return self.view_functions[rule.endpoint](**req.view_args)
  File "/home/avraham/SaltStack/backend/venv/lib/python3.7/site-packages/flask_jwt_extended/view_decorators.py", line 108, in wrapper
    return fn(*args, **kwargs)
  File "/home/avraham/SaltStack/backend/routes/cmd.py", line 94, in saltstack_cmd
    return jsonify(res=res)
UnboundLocalError: local variable 'res' referenced before assignment
INFO:werkzeug:127.0.0.1 - - [20/Jul/2020 12:12:32] "POST /saltstack_cmd HTTP/1.1" 500 -
ERROR:backend.app:Exception on /saltstack_cmd [POST]
Traceback (most recent call last):
  File "/home/avraham/SaltStack/backend/routes/cmd.py", line 86, in saltstack_cmd
    loop = asyncio.get_event_loop()
  File "/usr/lib/python3.7/asyncio/events.py", line 644, in get_event_loop
    % threading.current_thread().name)
RuntimeError: There is no current event loop in thread 'Thread-10'.

During handling of the above exception, another exception occurred:

Traceback (most recent call last):
  File "/home/avraham/SaltStack/backend/routes/cmd.py", line 90, in saltstack_cmd
    loop.close()
UnboundLocalError: local variable 'loop' referenced before assignment

During handling of the above exception, another exception occurred:

Traceback (most recent call last):
  File "/home/avraham/SaltStack/backend/venv/lib/python3.7/site-packages/flask/app.py", line 2446, in wsgi_app
    response = self.full_dispatch_request()
  File "/home/avraham/SaltStack/backend/venv/lib/python3.7/site-packages/flask/app.py", line 1951, in full_dispatch_request
    rv = self.handle_user_exception(e)
  File "/home/avraham/SaltStack/backend/venv/lib/python3.7/site-packages/flask_cors/extension.py", line 161, in wrapped_function
    return cors_after_request(app.make_response(f(*args, **kwargs)))
  File "/home/avraham/SaltStack/backend/venv/lib/python3.7/site-packages/flask/app.py", line 1820, in handle_user_exception
    reraise(exc_type, exc_value, tb)
  File "/home/avraham/SaltStack/backend/venv/lib/python3.7/site-packages/flask/_compat.py", line 39, in reraise
    raise value
  File "/home/avraham/SaltStack/backend/venv/lib/python3.7/site-packages/flask/app.py", line 1949, in full_dispatch_request
    rv = self.dispatch_request()
  File "/home/avraham/SaltStack/backend/venv/lib/python3.7/site-packages/flask/app.py", line 1935, in dispatch_request
    return self.view_functions[rule.endpoint](**req.view_args)
  File "/home/avraham/SaltStack/backend/venv/lib/python3.7/site-packages/flask_jwt_extended/view_decorators.py", line 108, in wrapper
    return fn(*args, **kwargs)
  File "/home/avraham/SaltStack/backend/routes/cmd.py", line 94, in saltstack_cmd
    return jsonify(res=res)
UnboundLocalError: local variable 'res' referenced before assignment
INFO:werkzeug:127.0.0.1 - - [20/Jul/2020 12:12:34] "POST /saltstack_cmd HTTP/1.1" 500 -
ERROR:backend.app:Exception on /saltstack_cmd [POST]
Traceback (most recent call last):
  File "/home/avraham/SaltStack/backend/routes/cmd.py", line 86, in saltstack_cmd
    loop = asyncio.get_event_loop()
  File "/usr/lib/python3.7/asyncio/events.py", line 644, in get_event_loop
    % threading.current_thread().name)
RuntimeError: There is no current event loop in thread 'Thread-11'.

During handling of the above exception, another exception occurred:

Traceback (most recent call last):
  File "/home/avraham/SaltStack/backend/routes/cmd.py", line 90, in saltstack_cmd
    loop.close()
UnboundLocalError: local variable 'loop' referenced before assignment

During handling of the above exception, another exception occurred:

Traceback (most recent call last):
  File "/home/avraham/SaltStack/backend/venv/lib/python3.7/site-packages/flask/app.py", line 2446, in wsgi_app
    response = self.full_dispatch_request()
  File "/home/avraham/SaltStack/backend/venv/lib/python3.7/site-packages/flask/app.py", line 1951, in full_dispatch_request
    rv = self.handle_user_exception(e)
  File "/home/avraham/SaltStack/backend/venv/lib/python3.7/site-packages/flask_cors/extension.py", line 161, in wrapped_function
    return cors_after_request(app.make_response(f(*args, **kwargs)))
  File "/home/avraham/SaltStack/backend/venv/lib/python3.7/site-packages/flask/app.py", line 1820, in handle_user_exception
    reraise(exc_type, exc_value, tb)
  File "/home/avraham/SaltStack/backend/venv/lib/python3.7/site-packages/flask/_compat.py", line 39, in reraise
    raise value
  File "/home/avraham/SaltStack/backend/venv/lib/python3.7/site-packages/flask/app.py", line 1949, in full_dispatch_request
    rv = self.dispatch_request()
  File "/home/avraham/SaltStack/backend/venv/lib/python3.7/site-packages/flask/app.py", line 1935, in dispatch_request
    return self.view_functions[rule.endpoint](**req.view_args)
  File "/home/avraham/SaltStack/backend/venv/lib/python3.7/site-packages/flask_jwt_extended/view_decorators.py", line 108, in wrapper
    return fn(*args, **kwargs)
  File "/home/avraham/SaltStack/backend/routes/cmd.py", line 94, in saltstack_cmd
    return jsonify(res=res)
UnboundLocalError: local variable 'res' referenced before assignment
INFO:werkzeug:127.0.0.1 - - [20/Jul/2020 12:12:36] "POST /saltstack_cmd HTTP/1.1" 500 -
DEBUG:asyncio:Using selector: EpollSelector
INFO:werkzeug: * Running on http://127.0.0.1:5000/ (Press CTRL+C to quit)
INFO:werkzeug:127.0.0.1 - - [20/Jul/2020 12:13:04] "POST /auth HTTP/1.1" 201 -
INFO:werkzeug:127.0.0.1 - - [20/Jul/2020 12:13:05] "GET /api/saltReturns/apply/20200720000000000000/20200720235959595959 HTTP/1.1" 200 -
INFO:werkzeug:127.0.0.1 - - [20/Jul/2020 12:13:05] "GET /api/saltReturns/apply/20200720000000000000/20200720235959595959 HTTP/1.1" 200 -
INFO:werkzeug:127.0.0.1 - - [20/Jul/2020 12:13:07] "GET /get_connected_minions HTTP/1.1" 200 -
INFO:werkzeug:127.0.0.1 - - [20/Jul/2020 12:13:07] "GET /get_connected_minions HTTP/1.1" 200 -
DEBUG:asyncio:Using selector: EpollSelector
DEBUG:asyncio:Using selector: EpollSelector
INFO:werkzeug:127.0.0.1 - - [20/Jul/2020 12:13:14] "POST /saltstack_cmd HTTP/1.1" 200 -
INFO:werkzeug:127.0.0.1 - - [20/Jul/2020 12:13:16] "POST /saltstack_cmd HTTP/1.1" 200 -
DEBUG:asyncio:Using selector: EpollSelector
INFO:werkzeug:127.0.0.1 - - [20/Jul/2020 12:13:23] "POST /saltstack_cmd HTTP/1.1" 200 -
DEBUG:asyncio:Using selector: EpollSelector
DEBUG:asyncio:Using selector: EpollSelector
INFO:werkzeug:127.0.0.1 - - [20/Jul/2020 12:13:45] "POST /saltstack_cmd HTTP/1.1" 200 -
INFO:werkzeug:127.0.0.1 - - [20/Jul/2020 12:13:47] "POST /saltstack_cmd HTTP/1.1" 200 -
DEBUG:asyncio:Using selector: EpollSelector
INFO:werkzeug:127.0.0.1 - - [20/Jul/2020 12:13:51] "POST /saltstack_cmd HTTP/1.1" 200 -
DEBUG:asyncio:Using selector: EpollSelector
DEBUG:asyncio:Using selector: EpollSelector
INFO:werkzeug:127.0.0.1 - - [20/Jul/2020 12:16:56] "POST /saltstack_cmd HTTP/1.1" 200 -
INFO:werkzeug:127.0.0.1 - - [20/Jul/2020 12:16:59] "POST /saltstack_cmd HTTP/1.1" 200 -
INFO:werkzeug:127.0.0.1 - - [20/Jul/2020 12:18:04] "GET /api/saltReturns/apply/20200701000000000000/20200731235959595959 HTTP/1.1" 200 -
INFO:werkzeug:127.0.0.1 - - [20/Jul/2020 12:18:06] "GET /api/saltReturns/apply/20200401000000000000/20200430235959595959 HTTP/1.1" 200 -
INFO:werkzeug:127.0.0.1 - - [20/Jul/2020 12:18:06] "GET /api/saltReturns/apply/20200501000000000000/20200531235959595959 HTTP/1.1" 200 -
INFO:werkzeug:127.0.0.1 - - [20/Jul/2020 12:18:07] "GET /api/saltReturns/apply/20200720000000000000/20200720235959595959 HTTP/1.1" 200 -
INFO:werkzeug:127.0.0.1 - - [20/Jul/2020 12:18:07] "GET /api/saltReturns/apply/20200720000000000000/20200720235959595959 HTTP/1.1" 200 -
INFO:werkzeug:127.0.0.1 - - [20/Jul/2020 12:18:07] "GET /api/saltReturns/apply/20200601000000000000/20200630235959595959 HTTP/1.1" 200 -
INFO:werkzeug:127.0.0.1 - - [20/Jul/2020 12:18:08] "GET /get_connected_minions HTTP/1.1" 200 -
INFO:werkzeug:127.0.0.1 - - [20/Jul/2020 12:18:08] "GET /get_connected_minions HTTP/1.1" 200 -
DEBUG:asyncio:Using selector: EpollSelector
DEBUG:asyncio:Using selector: EpollSelector
INFO:werkzeug:127.0.0.1 - - [20/Jul/2020 12:18:16] "POST /saltstack_cmd HTTP/1.1" 200 -
INFO:werkzeug:127.0.0.1 - - [20/Jul/2020 12:18:19] "POST /saltstack_cmd HTTP/1.1" 200 -
DEBUG:asyncio:Using selector: EpollSelector
DEBUG:asyncio:Using selector: EpollSelector
INFO:werkzeug:127.0.0.1 - - [20/Jul/2020 12:18:56] "POST /saltstack_cmd HTTP/1.1" 200 -
DEBUG:asyncio:Using selector: EpollSelector
INFO:werkzeug:127.0.0.1 - - [20/Jul/2020 12:18:58] "POST /saltstack_cmd HTTP/1.1" 200 -
INFO:werkzeug:127.0.0.1 - - [20/Jul/2020 12:19:01] "POST /saltstack_cmd HTTP/1.1" 200 -
DEBUG:asyncio:Using selector: EpollSelector
INFO:werkzeug: * Running on http://127.0.0.1:5000/ (Press CTRL+C to quit)
INFO:werkzeug:127.0.0.1 - - [20/Jul/2020 12:19:30] "POST /auth HTTP/1.1" 201 -
INFO:werkzeug:127.0.0.1 - - [20/Jul/2020 12:19:31] "GET /api/saltReturns/apply/20200720000000000000/20200720235959595959 HTTP/1.1" 200 -
INFO:werkzeug:127.0.0.1 - - [20/Jul/2020 12:19:31] "GET /api/saltReturns/apply/20200720000000000000/20200720235959595959 HTTP/1.1" 200 -
INFO:werkzeug:127.0.0.1 - - [20/Jul/2020 12:19:32] "GET /get_users HTTP/1.1" 200 -
INFO:werkzeug:127.0.0.1 - - [20/Jul/2020 12:19:33] "GET /get_connected_minions HTTP/1.1" 200 -
INFO:werkzeug:127.0.0.1 - - [20/Jul/2020 12:19:33] "GET /get_connected_minions HTTP/1.1" 200 -
DEBUG:asyncio:Using selector: EpollSelector
DEBUG:asyncio:Using selector: EpollSelector
DEBUG:asyncio:Using selector: EpollSelector
INFO:werkzeug:127.0.0.1 - - [20/Jul/2020 12:19:47] "POST /saltstack_cmd HTTP/1.1" 200 -
INFO:werkzeug:127.0.0.1 - - [20/Jul/2020 12:19:49] "POST /saltstack_cmd HTTP/1.1" 200 -
INFO:werkzeug:127.0.0.1 - - [20/Jul/2020 12:19:55] "POST /saltstack_cmd HTTP/1.1" 200 -
DEBUG:asyncio:Using selector: EpollSelector
INFO:werkzeug: * Running on http://127.0.0.1:5000/ (Press CTRL+C to quit)
DEBUG:asyncio:Using selector: EpollSelector
INFO:werkzeug: * Running on http://127.0.0.1:5000/ (Press CTRL+C to quit)
INFO:werkzeug:127.0.0.1 - - [20/Jul/2020 12:40:04] "POST /auth HTTP/1.1" 201 -
INFO:werkzeug:127.0.0.1 - - [20/Jul/2020 12:40:04] "GET /api/saltReturns/apply/20200720000000000000/20200720235959595959 HTTP/1.1" 200 -
INFO:werkzeug:127.0.0.1 - - [20/Jul/2020 12:40:04] "GET /api/saltReturns/apply/20200720000000000000/20200720235959595959 HTTP/1.1" 200 -
INFO:werkzeug:127.0.0.1 - - [20/Jul/2020 12:40:06] "GET /get_users HTTP/1.1" 200 -
INFO:werkzeug:127.0.0.1 - - [20/Jul/2020 12:40:08] "GET /get_connected_minions HTTP/1.1" 200 -
INFO:werkzeug:127.0.0.1 - - [20/Jul/2020 12:40:08] "GET /get_connected_minions HTTP/1.1" 200 -
DEBUG:asyncio:Using selector: EpollSelector
DEBUG:asyncio:Using selector: EpollSelector
INFO:werkzeug:127.0.0.1 - - [20/Jul/2020 12:40:24] "GET /get_users HTTP/1.1" 200 -
INFO:werkzeug:127.0.0.1 - - [20/Jul/2020 12:40:26] "POST /saltstack_cmd HTTP/1.1" 200 -
INFO:werkzeug:127.0.0.1 - - [20/Jul/2020 12:40:29] "POST /saltstack_cmd HTTP/1.1" 200 -
INFO:werkzeug:127.0.0.1 - - [20/Jul/2020 12:40:30] "GET /api/saltReturns/apply/20200720000000000000/20200720235959595959 HTTP/1.1" 200 -
INFO:werkzeug:127.0.0.1 - - [20/Jul/2020 12:40:30] "GET /api/saltReturns/apply/20200720000000000000/20200720235959595959 HTTP/1.1" 200 -
INFO:werkzeug:127.0.0.1 - - [20/Jul/2020 12:40:35] "GET /api/saltReturns/apply/20200101000000000000/20201231235959595959 HTTP/1.1" 200 -
INFO:werkzeug:127.0.0.1 - - [20/Jul/2020 12:40:39] "GET /api/saltReturns/apply/20200401000000000000/20200430235959595959 HTTP/1.1" 200 -
INFO:werkzeug:127.0.0.1 - - [20/Jul/2020 12:40:40] "GET /api/saltReturns/apply/20200501000000000000/20200531235959595959 HTTP/1.1" 200 -
INFO:werkzeug:127.0.0.1 - - [20/Jul/2020 12:40:41] "GET /api/saltReturns/apply/20200601000000000000/20200630235959595959 HTTP/1.1" 200 -
INFO:werkzeug:127.0.0.1 - - [20/Jul/2020 12:40:52] "GET /api/saltReturns/apply/20200701000000000000/20200731235959595959 HTTP/1.1" 200 -
INFO:werkzeug:127.0.0.1 - - [20/Jul/2020 12:40:56] "GET /get_users HTTP/1.1" 200 -
INFO:werkzeug:127.0.0.1 - - [20/Jul/2020 12:40:58] "GET /get_connected_minions HTTP/1.1" 200 -
INFO:werkzeug:127.0.0.1 - - [20/Jul/2020 12:40:58] "GET /get_connected_minions HTTP/1.1" 200 -
INFO:werkzeug:127.0.0.1 - - [20/Jul/2020 12:40:59] "GET /api/saltReturns/apply/20200720000000000000/20200720235959595959 HTTP/1.1" 200 -
INFO:werkzeug:127.0.0.1 - - [20/Jul/2020 12:40:59] "GET /api/saltReturns/apply/20200720000000000000/20200720235959595959 HTTP/1.1" 200 -
INFO:werkzeug:127.0.0.1 - - [20/Jul/2020 12:42:45] "GET /get_users HTTP/1.1" 200 -
INFO:werkzeug:127.0.0.1 - - [20/Jul/2020 12:42:45] "GET /get_connected_minions HTTP/1.1" 200 -
INFO:werkzeug:127.0.0.1 - - [20/Jul/2020 12:42:45] "GET /get_connected_minions HTTP/1.1" 200 -
INFO:werkzeug:127.0.0.1 - - [20/Jul/2020 12:42:46] "GET /api/saltReturns/apply/20200720000000000000/20200720235959595959 HTTP/1.1" 200 -
INFO:werkzeug:127.0.0.1 - - [20/Jul/2020 12:42:46] "GET /api/saltReturns/apply/20200720000000000000/20200720235959595959 HTTP/1.1" 200 -
INFO:werkzeug:127.0.0.1 - - [20/Jul/2020 12:42:47] "GET /get_connected_minions HTTP/1.1" 200 -
INFO:werkzeug:127.0.0.1 - - [20/Jul/2020 12:42:47] "GET /get_connected_minions HTTP/1.1" 200 -
INFO:werkzeug:127.0.0.1 - - [20/Jul/2020 12:43:09] "GET /get_users HTTP/1.1" 200 -
INFO:werkzeug:127.0.0.1 - - [20/Jul/2020 12:43:10] "GET /get_connected_minions HTTP/1.1" 200 -
INFO:werkzeug:127.0.0.1 - - [20/Jul/2020 12:43:10] "GET /get_connected_minions HTTP/1.1" 200 -
INFO:werkzeug:127.0.0.1 - - [20/Jul/2020 12:43:11] "GET /api/saltReturns/apply/20200720000000000000/20200720235959595959 HTTP/1.1" 200 -
INFO:werkzeug:127.0.0.1 - - [20/Jul/2020 12:43:11] "GET /api/saltReturns/apply/20200720000000000000/20200720235959595959 HTTP/1.1" 200 -
INFO:werkzeug:127.0.0.1 - - [20/Jul/2020 12:43:13] "GET /get_users HTTP/1.1" 200 -
DEBUG:asyncio:Using selector: EpollSelector
INFO:werkzeug: * Running on http://127.0.0.1:5000/ (Press CTRL+C to quit)
INFO:werkzeug:127.0.0.1 - - [20/Jul/2020 14:41:42] "GET /static/js/main.01b1c7f4.chunk.js HTTP/1.1" 200 -
INFO:werkzeug:127.0.0.1 - - [20/Jul/2020 14:41:42] "GET /static/css/main.c6281679.chunk.css HTTP/1.1" 200 -
INFO:werkzeug:127.0.0.1 - - [20/Jul/2020 14:41:42] "GET /logo192.png HTTP/1.1" 404 -
INFO:werkzeug:127.0.0.1 - - [20/Jul/2020 14:41:43] "GET /favicon.ico HTTP/1.1" 200 -
INFO:werkzeug:127.0.0.1 - - [20/Jul/2020 14:41:47] "POST /auth HTTP/1.1" 201 -
INFO:werkzeug:127.0.0.1 - - [20/Jul/2020 14:41:47] "GET /api/saltReturns/apply/20200720000000000000/20200720235959595959 HTTP/1.1" 200 -
INFO:werkzeug:127.0.0.1 - - [20/Jul/2020 14:41:47] "GET /api/saltReturns/apply/20200720000000000000/20200720235959595959 HTTP/1.1" 200 -
INFO:werkzeug:127.0.0.1 - - [20/Jul/2020 14:41:49] "GET /get_connected_minions HTTP/1.1" 200 -
INFO:werkzeug:127.0.0.1 - - [20/Jul/2020 14:41:49] "GET /get_connected_minions HTTP/1.1" 200 -
INFO:werkzeug:127.0.0.1 - - [20/Jul/2020 14:41:49] "GET /get_users HTTP/1.1" 200 -
INFO:werkzeug:127.0.0.1 - - [20/Jul/2020 14:42:04] "GET /get_users HTTP/1.1" 200 -
INFO:werkzeug:127.0.0.1 - - [20/Jul/2020 14:42:07] "GET /api/saltReturns/apply/20200720000000000000/20200720235959595959 HTTP/1.1" 200 -
INFO:werkzeug:127.0.0.1 - - [20/Jul/2020 14:42:07] "GET /api/saltReturns/apply/20200720000000000000/20200720235959595959 HTTP/1.1" 200 -
INFO:werkzeug:127.0.0.1 - - [20/Jul/2020 15:30:08] "GET /api/saltReturns/apply/20200401000000000000/20200430235959595959 HTTP/1.1" 200 -
INFO:werkzeug:127.0.0.1 - - [20/Jul/2020 15:30:09] "GET /api/saltReturns/apply/20200501000000000000/20200531235959595959 HTTP/1.1" 200 -
INFO:werkzeug:127.0.0.1 - - [20/Jul/2020 15:30:10] "GET /api/saltReturns/apply/20200601000000000000/20200630235959595959 HTTP/1.1" 200 -
INFO:werkzeug:127.0.0.1 - - [20/Jul/2020 15:30:15] "GET /api/saltReturns/apply/20200101000000000000/20201231235959595959 HTTP/1.1" 200 -
